2026-07-02 11:51:07.306 +03:00 [INF] User profile is available. Using 'C:\Users\mustafa\AppData\Local\ASP.NET\DataProtection-Keys' as key repository and Windows DPAPI to encrypt keys at rest.
2026-07-02 11:51:07.423 +03:00 [ERR] Hosting failed to start
System.IO.IOException: Failed to bind to address http://127.0.0.1:5128: address already in use.
 ---> Microsoft.AspNetCore.Connections.AddressInUseException: Normal olarak her yuva adresi (iletişim kuralı/ağ adresi/bağlantı noktası) için yalnızca bir kullanıma izin veriliyor.
 ---> System.Net.Sockets.SocketException (10048): Normal olarak her yuva adresi (iletişim kuralı/ağ adresi/bağlantı noktası) için yalnızca bir kullanıma izin veriliyor.
   at System.Net.Sockets.Socket.UpdateStatusAfterSocketErrorAndThrowException(SocketError error, Boolean disconnectOnFailure, String callerName)
   at System.Net.Sockets.Socket.DoBind(EndPoint endPointSnapshot, SocketAddress socketAddress)
   at System.Net.Sockets.Socket.Bind(EndPoint localEP)
   at Microsoft.AspNetCore.Server.Kestrel.Transport.Sockets.SocketTransportOptions.CreateDefaultBoundListenSocket(EndPoint endpoint)
   at Microsoft.AspNetCore.Server.Kestrel.Transport.Sockets.SocketConnectionListener.Bind()
   --- End of inner exception stack trace ---
   at Microsoft.AspNetCore.Server.Kestrel.Transport.Sockets.SocketConnectionListener.Bind()
   at Microsoft.AspNetCore.Server.Kestrel.Transport.Sockets.SocketTransportFactory.BindAsync(EndPoint endpoint, CancellationToken cancellationToken)
   at Microsoft.AspNetCore.Server.Kestrel.Core.Internal.Infrastructure.TransportManager.BindAsync(EndPoint endPoint, ConnectionDelegate connectionDelegate, EndpointConfig endpointConfig, CancellationToken cancellationToken)
   at Microsoft.AspNetCore.Server.Kestrel.Core.KestrelServerImpl.<>c__DisplayClass28_0`1.<<StartAsync>g__OnBind|0>d.MoveNext()
--- End of stack trace from previous location ---
   at Microsoft.AspNetCore.Server.Kestrel.Core.Internal.AddressBinder.BindEndpointAsync(ListenOptions endpoint, AddressBindContext context, CancellationToken cancellationToken)
   --- End of inner exception stack trace ---
   at Microsoft.AspNetCore.Server.Kestrel.Core.Internal.AddressBinder.BindEndpointAsync(ListenOptions endpoint, AddressBindContext context, CancellationToken cancellationToken)
   at Microsoft.AspNetCore.Server.Kestrel.Core.LocalhostListenOptions.BindAsync(AddressBindContext context, CancellationToken cancellationToken)
   at Microsoft.AspNetCore.Server.Kestrel.Core.Internal.AddressBinder.AddressesStrategy.BindAsync(AddressBindContext context, CancellationToken cancellationToken)
   at Microsoft.AspNetCore.Server.Kestrel.Core.KestrelServerImpl.BindAsync(CancellationToken cancellationToken)
   at Microsoft.AspNetCore.Server.Kestrel.Core.KestrelServerImpl.StartAsync[TContext](IHttpApplication`1 application, CancellationToken cancellationToken)
   at Microsoft.AspNetCore.Hosting.GenericWebHostService.StartAsync(CancellationToken cancellationToken)
   at Microsoft.Extensions.Hosting.Internal.Host.<StartAsync>b__14_1(IHostedService service, CancellationToken token)
   at Microsoft.Extensions.Hosting.Internal.Host.ForeachService[T](IEnumerable`1 services, CancellationToken token, Boolean concurrent, Boolean abortOnFirstException, List`1 exceptions, Func`3 operation)
2026-07-02 11:51:07.436 +03:00 [FTL] Application terminated unexpectedly
System.IO.IOException: Failed to bind to address http://127.0.0.1:5128: address already in use.
 ---> Microsoft.AspNetCore.Connections.AddressInUseException: Normal olarak her yuva adresi (iletişim kuralı/ağ adresi/bağlantı noktası) için yalnızca bir kullanıma izin veriliyor.
 ---> System.Net.Sockets.SocketException (10048): Normal olarak her yuva adresi (iletişim kuralı/ağ adresi/bağlantı noktası) için yalnızca bir kullanıma izin veriliyor.
   at System.Net.Sockets.Socket.UpdateStatusAfterSocketErrorAndThrowException(SocketError error, Boolean disconnectOnFailure, String callerName)
   at System.Net.Sockets.Socket.DoBind(EndPoint endPointSnapshot, SocketAddress socketAddress)
   at System.Net.Sockets.Socket.Bind(EndPoint localEP)
   at Microsoft.AspNetCore.Server.Kestrel.Transport.Sockets.SocketTransportOptions.CreateDefaultBoundListenSocket(EndPoint endpoint)
   at Microsoft.AspNetCore.Server.Kestrel.Transport.Sockets.SocketConnectionListener.Bind()
   --- End of inner exception stack trace ---
   at Microsoft.AspNetCore.Server.Kestrel.Transport.Sockets.SocketConnectionListener.Bind()
   at Microsoft.AspNetCore.Server.Kestrel.Transport.Sockets.SocketTransportFactory.BindAsync(EndPoint endpoint, CancellationToken cancellationToken)
   at Microsoft.AspNetCore.Server.Kestrel.Core.Internal.Infrastructure.TransportManager.BindAsync(EndPoint endPoint, ConnectionDelegate connectionDelegate, EndpointConfig endpointConfig, CancellationToken cancellationToken)
   at Microsoft.AspNetCore.Server.Kestrel.Core.KestrelServerImpl.<>c__DisplayClass28_0`1.<<StartAsync>g__OnBind|0>d.MoveNext()
--- End of stack trace from previous location ---
   at Microsoft.AspNetCore.Server.Kestrel.Core.Internal.AddressBinder.BindEndpointAsync(ListenOptions endpoint, AddressBindContext context, CancellationToken cancellationToken)
   --- End of inner exception stack trace ---
   at Microsoft.AspNetCore.Server.Kestrel.Core.Internal.AddressBinder.BindEndpointAsync(ListenOptions endpoint, AddressBindContext context, CancellationToken cancellationToken)
   at Microsoft.AspNetCore.Server.Kestrel.Core.LocalhostListenOptions.BindAsync(AddressBindContext context, CancellationToken cancellationToken)
   at Microsoft.AspNetCore.Server.Kestrel.Core.Internal.AddressBinder.AddressesStrategy.BindAsync(AddressBindContext context, CancellationToken cancellationToken)
   at Microsoft.AspNetCore.Server.Kestrel.Core.KestrelServerImpl.BindAsync(CancellationToken cancellationToken)
   at Microsoft.AspNetCore.Server.Kestrel.Core.KestrelServerImpl.StartAsync[TContext](IHttpApplication`1 application, CancellationToken cancellationToken)
   at Microsoft.AspNetCore.Hosting.GenericWebHostService.StartAsync(CancellationToken cancellationToken)
   at Microsoft.Extensions.Hosting.Internal.Host.<StartAsync>b__14_1(IHostedService service, CancellationToken token)
   at Microsoft.Extensions.Hosting.Internal.Host.ForeachService[T](IEnumerable`1 services, CancellationToken token, Boolean concurrent, Boolean abortOnFirstException, List`1 exceptions, Func`3 operation)
   at Microsoft.Extensions.Hosting.Internal.Host.StartAsync(CancellationToken cancellationToken)
   at Microsoft.Extensions.Hosting.HostingAbstractionsHostExtensions.RunAsync(IHost host, CancellationToken token)
   at Microsoft.Extensions.Hosting.HostingAbstractionsHostExtensions.RunAsync(IHost host, CancellationToken token)
   at Microsoft.Extensions.Hosting.HostingAbstractionsHostExtensions.Run(IHost host)
   at Program.<Main>$(String[] args) in C:\Users\mustafa\Desktop\algı yönetimi\RealityLens\apps\api\src\RealityLens.Presentation\Program.cs:line 97
2026-07-02 11:59:16.701 +03:00 [INF] User profile is available. Using 'C:\Users\mustafa\AppData\Local\ASP.NET\DataProtection-Keys' as key repository and Windows DPAPI to encrypt keys at rest.
2026-07-02 11:59:16.764 +03:00 [INF] Now listening on: http://localhost:5128
2026-07-02 11:59:16.766 +03:00 [INF] Application started. Press Ctrl+C to shut down.
2026-07-02 11:59:16.766 +03:00 [INF] Hosting environment: Development
2026-07-02 11:59:16.766 +03:00 [INF] Content root path: C:\Users\mustafa\Desktop\algı yönetimi\RealityLens\apps\api\src\RealityLens.Presentation
2026-07-02 12:01:40.552 +03:00 [INF] Request starting HTTP/1.1 POST http://localhost:5128/api/auth/login - application/json 59
2026-07-02 12:01:40.575 +03:00 [WRN] Failed to determine the https port for redirect.
2026-07-02 12:01:40.590 +03:00 [INF] Executing endpoint 'RealityLens.Presentation.Controllers.AuthController.Login (RealityLens.Presentation)'
2026-07-02 12:01:40.603 +03:00 [INF] Route matched with {action = "Login", controller = "Auth"}. Executing controller action with signature System.Threading.Tasks.Task`1[Microsoft.AspNetCore.Mvc.IActionResult] Login(RealityLens.Application.DTOs.Auth.LoginRequest, System.Threading.CancellationToken) on controller RealityLens.Presentation.Controllers.AuthController (RealityLens.Presentation).
2026-07-02 12:01:41.817 +03:00 [INF] Executed DbCommand (28ms) [Parameters=[@__request_Email_0='?'], CommandType='"Text"', CommandTimeout='30']
SELECT u."Id", u."CreatedAt", u."Email", u."IsActive", u."PasswordHash", u."RoleId", u."UpdatedAt", r."Id", r."CreatedAt", r."Name", r."UpdatedAt"
FROM "Users" AS u
INNER JOIN "Roles" AS r ON u."RoleId" = r."Id"
WHERE u."Email" = @__request_Email_0
LIMIT 1
2026-07-02 12:01:42.009 +03:00 [INF] Executed DbCommand (4ms) [Parameters=[@p0='?' (DbType = Guid), @p1='?' (DbType = DateTime), @p2='?' (DbType = DateTime), @p3='?' (DbType = DateTime), @p4='?', @p5='?' (DbType = DateTime), @p6='?' (DbType = Guid)], CommandType='"Text"', CommandTimeout='30']
INSERT INTO "RefreshTokens" ("Id", "CreatedAt", "ExpiresAt", "RevokedAt", "Token", "UpdatedAt", "UserId")
VALUES (@p0, @p1, @p2, @p3, @p4, @p5, @p6);
2026-07-02 12:01:42.018 +03:00 [INF] Executing OkObjectResult, writing value of type 'RealityLens.Application.DTOs.Auth.AuthenticationResponse'.
2026-07-02 12:01:42.032 +03:00 [INF] Executed action RealityLens.Presentation.Controllers.AuthController.Login (RealityLens.Presentation) in 1427.0579ms
2026-07-02 12:01:42.035 +03:00 [INF] Executed endpoint 'RealityLens.Presentation.Controllers.AuthController.Login (RealityLens.Presentation)'
2026-07-02 12:01:42.037 +03:00 [INF] HTTP POST /api/auth/login responded 200 in 1461.3605 ms
2026-07-02 12:01:42.042 +03:00 [INF] Request finished HTTP/1.1 POST http://localhost:5128/api/auth/login - 200 null application/json; charset=utf-8 1490.6712ms
2026-07-02 12:02:07.892 +03:00 [INF] Request starting HTTP/1.1 POST http://localhost:5128/api/auth/login - application/json 59
2026-07-02 12:02:07.895 +03:00 [INF] Executing endpoint 'RealityLens.Presentation.Controllers.AuthController.Login (RealityLens.Presentation)'
2026-07-02 12:02:07.895 +03:00 [INF] Route matched with {action = "Login", controller = "Auth"}. Executing controller action with signature System.Threading.Tasks.Task`1[Microsoft.AspNetCore.Mvc.IActionResult] Login(RealityLens.Application.DTOs.Auth.LoginRequest, System.Threading.CancellationToken) on controller RealityLens.Presentation.Controllers.AuthController (RealityLens.Presentation).
2026-07-02 12:02:07.937 +03:00 [INF] Executed DbCommand (1ms) [Parameters=[@__request_Email_0='?'], CommandType='"Text"', CommandTimeout='30']
SELECT u."Id", u."CreatedAt", u."Email", u."IsActive", u."PasswordHash", u."RoleId", u."UpdatedAt", r."Id", r."CreatedAt", r."Name", r."UpdatedAt"
FROM "Users" AS u
INNER JOIN "Roles" AS r ON u."RoleId" = r."Id"
WHERE u."Email" = @__request_Email_0
LIMIT 1
2026-07-02 12:02:07.992 +03:00 [INF] Executed DbCommand (2ms) [Parameters=[@p0='?' (DbType = Guid), @p1='?' (DbType = DateTime), @p2='?' (DbType = DateTime), @p3='?' (DbType = DateTime), @p4='?', @p5='?' (DbType = DateTime), @p6='?' (DbType = Guid)], CommandType='"Text"', CommandTimeout='30']
INSERT INTO "RefreshTokens" ("Id", "CreatedAt", "ExpiresAt", "RevokedAt", "Token", "UpdatedAt", "UserId")
VALUES (@p0, @p1, @p2, @p3, @p4, @p5, @p6);
2026-07-02 12:02:07.993 +03:00 [INF] Executing OkObjectResult, writing value of type 'RealityLens.Application.DTOs.Auth.AuthenticationResponse'.
2026-07-02 12:02:07.993 +03:00 [INF] Executed action RealityLens.Presentation.Controllers.AuthController.Login (RealityLens.Presentation) in 97.997ms
2026-07-02 12:02:07.993 +03:00 [INF] Executed endpoint 'RealityLens.Presentation.Controllers.AuthController.Login (RealityLens.Presentation)'
2026-07-02 12:02:07.993 +03:00 [INF] HTTP POST /api/auth/login responded 200 in 99.4832 ms
2026-07-02 12:02:07.994 +03:00 [INF] Request finished HTTP/1.1 POST http://localhost:5128/api/auth/login - 200 null application/json; charset=utf-8 101.8579ms
2026-07-02 12:03:34.488 +03:00 [INF] Request starting HTTP/1.1 POST http://localhost:5128/api/auth/login - application/json 51
2026-07-02 12:03:34.490 +03:00 [INF] Executing endpoint 'RealityLens.Presentation.Controllers.AuthController.Login (RealityLens.Presentation)'
2026-07-02 12:03:34.490 +03:00 [INF] Route matched with {action = "Login", controller = "Auth"}. Executing controller action with signature System.Threading.Tasks.Task`1[Microsoft.AspNetCore.Mvc.IActionResult] Login(RealityLens.Application.DTOs.Auth.LoginRequest, System.Threading.CancellationToken) on controller RealityLens.Presentation.Controllers.AuthController (RealityLens.Presentation).
2026-07-02 12:03:34.498 +03:00 [INF] Executing BadRequestObjectResult, writing value of type 'Microsoft.AspNetCore.Mvc.ValidationProblemDetails'.
2026-07-02 12:03:34.517 +03:00 [INF] Executed action RealityLens.Presentation.Controllers.AuthController.Login (RealityLens.Presentation) in 26.9083ms
2026-07-02 12:03:34.517 +03:00 [INF] Executed endpoint 'RealityLens.Presentation.Controllers.AuthController.Login (RealityLens.Presentation)'
2026-07-02 12:03:34.517 +03:00 [INF] HTTP POST /api/auth/login responded 400 in 28.8218 ms
2026-07-02 12:03:34.517 +03:00 [INF] Request finished HTTP/1.1 POST http://localhost:5128/api/auth/login - 400 null application/problem+json; charset=utf-8 29.7124ms
2026-07-02 12:03:46.774 +03:00 [INF] Request starting HTTP/1.1 POST http://localhost:5128/api/auth/login - application/json 59
2026-07-02 12:03:46.775 +03:00 [INF] Executing endpoint 'RealityLens.Presentation.Controllers.AuthController.Login (RealityLens.Presentation)'
2026-07-02 12:03:46.775 +03:00 [INF] Route matched with {action = "Login", controller = "Auth"}. Executing controller action with signature System.Threading.Tasks.Task`1[Microsoft.AspNetCore.Mvc.IActionResult] Login(RealityLens.Application.DTOs.Auth.LoginRequest, System.Threading.CancellationToken) on controller RealityLens.Presentation.Controllers.AuthController (RealityLens.Presentation).
2026-07-02 12:03:46.785 +03:00 [INF] Executed DbCommand (1ms) [Parameters=[@__request_Email_0='?'], CommandType='"Text"', CommandTimeout='30']
SELECT u."Id", u."CreatedAt", u."Email", u."IsActive", u."PasswordHash", u."RoleId", u."UpdatedAt", r."Id", r."CreatedAt", r."Name", r."UpdatedAt"
FROM "Users" AS u
INNER JOIN "Roles" AS r ON u."RoleId" = r."Id"
WHERE u."Email" = @__request_Email_0
LIMIT 1
2026-07-02 12:03:46.840 +03:00 [INF] Executed DbCommand (1ms) [Parameters=[@p0='?' (DbType = Guid), @p1='?' (DbType = DateTime), @p2='?' (DbType = DateTime), @p3='?' (DbType = DateTime), @p4='?', @p5='?' (DbType = DateTime), @p6='?' (DbType = Guid)], CommandType='"Text"', CommandTimeout='30']
INSERT INTO "RefreshTokens" ("Id", "CreatedAt", "ExpiresAt", "RevokedAt", "Token", "UpdatedAt", "UserId")
VALUES (@p0, @p1, @p2, @p3, @p4, @p5, @p6);
2026-07-02 12:03:46.841 +03:00 [INF] Executing OkObjectResult, writing value of type 'RealityLens.Application.DTOs.Auth.AuthenticationResponse'.
2026-07-02 12:03:46.841 +03:00 [INF] Executed action RealityLens.Presentation.Controllers.AuthController.Login (RealityLens.Presentation) in 65.9172ms
2026-07-02 12:03:46.841 +03:00 [INF] Executed endpoint 'RealityLens.Presentation.Controllers.AuthController.Login (RealityLens.Presentation)'
2026-07-02 12:03:46.841 +03:00 [INF] HTTP POST /api/auth/login responded 200 in 66.4213 ms
2026-07-02 12:03:46.841 +03:00 [INF] Request finished HTTP/1.1 POST http://localhost:5128/api/auth/login - 200 null application/json; charset=utf-8 66.972ms
2026-07-02 12:04:34.979 +03:00 [INF] Request starting HTTP/1.1 OPTIONS http://localhost:5128/api/auth/login - null null
2026-07-02 12:04:34.980 +03:00 [INF] CORS policy execution successful.
2026-07-02 12:04:34.982 +03:00 [INF] HTTP OPTIONS /api/auth/login responded 204 in 1.9863 ms
2026-07-02 12:04:34.982 +03:00 [INF] Request finished HTTP/1.1 OPTIONS http://localhost:5128/api/auth/login - 204 null null 2.4772ms
2026-07-02 12:40:11.400 +03:00 [INF] Request starting HTTP/1.1 GET http://localhost:5128/swagger/v1/swagger.json - null null
2026-07-02 12:40:11.476 +03:00 [INF] Request finished HTTP/1.1 GET http://localhost:5128/swagger/v1/swagger.json - 200 null application/json;charset=utf-8 75.6376ms
2026-07-02 13:08:33.955 +03:00 [INF] Request starting HTTP/1.1 GET http://localhost:5128/swagger/index.html - null null
2026-07-02 13:08:34.005 +03:00 [INF] Request finished HTTP/1.1 GET http://localhost:5128/swagger/index.html - 200 null text/html;charset=utf-8 49.5844ms
2026-07-02 13:08:34.028 +03:00 [INF] Request starting HTTP/1.1 GET http://localhost:5128/swagger/swagger-ui.css - null null
2026-07-02 13:08:34.030 +03:00 [INF] Request starting HTTP/1.1 GET http://localhost:5128/swagger/index.css - null null
2026-07-02 13:08:34.032 +03:00 [INF] Request starting HTTP/1.1 GET http://localhost:5128/swagger/swagger-ui-bundle.js - null null
2026-07-02 13:08:34.033 +03:00 [INF] Request starting HTTP/1.1 GET http://localhost:5128/swagger/swagger-ui-standalone-preset.js - null null
2026-07-02 13:08:34.033 +03:00 [INF] Request starting HTTP/1.1 GET http://localhost:5128/swagger/index.js - null null
2026-07-02 13:08:34.034 +03:00 [INF] Request finished HTTP/1.1 GET http://localhost:5128/swagger/index.js - 200 null application/javascript;charset=utf-8 0.8295ms
2026-07-02 13:08:34.038 +03:00 [INF] Sending file. Request path: '/index.css'. Physical path: 'N/A'
2026-07-02 13:08:34.038 +03:00 [INF] Request finished HTTP/1.1 GET http://localhost:5128/swagger/index.css - 200 202 text/css 7.8374ms
2026-07-02 13:08:34.043 +03:00 [INF] Sending file. Request path: '/swagger-ui.css'. Physical path: 'N/A'
2026-07-02 13:08:34.044 +03:00 [INF] Request finished HTTP/1.1 GET http://localhost:5128/swagger/swagger-ui.css - 200 154948 text/css 15.1513ms
2026-07-02 13:08:34.047 +03:00 [INF] Sending file. Request path: '/swagger-ui-standalone-preset.js'. Physical path: 'N/A'
2026-07-02 13:08:34.048 +03:00 [INF] Request finished HTTP/1.1 GET http://localhost:5128/swagger/swagger-ui-standalone-preset.js - 200 229223 text/javascript 15.3727ms
2026-07-02 13:08:34.073 +03:00 [INF] Sending file. Request path: '/swagger-ui-bundle.js'. Physical path: 'N/A'
2026-07-02 13:08:34.073 +03:00 [INF] Request finished HTTP/1.1 GET http://localhost:5128/swagger/swagger-ui-bundle.js - 200 1466324 text/javascript 41.2431ms
2026-07-02 13:08:34.380 +03:00 [INF] Request starting HTTP/1.1 GET http://localhost:5128/swagger/v1/swagger.json - null null
2026-07-02 13:08:34.388 +03:00 [INF] Request finished HTTP/1.1 GET http://localhost:5128/swagger/v1/swagger.json - 200 null application/json;charset=utf-8 8.6245ms
2026-07-02 13:08:34.406 +03:00 [INF] Request starting HTTP/1.1 GET http://localhost:5128/swagger/favicon-32x32.png - null null
2026-07-02 13:08:34.406 +03:00 [INF] Sending file. Request path: '/favicon-32x32.png'. Physical path: 'N/A'
2026-07-02 13:08:34.406 +03:00 [INF] Request finished HTTP/1.1 GET http://localhost:5128/swagger/favicon-32x32.png - 200 628 image/png 0.7071ms
2026-07-02 13:09:18.146 +03:00 [INF] Request starting HTTP/1.1 POST http://localhost:5128/api/auth/login - application/json 59
2026-07-02 13:09:18.147 +03:00 [INF] CORS policy execution successful.
2026-07-02 13:09:18.148 +03:00 [INF] Executing endpoint 'RealityLens.Presentation.Controllers.AuthController.Login (RealityLens.Presentation)'
2026-07-02 13:09:18.148 +03:00 [INF] Route matched with {action = "Login", controller = "Auth"}. Executing controller action with signature System.Threading.Tasks.Task`1[Microsoft.AspNetCore.Mvc.IActionResult] Login(RealityLens.Application.DTOs.Auth.LoginRequest, System.Threading.CancellationToken) on controller RealityLens.Presentation.Controllers.AuthController (RealityLens.Presentation).
2026-07-02 13:09:18.357 +03:00 [INF] Executed DbCommand (13ms) [Parameters=[@__request_Email_0='?'], CommandType='"Text"', CommandTimeout='30']
SELECT u."Id", u."CreatedAt", u."Email", u."IsActive", u."PasswordHash", u."RoleId", u."UpdatedAt", r."Id", r."CreatedAt", r."Name", r."UpdatedAt"
FROM "Users" AS u
INNER JOIN "Roles" AS r ON u."RoleId" = r."Id"
WHERE u."Email" = @__request_Email_0
LIMIT 1
2026-07-02 13:09:18.464 +03:00 [INF] Executed DbCommand (7ms) [Parameters=[@p0='?' (DbType = Guid), @p1='?' (DbType = DateTime), @p2='?' (DbType = DateTime), @p3='?' (DbType = DateTime), @p4='?', @p5='?' (DbType = DateTime), @p6='?' (DbType = Guid)], CommandType='"Text"', CommandTimeout='30']
INSERT INTO "RefreshTokens" ("Id", "CreatedAt", "ExpiresAt", "RevokedAt", "Token", "UpdatedAt", "UserId")
VALUES (@p0, @p1, @p2, @p3, @p4, @p5, @p6);
2026-07-02 13:09:18.465 +03:00 [INF] Executing OkObjectResult, writing value of type 'RealityLens.Application.DTOs.Auth.AuthenticationResponse'.
2026-07-02 13:09:18.466 +03:00 [INF] Executed action RealityLens.Presentation.Controllers.AuthController.Login (RealityLens.Presentation) in 318.0873ms
2026-07-02 13:09:18.466 +03:00 [INF] Executed endpoint 'RealityLens.Presentation.Controllers.AuthController.Login (RealityLens.Presentation)'
2026-07-02 13:09:18.466 +03:00 [INF] HTTP POST /api/auth/login responded 200 in 319.8526 ms
2026-07-02 13:09:18.467 +03:00 [INF] Request finished HTTP/1.1 POST http://localhost:5128/api/auth/login - 200 null application/json; charset=utf-8 320.7485ms
2026-07-02 13:09:34.204 +03:00 [INF] Request starting HTTP/1.1 GET http://localhost:5128/swagger/v1/swagger.json - null null
2026-07-02 13:09:34.226 +03:00 [INF] Request finished HTTP/1.1 GET http://localhost:5128/swagger/v1/swagger.json - 200 null application/json;charset=utf-8 21.7787ms
2026-07-02 13:09:34.302 +03:00 [INF] Request starting HTTP/1.1 GET http://localhost:5128/favicon.ico - null null
2026-07-02 13:09:34.304 +03:00 [INF] HTTP GET /favicon.ico responded 404 in 0.9683 ms
2026-07-02 13:09:34.305 +03:00 [INF] Request finished HTTP/1.1 GET http://localhost:5128/favicon.ico - 404 0 null 3.0359ms
2026-07-02 13:09:34.307 +03:00 [INF] Request reached the end of the middleware pipeline without being handled by application code. Request path: GET http://localhost:5128/favicon.ico, Response status code: 404
2026-07-02 13:09:52.145 +03:00 [INF] Request starting HTTP/1.1 GET http://127.0.0.1:5128/swagger/index.html - null null
2026-07-02 13:09:52.146 +03:00 [INF] Request finished HTTP/1.1 GET http://127.0.0.1:5128/swagger/index.html - 200 null text/html;charset=utf-8 0.8864ms
2026-07-02 13:09:52.163 +03:00 [INF] Request starting HTTP/1.1 GET http://127.0.0.1:5128/swagger/swagger-ui.css - null null
2026-07-02 13:09:52.164 +03:00 [INF] Request starting HTTP/1.1 GET http://127.0.0.1:5128/swagger/index.css - null null
2026-07-02 13:09:52.165 +03:00 [INF] Sending file. Request path: '/swagger-ui.css'. Physical path: 'N/A'
2026-07-02 13:09:52.165 +03:00 [INF] Request finished HTTP/1.1 GET http://127.0.0.1:5128/swagger/swagger-ui.css - 200 154948 text/css 1.2059ms
2026-07-02 13:09:52.165 +03:00 [INF] Sending file. Request path: '/index.css'. Physical path: 'N/A'
2026-07-02 13:09:52.165 +03:00 [INF] Request finished HTTP/1.1 GET http://127.0.0.1:5128/swagger/index.css - 200 202 text/css 0.3686ms
2026-07-02 13:09:52.166 +03:00 [INF] Request starting HTTP/1.1 GET http://127.0.0.1:5128/swagger/swagger-ui-bundle.js - null null
2026-07-02 13:09:52.166 +03:00 [INF] Request starting HTTP/1.1 GET http://127.0.0.1:5128/swagger/swagger-ui-standalone-preset.js - null null
2026-07-02 13:09:52.166 +03:00 [INF] Request starting HTTP/1.1 GET http://127.0.0.1:5128/swagger/index.js - null null
2026-07-02 13:09:52.166 +03:00 [INF] Request finished HTTP/1.1 GET http://127.0.0.1:5128/swagger/index.js - 200 null application/javascript;charset=utf-8 0.3068ms
2026-07-02 13:09:52.167 +03:00 [INF] Sending file. Request path: '/swagger-ui-standalone-preset.js'. Physical path: 'N/A'
2026-07-02 13:09:52.167 +03:00 [INF] Request finished HTTP/1.1 GET http://127.0.0.1:5128/swagger/swagger-ui-standalone-preset.js - 200 229223 text/javascript 0.7963ms
2026-07-02 13:09:52.201 +03:00 [INF] Sending file. Request path: '/swagger-ui-bundle.js'. Physical path: 'N/A'
2026-07-02 13:09:52.201 +03:00 [INF] Request finished HTTP/1.1 GET http://127.0.0.1:5128/swagger/swagger-ui-bundle.js - 200 1466324 text/javascript 35.4783ms
2026-07-02 13:09:52.653 +03:00 [INF] Request starting HTTP/1.1 GET http://127.0.0.1:5128/swagger/v1/swagger.json - null null
2026-07-02 13:09:52.659 +03:00 [INF] Request finished HTTP/1.1 GET http://127.0.0.1:5128/swagger/v1/swagger.json - 200 null application/json;charset=utf-8 5.85ms
2026-07-02 13:09:52.675 +03:00 [INF] Request starting HTTP/1.1 GET http://127.0.0.1:5128/swagger/favicon-32x32.png - null null
2026-07-02 13:09:52.676 +03:00 [INF] Sending file. Request path: '/favicon-32x32.png'. Physical path: 'N/A'
2026-07-02 13:09:52.676 +03:00 [INF] Request finished HTTP/1.1 GET http://127.0.0.1:5128/swagger/favicon-32x32.png - 200 628 image/png 0.6816ms
2026-07-02 13:10:22.783 +03:00 [INF] Request starting HTTP/1.1 POST http://127.0.0.1:5128/api/auth/login - application/json 59
2026-07-02 13:10:22.784 +03:00 [INF] CORS policy execution successful.
2026-07-02 13:10:22.785 +03:00 [INF] Executing endpoint 'RealityLens.Presentation.Controllers.AuthController.Login (RealityLens.Presentation)'
2026-07-02 13:10:22.785 +03:00 [INF] Route matched with {action = "Login", controller = "Auth"}. Executing controller action with signature System.Threading.Tasks.Task`1[Microsoft.AspNetCore.Mvc.IActionResult] Login(RealityLens.Application.DTOs.Auth.LoginRequest, System.Threading.CancellationToken) on controller RealityLens.Presentation.Controllers.AuthController (RealityLens.Presentation).
2026-07-02 13:10:22.794 +03:00 [INF] Executed DbCommand (1ms) [Parameters=[@__request_Email_0='?'], CommandType='"Text"', CommandTimeout='30']
SELECT u."Id", u."CreatedAt", u."Email", u."IsActive", u."PasswordHash", u."RoleId", u."UpdatedAt", r."Id", r."CreatedAt", r."Name", r."UpdatedAt"
FROM "Users" AS u
INNER JOIN "Roles" AS r ON u."RoleId" = r."Id"
WHERE u."Email" = @__request_Email_0
LIMIT 1
2026-07-02 13:10:22.884 +03:00 [INF] Executed DbCommand (2ms) [Parameters=[@p0='?' (DbType = Guid), @p1='?' (DbType = DateTime), @p2='?' (DbType = DateTime), @p3='?' (DbType = DateTime), @p4='?', @p5='?' (DbType = DateTime), @p6='?' (DbType = Guid)], CommandType='"Text"', CommandTimeout='30']
INSERT INTO "RefreshTokens" ("Id", "CreatedAt", "ExpiresAt", "RevokedAt", "Token", "UpdatedAt", "UserId")
VALUES (@p0, @p1, @p2, @p3, @p4, @p5, @p6);
2026-07-02 13:10:22.885 +03:00 [INF] Executing OkObjectResult, writing value of type 'RealityLens.Application.DTOs.Auth.AuthenticationResponse'.
2026-07-02 13:10:22.886 +03:00 [INF] Executed action RealityLens.Presentation.Controllers.AuthController.Login (RealityLens.Presentation) in 100.6397ms
2026-07-02 13:10:22.886 +03:00 [INF] Executed endpoint 'RealityLens.Presentation.Controllers.AuthController.Login (RealityLens.Presentation)'
2026-07-02 13:10:22.886 +03:00 [INF] HTTP POST /api/auth/login responded 200 in 102.2333 ms
2026-07-02 13:10:22.886 +03:00 [INF] Request finished HTTP/1.1 POST http://127.0.0.1:5128/api/auth/login - 200 null application/json; charset=utf-8 103.3043ms
2026-07-02 13:25:36.736 +03:00 [INF] User profile is available. Using 'C:\Users\mustafa\AppData\Local\ASP.NET\DataProtection-Keys' as key repository and Windows DPAPI to encrypt keys at rest.
2026-07-02 13:25:36.839 +03:00 [ERR] Hosting failed to start
System.InvalidOperationException: Unable to configure HTTPS endpoint. No server certificate was specified, and the default developer certificate could not be found or is out of date.
To generate a developer certificate run 'dotnet dev-certs https'. To trust the certificate (Windows and macOS only) run 'dotnet dev-certs https --trust'.
For more information on configuring HTTPS see https://go.microsoft.com/fwlink/?linkid=848054.
   at Microsoft.AspNetCore.Hosting.ListenOptionsHttpsExtensions.UseHttps(ListenOptions listenOptions, Action`1 configureOptions)
   at Microsoft.AspNetCore.Server.Kestrel.Core.Internal.AddressBinder.AddressesStrategy.BindAsync(AddressBindContext context, CancellationToken cancellationToken)
   at Microsoft.AspNetCore.Server.Kestrel.Core.KestrelServerImpl.BindAsync(CancellationToken cancellationToken)
   at Microsoft.AspNetCore.Server.Kestrel.Core.KestrelServerImpl.StartAsync[TContext](IHttpApplication`1 application, CancellationToken cancellationToken)
   at Microsoft.AspNetCore.Hosting.GenericWebHostService.StartAsync(CancellationToken cancellationToken)
   at Microsoft.Extensions.Hosting.Internal.Host.<StartAsync>b__14_1(IHostedService service, CancellationToken token)
   at Microsoft.Extensions.Hosting.Internal.Host.ForeachService[T](IEnumerable`1 services, CancellationToken token, Boolean concurrent, Boolean abortOnFirstException, List`1 exceptions, Func`3 operation)
2026-07-02 13:25:36.844 +03:00 [FTL] Application terminated unexpectedly
System.InvalidOperationException: Unable to configure HTTPS endpoint. No server certificate was specified, and the default developer certificate could not be found or is out of date.
To generate a developer certificate run 'dotnet dev-certs https'. To trust the certificate (Windows and macOS only) run 'dotnet dev-certs https --trust'.
For more information on configuring HTTPS see https://go.microsoft.com/fwlink/?linkid=848054.
   at Microsoft.AspNetCore.Hosting.ListenOptionsHttpsExtensions.UseHttps(ListenOptions listenOptions, Action`1 configureOptions)
   at Microsoft.AspNetCore.Server.Kestrel.Core.Internal.AddressBinder.AddressesStrategy.BindAsync(AddressBindContext context, CancellationToken cancellationToken)
   at Microsoft.AspNetCore.Server.Kestrel.Core.KestrelServerImpl.BindAsync(CancellationToken cancellationToken)
   at Microsoft.AspNetCore.Server.Kestrel.Core.KestrelServerImpl.StartAsync[TContext](IHttpApplication`1 application, CancellationToken cancellationToken)
   at Microsoft.AspNetCore.Hosting.GenericWebHostService.StartAsync(CancellationToken cancellationToken)
   at Microsoft.Extensions.Hosting.Internal.Host.<StartAsync>b__14_1(IHostedService service, CancellationToken token)
   at Microsoft.Extensions.Hosting.Internal.Host.ForeachService[T](IEnumerable`1 services, CancellationToken token, Boolean concurrent, Boolean abortOnFirstException, List`1 exceptions, Func`3 operation)
   at Microsoft.Extensions.Hosting.Internal.Host.StartAsync(CancellationToken cancellationToken)
   at Microsoft.Extensions.Hosting.HostingAbstractionsHostExtensions.RunAsync(IHost host, CancellationToken token)
   at Microsoft.Extensions.Hosting.HostingAbstractionsHostExtensions.RunAsync(IHost host, CancellationToken token)
   at Microsoft.Extensions.Hosting.HostingAbstractionsHostExtensions.Run(IHost host)
   at Program.<Main>$(String[] args) in C:\Users\mustafa\Desktop\algı yönetimi\RealityLens\apps\api\src\RealityLens.Presentation\Program.cs:line 97
2026-07-02 14:26:18.807 +03:00 [INF] User profile is available. Using 'C:\Users\mustafa\AppData\Local\ASP.NET\DataProtection-Keys' as key repository and Windows DPAPI to encrypt keys at rest.
2026-07-02 14:26:18.894 +03:00 [INF] Now listening on: http://localhost:5128
2026-07-02 14:26:18.898 +03:00 [INF] Application started. Press Ctrl+C to shut down.
2026-07-02 14:26:18.899 +03:00 [INF] Hosting environment: Development
2026-07-02 14:26:18.899 +03:00 [INF] Content root path: C:\Users\mustafa\Desktop\algı yönetimi\RealityLens\apps\api\src\RealityLens.Presentation
2026-07-02 14:27:39.868 +03:00 [INF] Request starting HTTP/1.1 OPTIONS http://localhost:5128/api/auth/login - null null
2026-07-02 14:27:39.905 +03:00 [WRN] Failed to determine the https port for redirect.
2026-07-02 14:27:39.908 +03:00 [INF] CORS policy execution successful.
2026-07-02 14:27:39.912 +03:00 [INF] HTTP OPTIONS /api/auth/login responded 204 in 7.3943 ms
2026-07-02 14:27:39.927 +03:00 [INF] Request finished HTTP/1.1 OPTIONS http://localhost:5128/api/auth/login - 204 null null 61.7537ms
2026-07-02 14:27:39.934 +03:00 [INF] Request starting HTTP/1.1 POST http://localhost:5128/api/auth/login - application/json 59
2026-07-02 14:27:39.938 +03:00 [INF] CORS policy execution successful.
2026-07-02 14:27:39.962 +03:00 [INF] Executing endpoint 'RealityLens.Presentation.Controllers.AuthController.Login (RealityLens.Presentation)'
2026-07-02 14:27:39.977 +03:00 [INF] Route matched with {action = "Login", controller = "Auth"}. Executing controller action with signature System.Threading.Tasks.Task`1[Microsoft.AspNetCore.Mvc.IActionResult] Login(RealityLens.Application.DTOs.Auth.LoginRequest, System.Threading.CancellationToken) on controller RealityLens.Presentation.Controllers.AuthController (RealityLens.Presentation).
2026-07-02 14:27:41.855 +03:00 [INF] Executed DbCommand (36ms) [Parameters=[@__request_Email_0='?'], CommandType='"Text"', CommandTimeout='30']
SELECT u."Id", u."CreatedAt", u."Email", u."IsActive", u."PasswordHash", u."RoleId", u."UpdatedAt", r."Id", r."CreatedAt", r."Name", r."UpdatedAt"
FROM "Users" AS u
INNER JOIN "Roles" AS r ON u."RoleId" = r."Id"
WHERE u."Email" = @__request_Email_0
LIMIT 1
2026-07-02 14:27:42.109 +03:00 [INF] Executed DbCommand (7ms) [Parameters=[@p0='?' (DbType = Guid), @p1='?' (DbType = DateTime), @p2='?' (DbType = DateTime), @p3='?' (DbType = DateTime), @p4='?', @p5='?' (DbType = DateTime), @p6='?' (DbType = Guid)], CommandType='"Text"', CommandTimeout='30']
INSERT INTO "RefreshTokens" ("Id", "CreatedAt", "ExpiresAt", "RevokedAt", "Token", "UpdatedAt", "UserId")
VALUES (@p0, @p1, @p2, @p3, @p4, @p5, @p6);
2026-07-02 14:27:42.123 +03:00 [INF] Executing OkObjectResult, writing value of type 'RealityLens.Application.DTOs.Auth.AuthenticationResponse'.
2026-07-02 14:27:42.139 +03:00 [INF] Executed action RealityLens.Presentation.Controllers.AuthController.Login (RealityLens.Presentation) in 2158.6442ms
2026-07-02 14:27:42.140 +03:00 [INF] Executed endpoint 'RealityLens.Presentation.Controllers.AuthController.Login (RealityLens.Presentation)'
2026-07-02 14:27:42.142 +03:00 [INF] HTTP POST /api/auth/login responded 200 in 2203.5621 ms
2026-07-02 14:27:42.148 +03:00 [INF] Request finished HTTP/1.1 POST http://localhost:5128/api/auth/login - 200 null application/json; charset=utf-8 2214.0001ms
2026-07-02 15:16:31.700 +03:00 [INF] Application is shutting down...
2026-07-02 15:16:42.418 +03:00 [INF] User profile is available. Using 'C:\Users\mustafa\AppData\Local\ASP.NET\DataProtection-Keys' as key repository and Windows DPAPI to encrypt keys at rest.
2026-07-02 15:16:42.493 +03:00 [INF] Now listening on: http://localhost:5128
2026-07-02 15:16:42.496 +03:00 [INF] Application started. Press Ctrl+C to shut down.
2026-07-02 15:16:42.496 +03:00 [INF] Hosting environment: Development
2026-07-02 15:16:42.497 +03:00 [INF] Content root path: C:\Users\mustafa\Desktop\algı yönetimi\RealityLens\apps\api\src\RealityLens.Presentation
2026-07-02 15:18:42.606 +03:00 [INF] Request starting HTTP/1.1 OPTIONS http://localhost:5128/api/auth/login - null null
2026-07-02 15:18:42.660 +03:00 [WRN] Failed to determine the https port for redirect.
2026-07-02 15:18:42.662 +03:00 [INF] CORS policy execution successful.
2026-07-02 15:18:42.665 +03:00 [INF] HTTP OPTIONS /api/auth/login responded 204 in 9.1177 ms
2026-07-02 15:18:42.677 +03:00 [INF] Request finished HTTP/1.1 OPTIONS http://localhost:5128/api/auth/login - 204 null null 72.4727ms
2026-07-02 15:18:42.683 +03:00 [INF] Request starting HTTP/1.1 POST http://localhost:5128/api/auth/login - application/json 59
2026-07-02 15:18:42.689 +03:00 [INF] CORS policy execution successful.
2026-07-02 15:18:42.781 +03:00 [INF] Executing endpoint 'RealityLens.Presentation.Controllers.AuthController.Login (RealityLens.Presentation)'
2026-07-02 15:18:42.810 +03:00 [INF] Route matched with {action = "Login", controller = "Auth"}. Executing controller action with signature System.Threading.Tasks.Task`1[Microsoft.AspNetCore.Mvc.IActionResult] Login(RealityLens.Application.DTOs.Auth.LoginRequest, System.Threading.CancellationToken) on controller RealityLens.Presentation.Controllers.AuthController (RealityLens.Presentation).
2026-07-02 15:18:44.719 +03:00 [INF] Executed DbCommand (48ms) [Parameters=[@__request_Email_0='?'], CommandType='"Text"', CommandTimeout='30']
SELECT u."Id", u."CreatedAt", u."Email", u."IsActive", u."PasswordHash", u."RoleId", u."UpdatedAt", r."Id", r."CreatedAt", r."Name", r."UpdatedAt"
FROM "Users" AS u
INNER JOIN "Roles" AS r ON u."RoleId" = r."Id"
WHERE u."Email" = @__request_Email_0
LIMIT 1
2026-07-02 15:18:45.054 +03:00 [INF] Executed DbCommand (8ms) [Parameters=[@p0='?' (DbType = Guid), @p1='?' (DbType = DateTime), @p2='?' (DbType = DateTime), @p3='?' (DbType = DateTime), @p4='?', @p5='?' (DbType = DateTime), @p6='?' (DbType = Guid)], CommandType='"Text"', CommandTimeout='30']
INSERT INTO "RefreshTokens" ("Id", "CreatedAt", "ExpiresAt", "RevokedAt", "Token", "UpdatedAt", "UserId")
VALUES (@p0, @p1, @p2, @p3, @p4, @p5, @p6);
2026-07-02 15:18:45.067 +03:00 [INF] Executing OkObjectResult, writing value of type 'RealityLens.Application.DTOs.Auth.AuthenticationResponse'.
2026-07-02 15:18:45.090 +03:00 [INF] Executed action RealityLens.Presentation.Controllers.AuthController.Login (RealityLens.Presentation) in 2274.2823ms
2026-07-02 15:18:45.091 +03:00 [INF] Executed endpoint 'RealityLens.Presentation.Controllers.AuthController.Login (RealityLens.Presentation)'
2026-07-02 15:18:45.093 +03:00 [INF] HTTP POST /api/auth/login responded 200 in 2403.7539 ms
2026-07-02 15:18:45.102 +03:00 [INF] Request finished HTTP/1.1 POST http://localhost:5128/api/auth/login - 200 null application/json; charset=utf-8 2418.8529ms
2026-07-02 15:19:45.928 +03:00 [INF] Request starting HTTP/1.1 OPTIONS http://localhost:5128/api/media - null null
2026-07-02 15:19:45.931 +03:00 [INF] CORS policy execution successful.
2026-07-02 15:19:45.931 +03:00 [INF] HTTP OPTIONS /api/media responded 204 in 0.7303 ms
2026-07-02 15:19:45.932 +03:00 [INF] Request finished HTTP/1.1 OPTIONS http://localhost:5128/api/media - 204 null null 3.7768ms
2026-07-02 15:19:45.934 +03:00 [INF] Request starting HTTP/1.1 GET http://localhost:5128/api/media - null null
2026-07-02 15:19:45.938 +03:00 [INF] CORS policy execution successful.
2026-07-02 15:19:45.967 +03:00 [INF] Executing endpoint 'RealityLens.Presentation.Controllers.MediaController.GetAll (RealityLens.Presentation)'
2026-07-02 15:19:45.971 +03:00 [INF] Route matched with {action = "GetAll", controller = "Media"}. Executing controller action with signature System.Threading.Tasks.Task`1[Microsoft.AspNetCore.Mvc.IActionResult] GetAll() on controller RealityLens.Presentation.Controllers.MediaController (RealityLens.Presentation).
2026-07-02 15:19:46.035 +03:00 [INF] Executed DbCommand (4ms) [Parameters=[], CommandType='"Text"', CommandTimeout='30']
SELECT m."Id", m."Checksum", m."CreatedAt", m."DurationInSeconds", m."Extension", m."FileSize", m."Height", m."MimeType", m."OriginalFileName", m."ProcessingError", m."Status", m."StoragePath", m."ThumbnailPath", m."UpdatedAt", m."UploadedAt", m."UploadedByUserId", m."Width"
FROM "Media" AS m
2026-07-02 15:19:46.038 +03:00 [INF] Executing OkObjectResult, writing value of type 'System.Linq.Enumerable+ListSelectIterator`2[[RealityLens.Domain.Entities.Media, RealityLens.Domain, Version=1.0.0.0, Culture=neutral, PublicKeyToken=null],[RealityLens.Application.DTOs.MediaResponse, RealityLens.Application, Version=1.0.0.0, Culture=neutral, PublicKeyToken=null]]'.
2026-07-02 15:19:46.059 +03:00 [INF] Executed action RealityLens.Presentation.Controllers.MediaController.GetAll (RealityLens.Presentation) in 87.2681ms
2026-07-02 15:19:46.060 +03:00 [INF] Executed endpoint 'RealityLens.Presentation.Controllers.MediaController.GetAll (RealityLens.Presentation)'
2026-07-02 15:19:46.061 +03:00 [INF] HTTP GET /api/media responded 200 in 123.8548 ms
2026-07-02 15:19:46.063 +03:00 [INF] Request finished HTTP/1.1 GET http://localhost:5128/api/media - 200 null application/json; charset=utf-8 128.6856ms
2026-07-02 15:30:20.218 +03:00 [INF] Application is shutting down...
2026-07-02 15:30:27.894 +03:00 [INF] User profile is available. Using 'C:\Users\mustafa\AppData\Local\ASP.NET\DataProtection-Keys' as key repository and Windows DPAPI to encrypt keys at rest.
2026-07-02 15:30:27.955 +03:00 [INF] Now listening on: http://localhost:5128
2026-07-02 15:30:27.957 +03:00 [INF] Application started. Press Ctrl+C to shut down.
2026-07-02 15:30:27.958 +03:00 [INF] Hosting environment: Development
2026-07-02 15:30:27.959 +03:00 [INF] Content root path: C:\Users\mustafa\Desktop\algı yönetimi\RealityLens\apps\api\src\RealityLens.Presentation
2026-07-02 15:31:54.053 +03:00 [INF] Request starting HTTP/1.1 OPTIONS http://localhost:5128/api/auth/login - null null
2026-07-02 15:31:54.091 +03:00 [WRN] Failed to determine the https port for redirect.
2026-07-02 15:31:54.093 +03:00 [INF] CORS policy execution successful.
2026-07-02 15:31:54.096 +03:00 [INF] HTTP OPTIONS /api/auth/login responded 204 in 7.6089 ms
2026-07-02 15:31:54.109 +03:00 [INF] Request finished HTTP/1.1 OPTIONS http://localhost:5128/api/auth/login - 204 null null 55.7167ms
2026-07-02 15:31:54.114 +03:00 [INF] Request starting HTTP/1.1 POST http://localhost:5128/api/auth/login - application/json 59
2026-07-02 15:31:54.120 +03:00 [INF] CORS policy execution successful.
2026-07-02 15:31:54.140 +03:00 [INF] Executing endpoint 'RealityLens.Presentation.Controllers.AuthController.Login (RealityLens.Presentation)'
2026-07-02 15:31:54.157 +03:00 [INF] Route matched with {action = "Login", controller = "Auth"}. Executing controller action with signature System.Threading.Tasks.Task`1[Microsoft.AspNetCore.Mvc.IActionResult] Login(RealityLens.Application.DTOs.Auth.LoginRequest, System.Threading.CancellationToken) on controller RealityLens.Presentation.Controllers.AuthController (RealityLens.Presentation).
2026-07-02 15:31:55.417 +03:00 [INF] Executed DbCommand (43ms) [Parameters=[@__request_Email_0='?'], CommandType='"Text"', CommandTimeout='30']
SELECT u."Id", u."CreatedAt", u."Email", u."IsActive", u."PasswordHash", u."RoleId", u."UpdatedAt", r."Id", r."CreatedAt", r."Name", r."UpdatedAt"
FROM "Users" AS u
INNER JOIN "Roles" AS r ON u."RoleId" = r."Id"
WHERE u."Email" = @__request_Email_0
LIMIT 1
2026-07-02 15:31:55.667 +03:00 [INF] Executed DbCommand (9ms) [Parameters=[@p0='?' (DbType = Guid), @p1='?' (DbType = DateTime), @p2='?' (DbType = DateTime), @p3='?' (DbType = DateTime), @p4='?', @p5='?' (DbType = DateTime), @p6='?' (DbType = Guid)], CommandType='"Text"', CommandTimeout='30']
INSERT INTO "RefreshTokens" ("Id", "CreatedAt", "ExpiresAt", "RevokedAt", "Token", "UpdatedAt", "UserId")
VALUES (@p0, @p1, @p2, @p3, @p4, @p5, @p6);
2026-07-02 15:31:55.680 +03:00 [INF] Executing OkObjectResult, writing value of type 'RealityLens.Application.DTOs.Auth.AuthenticationResponse'.
2026-07-02 15:31:55.696 +03:00 [INF] Executed action RealityLens.Presentation.Controllers.AuthController.Login (RealityLens.Presentation) in 1535.757ms
2026-07-02 15:31:55.697 +03:00 [INF] Executed endpoint 'RealityLens.Presentation.Controllers.AuthController.Login (RealityLens.Presentation)'
2026-07-02 15:31:55.699 +03:00 [INF] HTTP POST /api/auth/login responded 200 in 1578.7967 ms
2026-07-02 15:31:55.705 +03:00 [INF] Request finished HTTP/1.1 POST http://localhost:5128/api/auth/login - 200 null application/json; charset=utf-8 1591.4249ms
2026-07-02 16:13:28.755 +03:00 [INF] Request starting HTTP/1.1 OPTIONS http://localhost:5128/api/auth/login - null null
2026-07-02 16:13:28.762 +03:00 [INF] CORS policy execution successful.
2026-07-02 16:13:28.764 +03:00 [INF] HTTP OPTIONS /api/auth/login responded 204 in 3.1093 ms
2026-07-02 16:13:28.767 +03:00 [INF] Request finished HTTP/1.1 OPTIONS http://localhost:5128/api/auth/login - 204 null null 12.1818ms
2026-07-02 16:13:28.773 +03:00 [INF] Request starting HTTP/1.1 POST http://localhost:5128/api/auth/login - application/json 55
2026-07-02 16:13:28.777 +03:00 [INF] CORS policy execution successful.
2026-07-02 16:13:28.787 +03:00 [INF] Executing endpoint 'RealityLens.Presentation.Controllers.AuthController.Login (RealityLens.Presentation)'
2026-07-02 16:13:28.790 +03:00 [INF] Route matched with {action = "Login", controller = "Auth"}. Executing controller action with signature System.Threading.Tasks.Task`1[Microsoft.AspNetCore.Mvc.IActionResult] Login(RealityLens.Application.DTOs.Auth.LoginRequest, System.Threading.CancellationToken) on controller RealityLens.Presentation.Controllers.AuthController (RealityLens.Presentation).
2026-07-02 16:13:29.099 +03:00 [INF] Executed DbCommand (31ms) [Parameters=[@__request_Email_0='?'], CommandType='"Text"', CommandTimeout='30']
SELECT u."Id", u."CreatedAt", u."Email", u."IsActive", u."PasswordHash", u."RoleId", u."UpdatedAt", r."Id", r."CreatedAt", r."Name", r."UpdatedAt"
FROM "Users" AS u
INNER JOIN "Roles" AS r ON u."RoleId" = r."Id"
WHERE u."Email" = @__request_Email_0
LIMIT 1
2026-07-02 16:13:29.108 +03:00 [INF] Executing UnauthorizedObjectResult, writing value of type '<>f__AnonymousType1`1[[System.String, System.Private.CoreLib, Version=9.0.0.0, Culture=neutral, PublicKeyToken=7cec85d7bea7798e]]'.
2026-07-02 16:13:29.119 +03:00 [INF] Executed action RealityLens.Presentation.Controllers.AuthController.Login (RealityLens.Presentation) in 325.905ms
2026-07-02 16:13:29.123 +03:00 [INF] Executed endpoint 'RealityLens.Presentation.Controllers.AuthController.Login (RealityLens.Presentation)'
2026-07-02 16:13:29.128 +03:00 [INF] HTTP POST /api/auth/login responded 401 in 350.5440 ms
2026-07-02 16:13:29.132 +03:00 [INF] Request finished HTTP/1.1 POST http://localhost:5128/api/auth/login - 401 null application/json; charset=utf-8 358.8367ms
2026-07-02 16:14:18.608 +03:00 [INF] Request starting HTTP/1.1 OPTIONS http://localhost:5128/api/auth/login - null null
2026-07-02 16:14:18.614 +03:00 [INF] CORS policy execution successful.
2026-07-02 16:14:18.615 +03:00 [INF] HTTP OPTIONS /api/auth/login responded 204 in 1.0910 ms
2026-07-02 16:14:18.617 +03:00 [INF] Request finished HTTP/1.1 OPTIONS http://localhost:5128/api/auth/login - 204 null null 8.7672ms
2026-07-02 16:14:18.620 +03:00 [INF] Request starting HTTP/1.1 POST http://localhost:5128/api/auth/login - application/json 55
2026-07-02 16:14:18.622 +03:00 [INF] CORS policy execution successful.
2026-07-02 16:14:18.629 +03:00 [INF] Executing endpoint 'RealityLens.Presentation.Controllers.AuthController.Login (RealityLens.Presentation)'
2026-07-02 16:14:18.632 +03:00 [INF] Route matched with {action = "Login", controller = "Auth"}. Executing controller action with signature System.Threading.Tasks.Task`1[Microsoft.AspNetCore.Mvc.IActionResult] Login(RealityLens.Application.DTOs.Auth.LoginRequest, System.Threading.CancellationToken) on controller RealityLens.Presentation.Controllers.AuthController (RealityLens.Presentation).
2026-07-02 16:14:18.689 +03:00 [INF] Executed DbCommand (7ms) [Parameters=[@__request_Email_0='?'], CommandType='"Text"', CommandTimeout='30']
SELECT u."Id", u."CreatedAt", u."Email", u."IsActive", u."PasswordHash", u."RoleId", u."UpdatedAt", r."Id", r."CreatedAt", r."Name", r."UpdatedAt"
FROM "Users" AS u
INNER JOIN "Roles" AS r ON u."RoleId" = r."Id"
WHERE u."Email" = @__request_Email_0
LIMIT 1
2026-07-02 16:14:18.700 +03:00 [INF] Executing UnauthorizedObjectResult, writing value of type '<>f__AnonymousType1`1[[System.String, System.Private.CoreLib, Version=9.0.0.0, Culture=neutral, PublicKeyToken=7cec85d7bea7798e]]'.
2026-07-02 16:14:18.703 +03:00 [INF] Executed action RealityLens.Presentation.Controllers.AuthController.Login (RealityLens.Presentation) in 68.8266ms
2026-07-02 16:14:18.704 +03:00 [INF] Executed endpoint 'RealityLens.Presentation.Controllers.AuthController.Login (RealityLens.Presentation)'
2026-07-02 16:14:18.706 +03:00 [INF] HTTP POST /api/auth/login responded 401 in 84.0658 ms
2026-07-02 16:14:18.709 +03:00 [INF] Request finished HTTP/1.1 POST http://localhost:5128/api/auth/login - 401 null application/json; charset=utf-8 88.349ms
2026-07-02 16:14:57.348 +03:00 [INF] Request starting HTTP/1.1 OPTIONS http://localhost:5128/api/auth/login - null null
2026-07-02 16:14:57.351 +03:00 [INF] CORS policy execution successful.
2026-07-02 16:14:57.352 +03:00 [INF] HTTP OPTIONS /api/auth/login responded 204 in 1.3972 ms
2026-07-02 16:14:57.353 +03:00 [INF] Request finished HTTP/1.1 OPTIONS http://localhost:5128/api/auth/login - 204 null null 5.2598ms
2026-07-02 16:14:57.356 +03:00 [INF] Request starting HTTP/1.1 POST http://localhost:5128/api/auth/login - application/json 55
2026-07-02 16:14:57.357 +03:00 [INF] CORS policy execution successful.
2026-07-02 16:14:57.358 +03:00 [INF] Executing endpoint 'RealityLens.Presentation.Controllers.AuthController.Login (RealityLens.Presentation)'
2026-07-02 16:14:57.360 +03:00 [INF] Route matched with {action = "Login", controller = "Auth"}. Executing controller action with signature System.Threading.Tasks.Task`1[Microsoft.AspNetCore.Mvc.IActionResult] Login(RealityLens.Application.DTOs.Auth.LoginRequest, System.Threading.CancellationToken) on controller RealityLens.Presentation.Controllers.AuthController (RealityLens.Presentation).
2026-07-02 16:14:57.370 +03:00 [INF] Executed DbCommand (2ms) [Parameters=[@__request_Email_0='?'], CommandType='"Text"', CommandTimeout='30']
SELECT u."Id", u."CreatedAt", u."Email", u."IsActive", u."PasswordHash", u."RoleId", u."UpdatedAt", r."Id", r."CreatedAt", r."Name", r."UpdatedAt"
FROM "Users" AS u
INNER JOIN "Roles" AS r ON u."RoleId" = r."Id"
WHERE u."Email" = @__request_Email_0
LIMIT 1
2026-07-02 16:14:57.376 +03:00 [INF] Executing UnauthorizedObjectResult, writing value of type '<>f__AnonymousType1`1[[System.String, System.Private.CoreLib, Version=9.0.0.0, Culture=neutral, PublicKeyToken=7cec85d7bea7798e]]'.
2026-07-02 16:14:57.377 +03:00 [INF] Executed action RealityLens.Presentation.Controllers.AuthController.Login (RealityLens.Presentation) in 15.8082ms
2026-07-02 16:14:57.378 +03:00 [INF] Executed endpoint 'RealityLens.Presentation.Controllers.AuthController.Login (RealityLens.Presentation)'
2026-07-02 16:14:57.379 +03:00 [INF] HTTP POST /api/auth/login responded 401 in 22.0333 ms
2026-07-02 16:14:57.381 +03:00 [INF] Request finished HTTP/1.1 POST http://localhost:5128/api/auth/login - 401 null application/json; charset=utf-8 25.2193ms
2026-07-02 16:16:42.837 +03:00 [INF] Request starting HTTP/1.1 OPTIONS http://localhost:5128/api/auth/login - null null
2026-07-02 16:16:42.841 +03:00 [INF] CORS policy execution successful.
2026-07-02 16:16:42.842 +03:00 [INF] HTTP OPTIONS /api/auth/login responded 204 in 0.9319 ms
2026-07-02 16:16:42.843 +03:00 [INF] Request finished HTTP/1.1 OPTIONS http://localhost:5128/api/auth/login - 204 null null 6.6422ms
2026-07-02 16:16:42.846 +03:00 [INF] Request starting HTTP/1.1 POST http://localhost:5128/api/auth/login - application/json 55
2026-07-02 16:16:42.849 +03:00 [INF] CORS policy execution successful.
2026-07-02 16:16:42.850 +03:00 [INF] Executing endpoint 'RealityLens.Presentation.Controllers.AuthController.Login (RealityLens.Presentation)'
2026-07-02 16:16:42.851 +03:00 [INF] Route matched with {action = "Login", controller = "Auth"}. Executing controller action with signature System.Threading.Tasks.Task`1[Microsoft.AspNetCore.Mvc.IActionResult] Login(RealityLens.Application.DTOs.Auth.LoginRequest, System.Threading.CancellationToken) on controller RealityLens.Presentation.Controllers.AuthController (RealityLens.Presentation).
2026-07-02 16:16:42.861 +03:00 [INF] Executed DbCommand (2ms) [Parameters=[@__request_Email_0='?'], CommandType='"Text"', CommandTimeout='30']
SELECT u."Id", u."CreatedAt", u."Email", u."IsActive", u."PasswordHash", u."RoleId", u."UpdatedAt", r."Id", r."CreatedAt", r."Name", r."UpdatedAt"
FROM "Users" AS u
INNER JOIN "Roles" AS r ON u."RoleId" = r."Id"
WHERE u."Email" = @__request_Email_0
LIMIT 1
2026-07-02 16:16:42.864 +03:00 [INF] Executing UnauthorizedObjectResult, writing value of type '<>f__AnonymousType1`1[[System.String, System.Private.CoreLib, Version=9.0.0.0, Culture=neutral, PublicKeyToken=7cec85d7bea7798e]]'.
2026-07-02 16:16:42.866 +03:00 [INF] Executed action RealityLens.Presentation.Controllers.AuthController.Login (RealityLens.Presentation) in 13.2826ms
2026-07-02 16:16:42.868 +03:00 [INF] Executed endpoint 'RealityLens.Presentation.Controllers.AuthController.Login (RealityLens.Presentation)'
2026-07-02 16:16:42.871 +03:00 [INF] HTTP POST /api/auth/login responded 401 in 23.1276 ms
2026-07-02 16:16:42.873 +03:00 [INF] Request finished HTTP/1.1 POST http://localhost:5128/api/auth/login - 401 null application/json; charset=utf-8 27.2933ms
2026-07-02 16:20:44.364 +03:00 [INF] Request starting HTTP/1.1 OPTIONS http://localhost:5128/api/auth/login - null null
2026-07-02 16:20:44.367 +03:00 [INF] CORS policy execution successful.
2026-07-02 16:20:44.369 +03:00 [INF] HTTP OPTIONS /api/auth/login responded 204 in 1.6770 ms
2026-07-02 16:20:44.371 +03:00 [INF] Request finished HTTP/1.1 OPTIONS http://localhost:5128/api/auth/login - 204 null null 7.7786ms
2026-07-02 16:20:44.375 +03:00 [INF] Request starting HTTP/1.1 POST http://localhost:5128/api/auth/login - application/json 55
2026-07-02 16:20:44.379 +03:00 [INF] CORS policy execution successful.
2026-07-02 16:20:44.381 +03:00 [INF] Executing endpoint 'RealityLens.Presentation.Controllers.AuthController.Login (RealityLens.Presentation)'
2026-07-02 16:20:44.382 +03:00 [INF] Route matched with {action = "Login", controller = "Auth"}. Executing controller action with signature System.Threading.Tasks.Task`1[Microsoft.AspNetCore.Mvc.IActionResult] Login(RealityLens.Application.DTOs.Auth.LoginRequest, System.Threading.CancellationToken) on controller RealityLens.Presentation.Controllers.AuthController (RealityLens.Presentation).
2026-07-02 16:20:44.640 +03:00 [INF] Executed DbCommand (41ms) [Parameters=[@__request_Email_0='?'], CommandType='"Text"', CommandTimeout='30']
SELECT u."Id", u."CreatedAt", u."Email", u."IsActive", u."PasswordHash", u."RoleId", u."UpdatedAt", r."Id", r."CreatedAt", r."Name", r."UpdatedAt"
FROM "Users" AS u
INNER JOIN "Roles" AS r ON u."RoleId" = r."Id"
WHERE u."Email" = @__request_Email_0
LIMIT 1
2026-07-02 16:20:44.643 +03:00 [INF] Executing UnauthorizedObjectResult, writing value of type '<>f__AnonymousType1`1[[System.String, System.Private.CoreLib, Version=9.0.0.0, Culture=neutral, PublicKeyToken=7cec85d7bea7798e]]'.
2026-07-02 16:20:44.644 +03:00 [INF] Executed action RealityLens.Presentation.Controllers.AuthController.Login (RealityLens.Presentation) in 260.2868ms
2026-07-02 16:20:44.645 +03:00 [INF] Executed endpoint 'RealityLens.Presentation.Controllers.AuthController.Login (RealityLens.Presentation)'
2026-07-02 16:20:44.646 +03:00 [INF] HTTP POST /api/auth/login responded 401 in 267.3482 ms
2026-07-02 16:20:44.648 +03:00 [INF] Request finished HTTP/1.1 POST http://localhost:5128/api/auth/login - 401 null application/json; charset=utf-8 272.9555ms
2026-07-02 16:20:58.948 +03:00 [INF] Request starting HTTP/1.1 OPTIONS http://localhost:5128/api/auth/login - null null
2026-07-02 16:20:58.951 +03:00 [INF] CORS policy execution successful.
2026-07-02 16:20:58.952 +03:00 [INF] HTTP OPTIONS /api/auth/login responded 204 in 1.1028 ms
2026-07-02 16:20:58.955 +03:00 [INF] Request finished HTTP/1.1 OPTIONS http://localhost:5128/api/auth/login - 204 null null 6.9018ms
2026-07-02 16:20:58.960 +03:00 [INF] Request starting HTTP/1.1 POST http://localhost:5128/api/auth/login - application/json 55
2026-07-02 16:20:58.962 +03:00 [INF] CORS policy execution successful.
2026-07-02 16:20:58.964 +03:00 [INF] Executing endpoint 'RealityLens.Presentation.Controllers.AuthController.Login (RealityLens.Presentation)'
2026-07-02 16:20:58.964 +03:00 [INF] Route matched with {action = "Login", controller = "Auth"}. Executing controller action with signature System.Threading.Tasks.Task`1[Microsoft.AspNetCore.Mvc.IActionResult] Login(RealityLens.Application.DTOs.Auth.LoginRequest, System.Threading.CancellationToken) on controller RealityLens.Presentation.Controllers.AuthController (RealityLens.Presentation).
2026-07-02 16:20:58.976 +03:00 [INF] Executed DbCommand (3ms) [Parameters=[@__request_Email_0='?'], CommandType='"Text"', CommandTimeout='30']
SELECT u."Id", u."CreatedAt", u."Email", u."IsActive", u."PasswordHash", u."RoleId", u."UpdatedAt", r."Id", r."CreatedAt", r."Name", r."UpdatedAt"
FROM "Users" AS u
INNER JOIN "Roles" AS r ON u."RoleId" = r."Id"
WHERE u."Email" = @__request_Email_0
LIMIT 1
2026-07-02 16:20:58.979 +03:00 [INF] Executing UnauthorizedObjectResult, writing value of type '<>f__AnonymousType1`1[[System.String, System.Private.CoreLib, Version=9.0.0.0, Culture=neutral, PublicKeyToken=7cec85d7bea7798e]]'.
2026-07-02 16:20:58.980 +03:00 [INF] Executed action RealityLens.Presentation.Controllers.AuthController.Login (RealityLens.Presentation) in 13.3244ms
2026-07-02 16:20:58.983 +03:00 [INF] Executed endpoint 'RealityLens.Presentation.Controllers.AuthController.Login (RealityLens.Presentation)'
2026-07-02 16:20:58.985 +03:00 [INF] HTTP POST /api/auth/login responded 401 in 22.2702 ms
2026-07-02 16:20:58.987 +03:00 [INF] Request finished HTTP/1.1 POST http://localhost:5128/api/auth/login - 401 null application/json; charset=utf-8 27.0585ms
2026-07-02 16:22:23.932 +03:00 [INF] Request starting HTTP/1.1 OPTIONS http://localhost:5128/api/auth/login - null null
2026-07-02 16:22:23.934 +03:00 [INF] CORS policy execution successful.
2026-07-02 16:22:23.935 +03:00 [INF] HTTP OPTIONS /api/auth/login responded 204 in 1.2059 ms
2026-07-02 16:22:23.937 +03:00 [INF] Request finished HTTP/1.1 OPTIONS http://localhost:5128/api/auth/login - 204 null null 5.303ms
2026-07-02 16:22:23.944 +03:00 [INF] Request starting HTTP/1.1 POST http://localhost:5128/api/auth/login - application/json 55
2026-07-02 16:22:23.949 +03:00 [INF] CORS policy execution successful.
2026-07-02 16:22:23.950 +03:00 [INF] Executing endpoint 'RealityLens.Presentation.Controllers.AuthController.Login (RealityLens.Presentation)'
2026-07-02 16:22:23.952 +03:00 [INF] Route matched with {action = "Login", controller = "Auth"}. Executing controller action with signature System.Threading.Tasks.Task`1[Microsoft.AspNetCore.Mvc.IActionResult] Login(RealityLens.Application.DTOs.Auth.LoginRequest, System.Threading.CancellationToken) on controller RealityLens.Presentation.Controllers.AuthController (RealityLens.Presentation).
2026-07-02 16:22:23.966 +03:00 [INF] Executed DbCommand (3ms) [Parameters=[@__request_Email_0='?'], CommandType='"Text"', CommandTimeout='30']
SELECT u."Id", u."CreatedAt", u."Email", u."IsActive", u."PasswordHash", u."RoleId", u."UpdatedAt", r."Id", r."CreatedAt", r."Name", r."UpdatedAt"
FROM "Users" AS u
INNER JOIN "Roles" AS r ON u."RoleId" = r."Id"
WHERE u."Email" = @__request_Email_0
LIMIT 1
2026-07-02 16:22:23.969 +03:00 [INF] Executing UnauthorizedObjectResult, writing value of type '<>f__AnonymousType1`1[[System.String, System.Private.CoreLib, Version=9.0.0.0, Culture=neutral, PublicKeyToken=7cec85d7bea7798e]]'.
2026-07-02 16:22:23.972 +03:00 [INF] Executed action RealityLens.Presentation.Controllers.AuthController.Login (RealityLens.Presentation) in 17.7503ms
2026-07-02 16:22:23.980 +03:00 [INF] Executed endpoint 'RealityLens.Presentation.Controllers.AuthController.Login (RealityLens.Presentation)'
2026-07-02 16:22:23.981 +03:00 [INF] HTTP POST /api/auth/login responded 401 in 32.3477 ms
2026-07-02 16:22:23.984 +03:00 [INF] Request finished HTTP/1.1 POST http://localhost:5128/api/auth/login - 401 null application/json; charset=utf-8 39.4632ms
2026-07-02 17:53:06.802 +03:00 [INF] Request starting HTTP/1.1 GET http://localhost:5128/swagger/v1/swagger.json - null null
2026-07-02 17:53:06.916 +03:00 [INF] Request finished HTTP/1.1 GET http://localhost:5128/swagger/v1/swagger.json - 200 null application/json;charset=utf-8 113.7002ms
2026-07-02 17:55:05.546 +03:00 [INF] Request starting HTTP/1.1 OPTIONS http://localhost:5128/api/auth/login - null null
2026-07-02 17:55:05.548 +03:00 [INF] CORS policy execution successful.
2026-07-02 17:55:05.549 +03:00 [INF] HTTP OPTIONS /api/auth/login responded 204 in 0.6250 ms
2026-07-02 17:55:05.550 +03:00 [INF] Request finished HTTP/1.1 OPTIONS http://localhost:5128/api/auth/login - 204 null null 3.9337ms
2026-07-02 17:55:05.551 +03:00 [INF] Request starting HTTP/1.1 POST http://localhost:5128/api/auth/login - application/json 55
2026-07-02 17:55:05.552 +03:00 [INF] CORS policy execution successful.
2026-07-02 17:55:05.553 +03:00 [INF] Executing endpoint 'RealityLens.Presentation.Controllers.AuthController.Login (RealityLens.Presentation)'
2026-07-02 17:55:05.554 +03:00 [INF] Route matched with {action = "Login", controller = "Auth"}. Executing controller action with signature System.Threading.Tasks.Task`1[Microsoft.AspNetCore.Mvc.IActionResult] Login(RealityLens.Application.DTOs.Auth.LoginRequest, System.Threading.CancellationToken) on controller RealityLens.Presentation.Controllers.AuthController (RealityLens.Presentation).
2026-07-02 17:55:05.609 +03:00 [INF] Executed DbCommand (7ms) [Parameters=[@__request_Email_0='?'], CommandType='"Text"', CommandTimeout='30']
SELECT u."Id", u."CreatedAt", u."Email", u."IsActive", u."PasswordHash", u."RoleId", u."UpdatedAt", r."Id", r."CreatedAt", r."Name", r."UpdatedAt"
FROM "Users" AS u
INNER JOIN "Roles" AS r ON u."RoleId" = r."Id"
WHERE u."Email" = @__request_Email_0
LIMIT 1
2026-07-02 17:55:05.611 +03:00 [INF] Executing UnauthorizedObjectResult, writing value of type '<>f__AnonymousType1`1[[System.String, System.Private.CoreLib, Version=9.0.0.0, Culture=neutral, PublicKeyToken=7cec85d7bea7798e]]'.
2026-07-02 17:55:05.612 +03:00 [INF] Executed action RealityLens.Presentation.Controllers.AuthController.Login (RealityLens.Presentation) in 57.7158ms
2026-07-02 17:55:05.613 +03:00 [INF] Executed endpoint 'RealityLens.Presentation.Controllers.AuthController.Login (RealityLens.Presentation)'
2026-07-02 17:55:05.614 +03:00 [INF] HTTP POST /api/auth/login responded 401 in 61.4806 ms
2026-07-02 17:55:05.615 +03:00 [INF] Request finished HTTP/1.1 POST http://localhost:5128/api/auth/login - 401 null application/json; charset=utf-8 63.3827ms
2026-07-02 17:55:07.780 +03:00 [INF] Request starting HTTP/1.1 POST http://localhost:5128/api/auth/login - application/json 55
2026-07-02 17:55:07.782 +03:00 [INF] CORS policy execution successful.
2026-07-02 17:55:07.783 +03:00 [INF] Executing endpoint 'RealityLens.Presentation.Controllers.AuthController.Login (RealityLens.Presentation)'
2026-07-02 17:55:07.784 +03:00 [INF] Route matched with {action = "Login", controller = "Auth"}. Executing controller action with signature System.Threading.Tasks.Task`1[Microsoft.AspNetCore.Mvc.IActionResult] Login(RealityLens.Application.DTOs.Auth.LoginRequest, System.Threading.CancellationToken) on controller RealityLens.Presentation.Controllers.AuthController (RealityLens.Presentation).
2026-07-02 17:55:07.787 +03:00 [INF] Executed DbCommand (1ms) [Parameters=[@__request_Email_0='?'], CommandType='"Text"', CommandTimeout='30']
SELECT u."Id", u."CreatedAt", u."Email", u."IsActive", u."PasswordHash", u."RoleId", u."UpdatedAt", r."Id", r."CreatedAt", r."Name", r."UpdatedAt"
FROM "Users" AS u
INNER JOIN "Roles" AS r ON u."RoleId" = r."Id"
WHERE u."Email" = @__request_Email_0
LIMIT 1
2026-07-02 17:55:07.789 +03:00 [INF] Executing UnauthorizedObjectResult, writing value of type '<>f__AnonymousType1`1[[System.String, System.Private.CoreLib, Version=9.0.0.0, Culture=neutral, PublicKeyToken=7cec85d7bea7798e]]'.
2026-07-02 17:55:07.790 +03:00 [INF] Executed action RealityLens.Presentation.Controllers.AuthController.Login (RealityLens.Presentation) in 5.2313ms
2026-07-02 17:55:07.791 +03:00 [INF] Executed endpoint 'RealityLens.Presentation.Controllers.AuthController.Login (RealityLens.Presentation)'
2026-07-02 17:55:07.792 +03:00 [INF] HTTP POST /api/auth/login responded 401 in 9.4817 ms
2026-07-02 17:55:07.793 +03:00 [INF] Request finished HTTP/1.1 POST http://localhost:5128/api/auth/login - 401 null application/json; charset=utf-8 12.9643ms
2026-07-02 17:55:08.562 +03:00 [INF] Request starting HTTP/1.1 POST http://localhost:5128/api/auth/login - application/json 55
2026-07-02 17:55:08.564 +03:00 [INF] CORS policy execution successful.
2026-07-02 17:55:08.565 +03:00 [INF] Executing endpoint 'RealityLens.Presentation.Controllers.AuthController.Login (RealityLens.Presentation)'
2026-07-02 17:55:08.566 +03:00 [INF] Route matched with {action = "Login", controller = "Auth"}. Executing controller action with signature System.Threading.Tasks.Task`1[Microsoft.AspNetCore.Mvc.IActionResult] Login(RealityLens.Application.DTOs.Auth.LoginRequest, System.Threading.CancellationToken) on controller RealityLens.Presentation.Controllers.AuthController (RealityLens.Presentation).
2026-07-02 17:55:08.571 +03:00 [INF] Executed DbCommand (1ms) [Parameters=[@__request_Email_0='?'], CommandType='"Text"', CommandTimeout='30']
SELECT u."Id", u."CreatedAt", u."Email", u."IsActive", u."PasswordHash", u."RoleId", u."UpdatedAt", r."Id", r."CreatedAt", r."Name", r."UpdatedAt"
FROM "Users" AS u
INNER JOIN "Roles" AS r ON u."RoleId" = r."Id"
WHERE u."Email" = @__request_Email_0
LIMIT 1
2026-07-02 17:55:08.573 +03:00 [INF] Executing UnauthorizedObjectResult, writing value of type '<>f__AnonymousType1`1[[System.String, System.Private.CoreLib, Version=9.0.0.0, Culture=neutral, PublicKeyToken=7cec85d7bea7798e]]'.
2026-07-02 17:55:08.574 +03:00 [INF] Executed action RealityLens.Presentation.Controllers.AuthController.Login (RealityLens.Presentation) in 7.2278ms
2026-07-02 17:55:08.575 +03:00 [INF] Executed endpoint 'RealityLens.Presentation.Controllers.AuthController.Login (RealityLens.Presentation)'
2026-07-02 17:55:08.575 +03:00 [INF] HTTP POST /api/auth/login responded 401 in 11.6062 ms
2026-07-02 17:55:08.577 +03:00 [INF] Request finished HTTP/1.1 POST http://localhost:5128/api/auth/login - 401 null application/json; charset=utf-8 15.3569ms
2026-07-02 17:55:08.777 +03:00 [INF] Request starting HTTP/1.1 POST http://localhost:5128/api/auth/login - application/json 55
2026-07-02 17:55:08.780 +03:00 [INF] CORS policy execution successful.
2026-07-02 17:55:08.781 +03:00 [INF] Executing endpoint 'RealityLens.Presentation.Controllers.AuthController.Login (RealityLens.Presentation)'
2026-07-02 17:55:08.782 +03:00 [INF] Route matched with {action = "Login", controller = "Auth"}. Executing controller action with signature System.Threading.Tasks.Task`1[Microsoft.AspNetCore.Mvc.IActionResult] Login(RealityLens.Application.DTOs.Auth.LoginRequest, System.Threading.CancellationToken) on controller RealityLens.Presentation.Controllers.AuthController (RealityLens.Presentation).
2026-07-02 17:55:08.787 +03:00 [INF] Executed DbCommand (1ms) [Parameters=[@__request_Email_0='?'], CommandType='"Text"', CommandTimeout='30']
SELECT u."Id", u."CreatedAt", u."Email", u."IsActive", u."PasswordHash", u."RoleId", u."UpdatedAt", r."Id", r."CreatedAt", r."Name", r."UpdatedAt"
FROM "Users" AS u
INNER JOIN "Roles" AS r ON u."RoleId" = r."Id"
WHERE u."Email" = @__request_Email_0
LIMIT 1
2026-07-02 17:55:08.788 +03:00 [INF] Executing UnauthorizedObjectResult, writing value of type '<>f__AnonymousType1`1[[System.String, System.Private.CoreLib, Version=9.0.0.0, Culture=neutral, PublicKeyToken=7cec85d7bea7798e]]'.
2026-07-02 17:55:08.789 +03:00 [INF] Executed action RealityLens.Presentation.Controllers.AuthController.Login (RealityLens.Presentation) in 5.8587ms
2026-07-02 17:55:08.790 +03:00 [INF] Executed endpoint 'RealityLens.Presentation.Controllers.AuthController.Login (RealityLens.Presentation)'
2026-07-02 17:55:08.791 +03:00 [INF] HTTP POST /api/auth/login responded 401 in 10.6965 ms
2026-07-02 17:55:08.792 +03:00 [INF] Request finished HTTP/1.1 POST http://localhost:5128/api/auth/login - 401 null application/json; charset=utf-8 14.4463ms
2026-07-02 17:55:29.315 +03:00 [INF] Application is shutting down...
