2026-07-02 09:03:50.756 +03:00 [INF] User profile is available. Using 'C:\Users\mustafa\AppData\Local\ASP.NET\DataProtection-Keys' as key repository and Windows DPAPI to encrypt keys at rest.
2026-07-02 09:03:50.822 +03:00 [ERR] Hosting failed to start
System.IO.IOException: Failed to bind to address http://127.0.0.1:5128: address already in use.
 ---> Microsoft.AspNetCore.Connections.AddressInUseException: Normal olarak her yuva adresi (iletişim kuralı/ağ adresi/bağlantı noktası) için yalnızca bir kullanıma izin veriliyor.
 ---> System.Net.Sockets.SocketException (10048): Normal olarak her yuva adresi (iletişim kuralı/ağ adresi/bağlantı noktası) için yalnızca bir kullanıma izin veriliyor.
   at System.Net.Sockets.Socket.UpdateStatusAfterSocketErrorAndThrowException(SocketError error, Boolean disconnectOnFailure, String callerName)
   at System.Net.Sockets.Socket.DoBind(EndPoint endPointSnapshot, SocketAddress socketAddress)
   at System.Net.Sockets.Socket.Bind(EndPoint localEP)
   at Microsoft.AspNetCore.Server.Kestrel.Transport.Sockets.SocketTransportOptions.CreateDefaultBoundListenSocket(EndPoint endpoint)
   at Microsoft.AspNetCore.Server.Kestrel.Transport.Sockets.SocketConnectionListener.Bind()
   --- End of inner exception stack trace ---
   at Microsoft.AspNetCore.Server.Kestrel.Transport.Sockets.SocketConnectionListener.Bind()
   at Microsoft.AspNetCore.Server.Kestrel.Transport.Sockets.SocketTransportFactory.BindAsync(EndPoint endpoint, CancellationToken cancellationToken)
   at Microsoft.AspNetCore.Server.Kestrel.Core.Internal.Infrastructure.TransportManager.BindAsync(EndPoint endPoint, ConnectionDelegate connectionDelegate, EndpointConfig endpointConfig, CancellationToken cancellationToken)
   at Microsoft.AspNetCore.Server.Kestrel.Core.KestrelServerImpl.<>c__DisplayClass28_0`1.<<StartAsync>g__OnBind|0>d.MoveNext()
--- End of stack trace from previous location ---
   at Microsoft.AspNetCore.Server.Kestrel.Core.Internal.AddressBinder.BindEndpointAsync(ListenOptions endpoint, AddressBindContext context, CancellationToken cancellationToken)
   --- End of inner exception stack trace ---
   at Microsoft.AspNetCore.Server.Kestrel.Core.Internal.AddressBinder.BindEndpointAsync(ListenOptions endpoint, AddressBindContext context, CancellationToken cancellationToken)
   at Microsoft.AspNetCore.Server.Kestrel.Core.LocalhostListenOptions.BindAsync(AddressBindContext context, CancellationToken cancellationToken)
   at Microsoft.AspNetCore.Server.Kestrel.Core.Internal.AddressBinder.AddressesStrategy.BindAsync(AddressBindContext context, CancellationToken cancellationToken)
   at Microsoft.AspNetCore.Server.Kestrel.Core.KestrelServerImpl.BindAsync(CancellationToken cancellationToken)
   at Microsoft.AspNetCore.Server.Kestrel.Core.KestrelServerImpl.StartAsync[TContext](IHttpApplication`1 application, CancellationToken cancellationToken)
   at Microsoft.AspNetCore.Hosting.GenericWebHostService.StartAsync(CancellationToken cancellationToken)
   at Microsoft.Extensions.Hosting.Internal.Host.<StartAsync>b__14_1(IHostedService service, CancellationToken token)
   at Microsoft.Extensions.Hosting.Internal.Host.ForeachService[T](IEnumerable`1 services, CancellationToken token, Boolean concurrent, Boolean abortOnFirstException, List`1 exceptions, Func`3 operation)
2026-07-02 09:03:50.833 +03:00 [FTL] Application terminated unexpectedly
System.IO.IOException: Failed to bind to address http://127.0.0.1:5128: address already in use.
 ---> Microsoft.AspNetCore.Connections.AddressInUseException: Normal olarak her yuva adresi (iletişim kuralı/ağ adresi/bağlantı noktası) için yalnızca bir kullanıma izin veriliyor.
 ---> System.Net.Sockets.SocketException (10048): Normal olarak her yuva adresi (iletişim kuralı/ağ adresi/bağlantı noktası) için yalnızca bir kullanıma izin veriliyor.
   at System.Net.Sockets.Socket.UpdateStatusAfterSocketErrorAndThrowException(SocketError error, Boolean disconnectOnFailure, String callerName)
   at System.Net.Sockets.Socket.DoBind(EndPoint endPointSnapshot, SocketAddress socketAddress)
   at System.Net.Sockets.Socket.Bind(EndPoint localEP)
   at Microsoft.AspNetCore.Server.Kestrel.Transport.Sockets.SocketTransportOptions.CreateDefaultBoundListenSocket(EndPoint endpoint)
   at Microsoft.AspNetCore.Server.Kestrel.Transport.Sockets.SocketConnectionListener.Bind()
   --- End of inner exception stack trace ---
   at Microsoft.AspNetCore.Server.Kestrel.Transport.Sockets.SocketConnectionListener.Bind()
   at Microsoft.AspNetCore.Server.Kestrel.Transport.Sockets.SocketTransportFactory.BindAsync(EndPoint endpoint, CancellationToken cancellationToken)
   at Microsoft.AspNetCore.Server.Kestrel.Core.Internal.Infrastructure.TransportManager.BindAsync(EndPoint endPoint, ConnectionDelegate connectionDelegate, EndpointConfig endpointConfig, CancellationToken cancellationToken)
   at Microsoft.AspNetCore.Server.Kestrel.Core.KestrelServerImpl.<>c__DisplayClass28_0`1.<<StartAsync>g__OnBind|0>d.MoveNext()
--- End of stack trace from previous location ---
   at Microsoft.AspNetCore.Server.Kestrel.Core.Internal.AddressBinder.BindEndpointAsync(ListenOptions endpoint, AddressBindContext context, CancellationToken cancellationToken)
   --- End of inner exception stack trace ---
   at Microsoft.AspNetCore.Server.Kestrel.Core.Internal.AddressBinder.BindEndpointAsync(ListenOptions endpoint, AddressBindContext context, CancellationToken cancellationToken)
   at Microsoft.AspNetCore.Server.Kestrel.Core.LocalhostListenOptions.BindAsync(AddressBindContext context, CancellationToken cancellationToken)
   at Microsoft.AspNetCore.Server.Kestrel.Core.Internal.AddressBinder.AddressesStrategy.BindAsync(AddressBindContext context, CancellationToken cancellationToken)
   at Microsoft.AspNetCore.Server.Kestrel.Core.KestrelServerImpl.BindAsync(CancellationToken cancellationToken)
   at Microsoft.AspNetCore.Server.Kestrel.Core.KestrelServerImpl.StartAsync[TContext](IHttpApplication`1 application, CancellationToken cancellationToken)
   at Microsoft.AspNetCore.Hosting.GenericWebHostService.StartAsync(CancellationToken cancellationToken)
   at Microsoft.Extensions.Hosting.Internal.Host.<StartAsync>b__14_1(IHostedService service, CancellationToken token)
   at Microsoft.Extensions.Hosting.Internal.Host.ForeachService[T](IEnumerable`1 services, CancellationToken token, Boolean concurrent, Boolean abortOnFirstException, List`1 exceptions, Func`3 operation)
   at Microsoft.Extensions.Hosting.Internal.Host.StartAsync(CancellationToken cancellationToken)
   at Microsoft.Extensions.Hosting.HostingAbstractionsHostExtensions.RunAsync(IHost host, CancellationToken token)
   at Microsoft.Extensions.Hosting.HostingAbstractionsHostExtensions.RunAsync(IHost host, CancellationToken token)
   at Microsoft.Extensions.Hosting.HostingAbstractionsHostExtensions.Run(IHost host)
   at Program.<Main>$(String[] args) in C:\Users\mustafa\Desktop\algı yönetimi\RealityLens\apps\api\src\RealityLens.Presentation\Program.cs:line 97
2026-07-02 09:07:05.360 +03:00 [FTL] Application terminated unexpectedly
Microsoft.Extensions.Hosting.HostAbortedException: The host was aborted.
   at Microsoft.Extensions.Hosting.HostFactoryResolver.HostingListener.ThrowHostAborted()
   at Microsoft.Extensions.Hosting.HostFactoryResolver.HostingListener.OnNext(KeyValuePair`2 value)
   at System.Diagnostics.DiagnosticListener.Write(String name, Object value)
   at Microsoft.Extensions.Hosting.HostBuilder.ResolveHost(IServiceProvider serviceProvider, DiagnosticListener diagnosticListener)
   at Microsoft.Extensions.Hosting.HostApplicationBuilder.Build()
   at Microsoft.AspNetCore.Builder.WebApplicationBuilder.Build()
   at Program.<Main>$(String[] args) in C:\Users\mustafa\Desktop\algı yönetimi\RealityLens\apps\api\src\RealityLens.Presentation\Program.cs:line 75
2026-07-02 09:07:30.468 +03:00 [FTL] Application terminated unexpectedly
Microsoft.Extensions.Hosting.HostAbortedException: The host was aborted.
   at Microsoft.Extensions.Hosting.HostFactoryResolver.HostingListener.ThrowHostAborted()
   at Microsoft.Extensions.Hosting.HostFactoryResolver.HostingListener.OnNext(KeyValuePair`2 value)
   at System.Diagnostics.DiagnosticListener.Write(String name, Object value)
   at Microsoft.Extensions.Hosting.HostBuilder.ResolveHost(IServiceProvider serviceProvider, DiagnosticListener diagnosticListener)
   at Microsoft.Extensions.Hosting.HostApplicationBuilder.Build()
   at Microsoft.AspNetCore.Builder.WebApplicationBuilder.Build()
   at Program.<Main>$(String[] args) in C:\Users\mustafa\Desktop\algı yönetimi\RealityLens\apps\api\src\RealityLens.Presentation\Program.cs:line 75
2026-07-02 09:07:41.716 +03:00 [FTL] Application terminated unexpectedly
Microsoft.Extensions.Hosting.HostAbortedException: The host was aborted.
   at Microsoft.Extensions.Hosting.HostFactoryResolver.HostingListener.ThrowHostAborted()
   at Microsoft.Extensions.Hosting.HostFactoryResolver.HostingListener.OnNext(KeyValuePair`2 value)
   at System.Diagnostics.DiagnosticListener.Write(String name, Object value)
   at Microsoft.Extensions.Hosting.HostBuilder.ResolveHost(IServiceProvider serviceProvider, DiagnosticListener diagnosticListener)
   at Microsoft.Extensions.Hosting.HostApplicationBuilder.Build()
   at Microsoft.AspNetCore.Builder.WebApplicationBuilder.Build()
   at Program.<Main>$(String[] args) in C:\Users\mustafa\Desktop\algı yönetimi\RealityLens\apps\api\src\RealityLens.Presentation\Program.cs:line 75
2026-07-02 09:07:54.333 +03:00 [FTL] Application terminated unexpectedly
Microsoft.Extensions.Hosting.HostAbortedException: The host was aborted.
   at Microsoft.Extensions.Hosting.HostFactoryResolver.HostingListener.ThrowHostAborted()
   at Microsoft.Extensions.Hosting.HostFactoryResolver.HostingListener.OnNext(KeyValuePair`2 value)
   at System.Diagnostics.DiagnosticListener.Write(String name, Object value)
   at Microsoft.Extensions.Hosting.HostBuilder.ResolveHost(IServiceProvider serviceProvider, DiagnosticListener diagnosticListener)
   at Microsoft.Extensions.Hosting.HostApplicationBuilder.Build()
   at Microsoft.AspNetCore.Builder.WebApplicationBuilder.Build()
   at Program.<Main>$(String[] args) in C:\Users\mustafa\Desktop\algı yönetimi\RealityLens\apps\api\src\RealityLens.Presentation\Program.cs:line 75
2026-07-02 09:08:30.045 +03:00 [INF] User profile is available. Using 'C:\Users\mustafa\AppData\Local\ASP.NET\DataProtection-Keys' as key repository and Windows DPAPI to encrypt keys at rest.
2026-07-02 09:08:30.105 +03:00 [ERR] Hosting failed to start
System.IO.IOException: Failed to bind to address http://127.0.0.1:5128: address already in use.
 ---> Microsoft.AspNetCore.Connections.AddressInUseException: Normal olarak her yuva adresi (iletişim kuralı/ağ adresi/bağlantı noktası) için yalnızca bir kullanıma izin veriliyor.
 ---> System.Net.Sockets.SocketException (10048): Normal olarak her yuva adresi (iletişim kuralı/ağ adresi/bağlantı noktası) için yalnızca bir kullanıma izin veriliyor.
   at System.Net.Sockets.Socket.UpdateStatusAfterSocketErrorAndThrowException(SocketError error, Boolean disconnectOnFailure, String callerName)
   at System.Net.Sockets.Socket.DoBind(EndPoint endPointSnapshot, SocketAddress socketAddress)
   at System.Net.Sockets.Socket.Bind(EndPoint localEP)
   at Microsoft.AspNetCore.Server.Kestrel.Transport.Sockets.SocketTransportOptions.CreateDefaultBoundListenSocket(EndPoint endpoint)
   at Microsoft.AspNetCore.Server.Kestrel.Transport.Sockets.SocketConnectionListener.Bind()
   --- End of inner exception stack trace ---
   at Microsoft.AspNetCore.Server.Kestrel.Transport.Sockets.SocketConnectionListener.Bind()
   at Microsoft.AspNetCore.Server.Kestrel.Transport.Sockets.SocketTransportFactory.BindAsync(EndPoint endpoint, CancellationToken cancellationToken)
   at Microsoft.AspNetCore.Server.Kestrel.Core.Internal.Infrastructure.TransportManager.BindAsync(EndPoint endPoint, ConnectionDelegate connectionDelegate, EndpointConfig endpointConfig, CancellationToken cancellationToken)
   at Microsoft.AspNetCore.Server.Kestrel.Core.KestrelServerImpl.<>c__DisplayClass28_0`1.<<StartAsync>g__OnBind|0>d.MoveNext()
--- End of stack trace from previous location ---
   at Microsoft.AspNetCore.Server.Kestrel.Core.Internal.AddressBinder.BindEndpointAsync(ListenOptions endpoint, AddressBindContext context, CancellationToken cancellationToken)
   --- End of inner exception stack trace ---
   at Microsoft.AspNetCore.Server.Kestrel.Core.Internal.AddressBinder.BindEndpointAsync(ListenOptions endpoint, AddressBindContext context, CancellationToken cancellationToken)
   at Microsoft.AspNetCore.Server.Kestrel.Core.LocalhostListenOptions.BindAsync(AddressBindContext context, CancellationToken cancellationToken)
   at Microsoft.AspNetCore.Server.Kestrel.Core.Internal.AddressBinder.AddressesStrategy.BindAsync(AddressBindContext context, CancellationToken cancellationToken)
   at Microsoft.AspNetCore.Server.Kestrel.Core.KestrelServerImpl.BindAsync(CancellationToken cancellationToken)
   at Microsoft.AspNetCore.Server.Kestrel.Core.KestrelServerImpl.StartAsync[TContext](IHttpApplication`1 application, CancellationToken cancellationToken)
   at Microsoft.AspNetCore.Hosting.GenericWebHostService.StartAsync(CancellationToken cancellationToken)
   at Microsoft.Extensions.Hosting.Internal.Host.<StartAsync>b__14_1(IHostedService service, CancellationToken token)
   at Microsoft.Extensions.Hosting.Internal.Host.ForeachService[T](IEnumerable`1 services, CancellationToken token, Boolean concurrent, Boolean abortOnFirstException, List`1 exceptions, Func`3 operation)
2026-07-02 09:08:30.113 +03:00 [FTL] Application terminated unexpectedly
System.IO.IOException: Failed to bind to address http://127.0.0.1:5128: address already in use.
 ---> Microsoft.AspNetCore.Connections.AddressInUseException: Normal olarak her yuva adresi (iletişim kuralı/ağ adresi/bağlantı noktası) için yalnızca bir kullanıma izin veriliyor.
 ---> System.Net.Sockets.SocketException (10048): Normal olarak her yuva adresi (iletişim kuralı/ağ adresi/bağlantı noktası) için yalnızca bir kullanıma izin veriliyor.
   at System.Net.Sockets.Socket.UpdateStatusAfterSocketErrorAndThrowException(SocketError error, Boolean disconnectOnFailure, String callerName)
   at System.Net.Sockets.Socket.DoBind(EndPoint endPointSnapshot, SocketAddress socketAddress)
   at System.Net.Sockets.Socket.Bind(EndPoint localEP)
   at Microsoft.AspNetCore.Server.Kestrel.Transport.Sockets.SocketTransportOptions.CreateDefaultBoundListenSocket(EndPoint endpoint)
   at Microsoft.AspNetCore.Server.Kestrel.Transport.Sockets.SocketConnectionListener.Bind()
   --- End of inner exception stack trace ---
   at Microsoft.AspNetCore.Server.Kestrel.Transport.Sockets.SocketConnectionListener.Bind()
   at Microsoft.AspNetCore.Server.Kestrel.Transport.Sockets.SocketTransportFactory.BindAsync(EndPoint endpoint, CancellationToken cancellationToken)
   at Microsoft.AspNetCore.Server.Kestrel.Core.Internal.Infrastructure.TransportManager.BindAsync(EndPoint endPoint, ConnectionDelegate connectionDelegate, EndpointConfig endpointConfig, CancellationToken cancellationToken)
   at Microsoft.AspNetCore.Server.Kestrel.Core.KestrelServerImpl.<>c__DisplayClass28_0`1.<<StartAsync>g__OnBind|0>d.MoveNext()
--- End of stack trace from previous location ---
   at Microsoft.AspNetCore.Server.Kestrel.Core.Internal.AddressBinder.BindEndpointAsync(ListenOptions endpoint, AddressBindContext context, CancellationToken cancellationToken)
   --- End of inner exception stack trace ---
   at Microsoft.AspNetCore.Server.Kestrel.Core.Internal.AddressBinder.BindEndpointAsync(ListenOptions endpoint, AddressBindContext context, CancellationToken cancellationToken)
   at Microsoft.AspNetCore.Server.Kestrel.Core.LocalhostListenOptions.BindAsync(AddressBindContext context, CancellationToken cancellationToken)
   at Microsoft.AspNetCore.Server.Kestrel.Core.Internal.AddressBinder.AddressesStrategy.BindAsync(AddressBindContext context, CancellationToken cancellationToken)
   at Microsoft.AspNetCore.Server.Kestrel.Core.KestrelServerImpl.BindAsync(CancellationToken cancellationToken)
   at Microsoft.AspNetCore.Server.Kestrel.Core.KestrelServerImpl.StartAsync[TContext](IHttpApplication`1 application, CancellationToken cancellationToken)
   at Microsoft.AspNetCore.Hosting.GenericWebHostService.StartAsync(CancellationToken cancellationToken)
   at Microsoft.Extensions.Hosting.Internal.Host.<StartAsync>b__14_1(IHostedService service, CancellationToken token)
   at Microsoft.Extensions.Hosting.Internal.Host.ForeachService[T](IEnumerable`1 services, CancellationToken token, Boolean concurrent, Boolean abortOnFirstException, List`1 exceptions, Func`3 operation)
   at Microsoft.Extensions.Hosting.Internal.Host.StartAsync(CancellationToken cancellationToken)
   at Microsoft.Extensions.Hosting.HostingAbstractionsHostExtensions.RunAsync(IHost host, CancellationToken token)
   at Microsoft.Extensions.Hosting.HostingAbstractionsHostExtensions.RunAsync(IHost host, CancellationToken token)
   at Microsoft.Extensions.Hosting.HostingAbstractionsHostExtensions.Run(IHost host)
   at Program.<Main>$(String[] args) in C:\Users\mustafa\Desktop\algı yönetimi\RealityLens\apps\api\src\RealityLens.Presentation\Program.cs:line 97
2026-07-02 11:51:00.038 +03:00 [INF] User profile is available. Using 'C:\Users\mustafa\AppData\Local\ASP.NET\DataProtection-Keys' as key repository and Windows DPAPI to encrypt keys at rest.
2026-07-02 11:51:00.172 +03:00 [INF] Now listening on: http://localhost:5128
2026-07-02 11:51:00.173 +03:00 [INF] Application started. Press Ctrl+C to shut down.
2026-07-02 11:51:00.174 +03:00 [INF] Hosting environment: Development
2026-07-02 11:51:00.174 +03:00 [INF] Content root path: C:\Users\mustafa\Desktop\algı yönetimi\RealityLens\apps\api\src\RealityLens.Presentation
2026-07-02 11:51:07.054 +03:00 [INF] Request starting HTTP/1.1 GET http://localhost:5128/swagger/index.html - null null
2026-07-02 11:51:07.150 +03:00 [INF] Request finished HTTP/1.1 GET http://localhost:5128/swagger/index.html - 200 null text/html;charset=utf-8 97.0451ms
2026-07-02 11:51:07.179 +03:00 [INF] Request starting HTTP/1.1 GET http://localhost:5128/swagger/index.js - null null
2026-07-02 11:51:07.184 +03:00 [INF] Request finished HTTP/1.1 GET http://localhost:5128/swagger/index.js - 200 null application/javascript;charset=utf-8 5.1042ms
2026-07-02 11:51:07.258 +03:00 [INF] Request starting HTTP/1.1 GET http://localhost:5128/swagger/v1/swagger.json - null null
2026-07-02 11:51:07.415 +03:00 [INF] Request finished HTTP/1.1 GET http://localhost:5128/swagger/v1/swagger.json - 200 null application/json;charset=utf-8 157.6411ms
2026-07-02 11:51:52.408 +03:00 [INF] Request starting HTTP/1.1 GET http://localhost:5128/swagger/index.html - null null
2026-07-02 11:51:52.409 +03:00 [INF] Request finished HTTP/1.1 GET http://localhost:5128/swagger/index.html - 200 null text/html;charset=utf-8 0.6813ms
2026-07-02 11:51:52.427 +03:00 [INF] Request starting HTTP/1.1 GET http://localhost:5128/swagger/index.js - null null
2026-07-02 11:51:52.428 +03:00 [INF] Request finished HTTP/1.1 GET http://localhost:5128/swagger/index.js - 200 null application/javascript;charset=utf-8 0.5738ms
2026-07-02 11:51:52.451 +03:00 [INF] Request starting HTTP/1.1 GET http://localhost:5128/swagger/v1/swagger.json - null null
2026-07-02 11:51:52.462 +03:00 [INF] Request finished HTTP/1.1 GET http://localhost:5128/swagger/v1/swagger.json - 200 null application/json;charset=utf-8 11.4932ms
2026-07-02 11:51:52.573 +03:00 [INF] Request starting HTTP/1.1 GET http://localhost:5128/swagger/index.html - null null
2026-07-02 11:51:52.574 +03:00 [INF] Request finished HTTP/1.1 GET http://localhost:5128/swagger/index.html - 200 null text/html;charset=utf-8 0.5342ms
2026-07-02 11:51:52.586 +03:00 [INF] Request starting HTTP/1.1 GET http://localhost:5128/swagger/index.js - null null
2026-07-02 11:51:52.586 +03:00 [INF] Request finished HTTP/1.1 GET http://localhost:5128/swagger/index.js - 200 null application/javascript;charset=utf-8 0.4457ms
2026-07-02 11:51:52.608 +03:00 [INF] Request starting HTTP/1.1 GET http://localhost:5128/swagger/v1/swagger.json - null null
2026-07-02 11:51:52.622 +03:00 [INF] Request finished HTTP/1.1 GET http://localhost:5128/swagger/v1/swagger.json - 200 null application/json;charset=utf-8 13.609ms
2026-07-02 11:51:53.143 +03:00 [INF] Request starting HTTP/1.1 GET http://localhost:5128/swagger/index.html - null null
2026-07-02 11:51:53.143 +03:00 [INF] Request finished HTTP/1.1 GET http://localhost:5128/swagger/index.html - 200 null text/html;charset=utf-8 0.5679ms
2026-07-02 11:51:53.159 +03:00 [INF] Request starting HTTP/1.1 GET http://localhost:5128/swagger/index.js - null null
2026-07-02 11:51:53.159 +03:00 [INF] Request finished HTTP/1.1 GET http://localhost:5128/swagger/index.js - 200 null application/javascript;charset=utf-8 0.4553ms
2026-07-02 11:51:53.188 +03:00 [INF] Request starting HTTP/1.1 GET http://localhost:5128/swagger/v1/swagger.json - null null
2026-07-02 11:51:53.196 +03:00 [INF] Request finished HTTP/1.1 GET http://localhost:5128/swagger/v1/swagger.json - 200 null application/json;charset=utf-8 8.0349ms
2026-07-02 11:51:53.349 +03:00 [INF] Request starting HTTP/1.1 GET http://localhost:5128/swagger/index.html - null null
2026-07-02 11:51:53.350 +03:00 [INF] Request finished HTTP/1.1 GET http://localhost:5128/swagger/index.html - 200 null text/html;charset=utf-8 0.5822ms
2026-07-02 11:51:53.364 +03:00 [INF] Request starting HTTP/1.1 GET http://localhost:5128/swagger/index.js - null null
2026-07-02 11:51:53.364 +03:00 [INF] Request finished HTTP/1.1 GET http://localhost:5128/swagger/index.js - 200 null application/javascript;charset=utf-8 0.4263ms
2026-07-02 11:51:53.385 +03:00 [INF] Request starting HTTP/1.1 GET http://localhost:5128/swagger/v1/swagger.json - null null
2026-07-02 11:51:53.392 +03:00 [INF] Request finished HTTP/1.1 GET http://localhost:5128/swagger/v1/swagger.json - 200 null application/json;charset=utf-8 7.3154ms
2026-07-02 11:51:53.536 +03:00 [INF] Request starting HTTP/1.1 GET http://localhost:5128/swagger/index.html - null null
2026-07-02 11:51:53.537 +03:00 [INF] Request finished HTTP/1.1 GET http://localhost:5128/swagger/index.html - 200 null text/html;charset=utf-8 0.4819ms
2026-07-02 11:51:53.550 +03:00 [INF] Request starting HTTP/1.1 GET http://localhost:5128/swagger/index.js - null null
2026-07-02 11:51:53.550 +03:00 [INF] Request finished HTTP/1.1 GET http://localhost:5128/swagger/index.js - 200 null application/javascript;charset=utf-8 0.4591ms
2026-07-02 11:51:53.569 +03:00 [INF] Request starting HTTP/1.1 GET http://localhost:5128/swagger/v1/swagger.json - null null
2026-07-02 11:51:53.580 +03:00 [INF] Request finished HTTP/1.1 GET http://localhost:5128/swagger/v1/swagger.json - 200 null application/json;charset=utf-8 10.8022ms
2026-07-02 11:51:53.713 +03:00 [INF] Request starting HTTP/1.1 GET http://localhost:5128/swagger/index.html - null null
2026-07-02 11:51:53.713 +03:00 [INF] Request finished HTTP/1.1 GET http://localhost:5128/swagger/index.html - 200 null text/html;charset=utf-8 0.4904ms
2026-07-02 11:51:53.727 +03:00 [INF] Request starting HTTP/1.1 GET http://localhost:5128/swagger/index.js - null null
2026-07-02 11:51:53.728 +03:00 [INF] Request finished HTTP/1.1 GET http://localhost:5128/swagger/index.js - 200 null application/javascript;charset=utf-8 0.4556ms
2026-07-02 11:51:53.775 +03:00 [INF] Request starting HTTP/1.1 GET http://localhost:5128/swagger/v1/swagger.json - null null
2026-07-02 11:51:53.782 +03:00 [INF] Request finished HTTP/1.1 GET http://localhost:5128/swagger/v1/swagger.json - 200 null application/json;charset=utf-8 6.8095ms
2026-07-02 11:51:53.889 +03:00 [INF] Request starting HTTP/1.1 GET http://localhost:5128/swagger/index.html - null null
2026-07-02 11:51:53.890 +03:00 [INF] Request finished HTTP/1.1 GET http://localhost:5128/swagger/index.html - 200 null text/html;charset=utf-8 0.5117ms
2026-07-02 11:51:53.913 +03:00 [INF] Request starting HTTP/1.1 GET http://localhost:5128/swagger/index.js - null null
2026-07-02 11:51:53.913 +03:00 [INF] Request finished HTTP/1.1 GET http://localhost:5128/swagger/index.js - 200 null application/javascript;charset=utf-8 0.4267ms
2026-07-02 11:51:53.926 +03:00 [INF] Request starting HTTP/1.1 GET http://localhost:5128/swagger/v1/swagger.json - null null
2026-07-02 11:51:53.932 +03:00 [INF] Request finished HTTP/1.1 GET http://localhost:5128/swagger/v1/swagger.json - 200 null application/json;charset=utf-8 5.956ms
2026-07-02 11:51:54.056 +03:00 [INF] Request starting HTTP/1.1 GET http://localhost:5128/swagger/index.html - null null
2026-07-02 11:51:54.057 +03:00 [INF] Request finished HTTP/1.1 GET http://localhost:5128/swagger/index.html - 200 null text/html;charset=utf-8 0.741ms
2026-07-02 11:51:54.070 +03:00 [INF] Request starting HTTP/1.1 GET http://localhost:5128/swagger/index.js - null null
2026-07-02 11:51:54.071 +03:00 [INF] Request finished HTTP/1.1 GET http://localhost:5128/swagger/index.js - 200 null application/javascript;charset=utf-8 0.5128ms
2026-07-02 11:51:54.096 +03:00 [INF] Request starting HTTP/1.1 GET http://localhost:5128/swagger/v1/swagger.json - null null
2026-07-02 11:51:54.104 +03:00 [INF] Request finished HTTP/1.1 GET http://localhost:5128/swagger/v1/swagger.json - 200 null application/json;charset=utf-8 8.6332ms
2026-07-02 11:51:54.227 +03:00 [INF] Request starting HTTP/1.1 GET http://localhost:5128/swagger/index.html - null null
2026-07-02 11:51:54.227 +03:00 [INF] Request finished HTTP/1.1 GET http://localhost:5128/swagger/index.html - 200 null text/html;charset=utf-8 0.4156ms
2026-07-02 11:51:54.239 +03:00 [INF] Request starting HTTP/1.1 GET http://localhost:5128/swagger/index.js - null null
2026-07-02 11:51:54.239 +03:00 [INF] Request finished HTTP/1.1 GET http://localhost:5128/swagger/index.js - 200 null application/javascript;charset=utf-8 0.4485ms
2026-07-02 11:51:54.264 +03:00 [INF] Request starting HTTP/1.1 GET http://localhost:5128/swagger/v1/swagger.json - null null
2026-07-02 11:51:54.277 +03:00 [INF] Request finished HTTP/1.1 GET http://localhost:5128/swagger/v1/swagger.json - 200 null application/json;charset=utf-8 12.7785ms
2026-07-02 11:51:54.384 +03:00 [INF] Request starting HTTP/1.1 GET http://localhost:5128/swagger/index.html - null null
2026-07-02 11:51:54.385 +03:00 [INF] Request finished HTTP/1.1 GET http://localhost:5128/swagger/index.html - 200 null text/html;charset=utf-8 0.4055ms
2026-07-02 11:51:54.399 +03:00 [INF] Request starting HTTP/1.1 GET http://localhost:5128/swagger/index.js - null null
2026-07-02 11:51:54.399 +03:00 [INF] Request finished HTTP/1.1 GET http://localhost:5128/swagger/index.js - 200 null application/javascript;charset=utf-8 0.4179ms
2026-07-02 11:51:54.418 +03:00 [INF] Request starting HTTP/1.1 GET http://localhost:5128/swagger/v1/swagger.json - null null
2026-07-02 11:51:54.423 +03:00 [INF] Request finished HTTP/1.1 GET http://localhost:5128/swagger/v1/swagger.json - 200 null application/json;charset=utf-8 5.2718ms
