2026-07-02 08:56:56.221 +03:00 [INF] User profile is available. Using 'C:\Users\mustafa\AppData\Local\ASP.NET\DataProtection-Keys' as key repository and Windows DPAPI to encrypt keys at rest.
2026-07-02 08:56:56.351 +03:00 [INF] Now listening on: http://localhost:5128
2026-07-02 08:56:56.353 +03:00 [INF] Application started. Press Ctrl+C to shut down.
2026-07-02 08:56:56.354 +03:00 [INF] Hosting environment: Development
2026-07-02 08:56:56.355 +03:00 [INF] Content root path: C:\Users\mustafa\Desktop\algı yönetimi\RealityLens\apps\api\src\RealityLens.Presentation
2026-07-02 08:57:06.378 +03:00 [INF] Application is shutting down...
2026-07-02 08:57:23.423 +03:00 [INF] User profile is available. Using 'C:\Users\mustafa\AppData\Local\ASP.NET\DataProtection-Keys' as key repository and Windows DPAPI to encrypt keys at rest.
2026-07-02 08:57:23.486 +03:00 [INF] Now listening on: http://localhost:5128
2026-07-02 08:57:23.488 +03:00 [INF] Application started. Press Ctrl+C to shut down.
2026-07-02 08:57:23.488 +03:00 [INF] Hosting environment: Development
2026-07-02 08:57:23.489 +03:00 [INF] Content root path: C:\Users\mustafa\Desktop\algı yönetimi\RealityLens\apps\api\src\RealityLens.Presentation
2026-07-02 08:57:30.360 +03:00 [INF] Request starting HTTP/1.1 GET http://localhost:5128/ - null null
2026-07-02 08:57:30.398 +03:00 [WRN] Failed to determine the https port for redirect.
2026-07-02 08:57:30.423 +03:00 [INF] HTTP GET / responded 404 in 25.7319 ms
2026-07-02 08:57:30.435 +03:00 [INF] Request finished HTTP/1.1 GET http://localhost:5128/ - 404 0 null 76.3091ms
2026-07-02 08:57:30.441 +03:00 [INF] Request reached the end of the middleware pipeline without being handled by application code. Request path: GET http://localhost:5128/, Response status code: 404
2026-07-02 08:58:20.386 +03:00 [INF] Request starting HTTP/1.1 GET http://localhost:5128/swagger - null null
2026-07-02 08:58:20.392 +03:00 [INF] Request finished HTTP/1.1 GET http://localhost:5128/swagger - 301 0 null 6.5764ms
2026-07-02 08:58:20.397 +03:00 [INF] Request starting HTTP/1.1 GET http://localhost:5128/swagger/index.html - null null
2026-07-02 08:58:20.458 +03:00 [INF] Request finished HTTP/1.1 GET http://localhost:5128/swagger/index.html - 200 null text/html;charset=utf-8 61.3228ms
2026-07-02 08:58:20.475 +03:00 [INF] Request starting HTTP/1.1 GET http://localhost:5128/swagger/swagger-ui.css - null null
2026-07-02 08:58:20.475 +03:00 [INF] Request starting HTTP/1.1 GET http://localhost:5128/swagger/index.css - null null
2026-07-02 08:58:20.476 +03:00 [INF] Request starting HTTP/1.1 GET http://localhost:5128/swagger/swagger-ui-bundle.js - null null
2026-07-02 08:58:20.476 +03:00 [INF] Request starting HTTP/1.1 GET http://localhost:5128/swagger/swagger-ui-standalone-preset.js - null null
2026-07-02 08:58:20.476 +03:00 [INF] Request starting HTTP/1.1 GET http://localhost:5128/swagger/index.js - null null
2026-07-02 08:58:20.482 +03:00 [INF] Request finished HTTP/1.1 GET http://localhost:5128/swagger/index.js - 200 null application/javascript;charset=utf-8 5.7604ms
2026-07-02 08:58:20.487 +03:00 [INF] Sending file. Request path: '/index.css'. Physical path: 'N/A'
2026-07-02 08:58:20.488 +03:00 [INF] Request finished HTTP/1.1 GET http://localhost:5128/swagger/index.css - 200 202 text/css 13.083ms
2026-07-02 08:58:20.490 +03:00 [INF] Sending file. Request path: '/swagger-ui.css'. Physical path: 'N/A'
2026-07-02 08:58:20.491 +03:00 [INF] Sending file. Request path: '/swagger-ui-standalone-preset.js'. Physical path: 'N/A'
2026-07-02 08:58:20.492 +03:00 [INF] Request finished HTTP/1.1 GET http://localhost:5128/swagger/swagger-ui.css - 200 154948 text/css 17.007ms
2026-07-02 08:58:20.492 +03:00 [INF] Request finished HTTP/1.1 GET http://localhost:5128/swagger/swagger-ui-standalone-preset.js - 200 229223 text/javascript 16.0522ms
2026-07-02 08:58:20.499 +03:00 [INF] Sending file. Request path: '/swagger-ui-bundle.js'. Physical path: 'N/A'
2026-07-02 08:58:20.500 +03:00 [INF] Request finished HTTP/1.1 GET http://localhost:5128/swagger/swagger-ui-bundle.js - 200 1466324 text/javascript 24.5008ms
2026-07-02 08:58:20.613 +03:00 [INF] Request starting HTTP/1.1 GET http://localhost:5128/swagger/v1/swagger.json - null null
2026-07-02 08:58:20.632 +03:00 [INF] Request starting HTTP/1.1 GET http://localhost:5128/swagger/favicon-32x32.png - null null
2026-07-02 08:58:20.634 +03:00 [INF] Sending file. Request path: '/favicon-32x32.png'. Physical path: 'N/A'
2026-07-02 08:58:20.635 +03:00 [INF] Request finished HTTP/1.1 GET http://localhost:5128/swagger/favicon-32x32.png - 200 628 image/png 3.2838ms
2026-07-02 08:58:20.729 +03:00 [INF] Request finished HTTP/1.1 GET http://localhost:5128/swagger/v1/swagger.json - 200 null application/json;charset=utf-8 115.8436ms
2026-07-02 09:01:40.954 +03:00 [INF] Request starting HTTP/1.1 POST http://localhost:5128/api/auth/login - application/json 68
2026-07-02 09:01:40.958 +03:00 [INF] CORS policy execution successful.
2026-07-02 09:01:40.962 +03:00 [INF] Executing endpoint 'RealityLens.Presentation.Controllers.AuthController.Login (RealityLens.Presentation)'
2026-07-02 09:01:40.980 +03:00 [INF] Route matched with {action = "Login", controller = "Auth"}. Executing controller action with signature System.Threading.Tasks.Task`1[Microsoft.AspNetCore.Mvc.IActionResult] Login(RealityLens.Application.DTOs.Auth.LoginRequest, System.Threading.CancellationToken) on controller RealityLens.Presentation.Controllers.AuthController (RealityLens.Presentation).
2026-07-02 09:01:42.248 +03:00 [ERR] An error occurred using the connection to database 'realitylens_dev' on server 'tcp://localhost:5432'.
2026-07-02 09:01:42.260 +03:00 [ERR] An exception occurred while iterating over the results of a query for context type 'RealityLens.Persistence.RealityLensDbContext'.
Npgsql.PostgresException (0x80004005): 3D000: database "realitylens_dev" does not exist
   at Npgsql.Internal.NpgsqlConnector.ReadMessageLong(Boolean async, DataRowLoadingMode dataRowLoadingMode, Boolean readingNotifications, Boolean isReadingPrependedMessage)
   at System.Runtime.CompilerServices.PoolingAsyncValueTaskMethodBuilder`1.StateMachineBox`1.System.Threading.Tasks.Sources.IValueTaskSource<TResult>.GetResult(Int16 token)
   at Npgsql.Internal.NpgsqlConnector.<Open>g__OpenCore|214_1(NpgsqlConnector conn, SslMode sslMode, NpgsqlTimeout timeout, Boolean async, CancellationToken cancellationToken)
   at Npgsql.Internal.NpgsqlConnector.Open(NpgsqlTimeout timeout, Boolean async, CancellationToken cancellationToken)
   at Npgsql.PoolingDataSource.OpenNewConnector(NpgsqlConnection conn, NpgsqlTimeout timeout, Boolean async, CancellationToken cancellationToken)
   at Npgsql.PoolingDataSource.<Get>g__RentAsync|33_0(NpgsqlConnection conn, NpgsqlTimeout timeout, Boolean async, CancellationToken cancellationToken)
   at Npgsql.NpgsqlConnection.<Open>g__OpenAsync|42_0(Boolean async, CancellationToken cancellationToken)
   at Microsoft.EntityFrameworkCore.Storage.RelationalConnection.OpenInternalAsync(Boolean errorsExpected, CancellationToken cancellationToken)
   at Microsoft.EntityFrameworkCore.Storage.RelationalConnection.OpenInternalAsync(Boolean errorsExpected, CancellationToken cancellationToken)
   at Microsoft.EntityFrameworkCore.Storage.RelationalConnection.OpenAsync(CancellationToken cancellationToken, Boolean errorsExpected)
   at Microsoft.EntityFrameworkCore.Storage.RelationalCommand.ExecuteReaderAsync(RelationalCommandParameterObject parameterObject, CancellationToken cancellationToken)
   at Microsoft.EntityFrameworkCore.Query.Internal.SingleQueryingEnumerable`1.AsyncEnumerator.InitializeReaderAsync(AsyncEnumerator enumerator, CancellationToken cancellationToken)
   at Npgsql.EntityFrameworkCore.PostgreSQL.Storage.Internal.NpgsqlExecutionStrategy.ExecuteAsync[TState,TResult](TState state, Func`4 operation, Func`4 verifySucceeded, CancellationToken cancellationToken)
   at Microsoft.EntityFrameworkCore.Query.Internal.SingleQueryingEnumerable`1.AsyncEnumerator.MoveNextAsync()
  Exception data:
    Severity: FATAL
    SqlState: 3D000
    MessageText: database "realitylens_dev" does not exist
    File: postinit.c
    Line: 1016
    Routine: InitPostgres
Npgsql.PostgresException (0x80004005): 3D000: database "realitylens_dev" does not exist
   at Npgsql.Internal.NpgsqlConnector.ReadMessageLong(Boolean async, DataRowLoadingMode dataRowLoadingMode, Boolean readingNotifications, Boolean isReadingPrependedMessage)
   at System.Runtime.CompilerServices.PoolingAsyncValueTaskMethodBuilder`1.StateMachineBox`1.System.Threading.Tasks.Sources.IValueTaskSource<TResult>.GetResult(Int16 token)
   at Npgsql.Internal.NpgsqlConnector.<Open>g__OpenCore|214_1(NpgsqlConnector conn, SslMode sslMode, NpgsqlTimeout timeout, Boolean async, CancellationToken cancellationToken)
   at Npgsql.Internal.NpgsqlConnector.Open(NpgsqlTimeout timeout, Boolean async, CancellationToken cancellationToken)
   at Npgsql.PoolingDataSource.OpenNewConnector(NpgsqlConnection conn, NpgsqlTimeout timeout, Boolean async, CancellationToken cancellationToken)
   at Npgsql.PoolingDataSource.<Get>g__RentAsync|33_0(NpgsqlConnection conn, NpgsqlTimeout timeout, Boolean async, CancellationToken cancellationToken)
   at Npgsql.NpgsqlConnection.<Open>g__OpenAsync|42_0(Boolean async, CancellationToken cancellationToken)
   at Microsoft.EntityFrameworkCore.Storage.RelationalConnection.OpenInternalAsync(Boolean errorsExpected, CancellationToken cancellationToken)
   at Microsoft.EntityFrameworkCore.Storage.RelationalConnection.OpenInternalAsync(Boolean errorsExpected, CancellationToken cancellationToken)
   at Microsoft.EntityFrameworkCore.Storage.RelationalConnection.OpenAsync(CancellationToken cancellationToken, Boolean errorsExpected)
   at Microsoft.EntityFrameworkCore.Storage.RelationalCommand.ExecuteReaderAsync(RelationalCommandParameterObject parameterObject, CancellationToken cancellationToken)
   at Microsoft.EntityFrameworkCore.Query.Internal.SingleQueryingEnumerable`1.AsyncEnumerator.InitializeReaderAsync(AsyncEnumerator enumerator, CancellationToken cancellationToken)
   at Npgsql.EntityFrameworkCore.PostgreSQL.Storage.Internal.NpgsqlExecutionStrategy.ExecuteAsync[TState,TResult](TState state, Func`4 operation, Func`4 verifySucceeded, CancellationToken cancellationToken)
   at Microsoft.EntityFrameworkCore.Query.Internal.SingleQueryingEnumerable`1.AsyncEnumerator.MoveNextAsync()
  Exception data:
    Severity: FATAL
    SqlState: 3D000
    MessageText: database "realitylens_dev" does not exist
    File: postinit.c
    Line: 1016
    Routine: InitPostgres
2026-07-02 09:01:42.269 +03:00 [INF] Executed action RealityLens.Presentation.Controllers.AuthController.Login (RealityLens.Presentation) in 1285.9084ms
2026-07-02 09:01:42.270 +03:00 [INF] Executed endpoint 'RealityLens.Presentation.Controllers.AuthController.Login (RealityLens.Presentation)'
2026-07-02 09:01:42.271 +03:00 [ERR] HTTP POST /api/auth/login responded 500 in 1314.4348 ms
Npgsql.PostgresException (0x80004005): 3D000: database "realitylens_dev" does not exist
   at Npgsql.Internal.NpgsqlConnector.ReadMessageLong(Boolean async, DataRowLoadingMode dataRowLoadingMode, Boolean readingNotifications, Boolean isReadingPrependedMessage)
   at System.Runtime.CompilerServices.PoolingAsyncValueTaskMethodBuilder`1.StateMachineBox`1.System.Threading.Tasks.Sources.IValueTaskSource<TResult>.GetResult(Int16 token)
   at Npgsql.Internal.NpgsqlConnector.<Open>g__OpenCore|214_1(NpgsqlConnector conn, SslMode sslMode, NpgsqlTimeout timeout, Boolean async, CancellationToken cancellationToken)
   at Npgsql.Internal.NpgsqlConnector.Open(NpgsqlTimeout timeout, Boolean async, CancellationToken cancellationToken)
   at Npgsql.PoolingDataSource.OpenNewConnector(NpgsqlConnection conn, NpgsqlTimeout timeout, Boolean async, CancellationToken cancellationToken)
   at Npgsql.PoolingDataSource.<Get>g__RentAsync|33_0(NpgsqlConnection conn, NpgsqlTimeout timeout, Boolean async, CancellationToken cancellationToken)
   at Npgsql.NpgsqlConnection.<Open>g__OpenAsync|42_0(Boolean async, CancellationToken cancellationToken)
   at Microsoft.EntityFrameworkCore.Storage.RelationalConnection.OpenInternalAsync(Boolean errorsExpected, CancellationToken cancellationToken)
   at Microsoft.EntityFrameworkCore.Storage.RelationalConnection.OpenInternalAsync(Boolean errorsExpected, CancellationToken cancellationToken)
   at Microsoft.EntityFrameworkCore.Storage.RelationalConnection.OpenAsync(CancellationToken cancellationToken, Boolean errorsExpected)
   at Microsoft.EntityFrameworkCore.Storage.RelationalCommand.ExecuteReaderAsync(RelationalCommandParameterObject parameterObject, CancellationToken cancellationToken)
   at Microsoft.EntityFrameworkCore.Query.Internal.SingleQueryingEnumerable`1.AsyncEnumerator.InitializeReaderAsync(AsyncEnumerator enumerator, CancellationToken cancellationToken)
   at Npgsql.EntityFrameworkCore.PostgreSQL.Storage.Internal.NpgsqlExecutionStrategy.ExecuteAsync[TState,TResult](TState state, Func`4 operation, Func`4 verifySucceeded, CancellationToken cancellationToken)
   at Microsoft.EntityFrameworkCore.Query.Internal.SingleQueryingEnumerable`1.AsyncEnumerator.MoveNextAsync()
   at Microsoft.EntityFrameworkCore.Query.ShapedQueryCompilingExpressionVisitor.SingleOrDefaultAsync[TSource](IAsyncEnumerable`1 asyncEnumerable, CancellationToken cancellationToken)
   at Microsoft.EntityFrameworkCore.Query.ShapedQueryCompilingExpressionVisitor.SingleOrDefaultAsync[TSource](IAsyncEnumerable`1 asyncEnumerable, CancellationToken cancellationToken)
   at RealityLens.Persistence.Services.AuthenticationService.LoginAsync(LoginRequest request, CancellationToken cancellationToken) in C:\Users\mustafa\Desktop\algı yönetimi\RealityLens\apps\api\src\RealityLens.Persistence\Services\AuthenticationService.cs:line 36
   at RealityLens.Presentation.Controllers.AuthController.Login(LoginRequest request, CancellationToken cancellationToken) in C:\Users\mustafa\Desktop\algı yönetimi\RealityLens\apps\api\src\RealityLens.Presentation\Controllers\AuthController.cs:line 33
   at Microsoft.AspNetCore.Mvc.Infrastructure.ActionMethodExecutor.TaskOfIActionResultExecutor.Execute(ActionContext actionContext, IActionResultTypeMapper mapper, ObjectMethodExecutor executor, Object controller, Object[] arguments)
   at Microsoft.AspNetCore.Mvc.Infrastructure.ControllerActionInvoker.<InvokeActionMethodAsync>g__Awaited|12_0(ControllerActionInvoker invoker, ValueTask`1 actionResultValueTask)
   at Microsoft.AspNetCore.Mvc.Infrastructure.ControllerActionInvoker.<InvokeNextActionFilterAsync>g__Awaited|10_0(ControllerActionInvoker invoker, Task lastTask, State next, Scope scope, Object state, Boolean isCompleted)
   at Microsoft.AspNetCore.Mvc.Infrastructure.ControllerActionInvoker.Rethrow(ActionExecutedContextSealed context)
   at Microsoft.AspNetCore.Mvc.Infrastructure.ControllerActionInvoker.Next(State& next, Scope& scope, Object& state, Boolean& isCompleted)
   at Microsoft.AspNetCore.Mvc.Infrastructure.ControllerActionInvoker.<InvokeInnerFilterAsync>g__Awaited|13_0(ControllerActionInvoker invoker, Task lastTask, State next, Scope scope, Object state, Boolean isCompleted)
   at Microsoft.AspNetCore.Mvc.Infrastructure.ResourceInvoker.<InvokeFilterPipelineAsync>g__Awaited|20_0(ResourceInvoker invoker, Task lastTask, State next, Scope scope, Object state, Boolean isCompleted)
   at Microsoft.AspNetCore.Mvc.Infrastructure.ResourceInvoker.<InvokeAsync>g__Logged|17_1(ResourceInvoker invoker)
   at Microsoft.AspNetCore.Mvc.Infrastructure.ResourceInvoker.<InvokeAsync>g__Logged|17_1(ResourceInvoker invoker)
   at Microsoft.AspNetCore.Routing.EndpointMiddleware.<Invoke>g__AwaitRequestTask|7_0(Endpoint endpoint, Task requestTask, ILogger logger)
   at Microsoft.AspNetCore.Authorization.AuthorizationMiddleware.Invoke(HttpContext context)
   at Microsoft.AspNetCore.Authentication.AuthenticationMiddleware.Invoke(HttpContext context)
   at Serilog.AspNetCore.RequestLoggingMiddleware.Invoke(HttpContext httpContext)
  Exception data:
    Severity: FATAL
    SqlState: 3D000
    MessageText: database "realitylens_dev" does not exist
    File: postinit.c
    Line: 1016
    Routine: InitPostgres
2026-07-02 09:01:42.297 +03:00 [ERR] An unhandled exception occurred.
Npgsql.PostgresException (0x80004005): 3D000: database "realitylens_dev" does not exist
   at Npgsql.Internal.NpgsqlConnector.ReadMessageLong(Boolean async, DataRowLoadingMode dataRowLoadingMode, Boolean readingNotifications, Boolean isReadingPrependedMessage)
   at System.Runtime.CompilerServices.PoolingAsyncValueTaskMethodBuilder`1.StateMachineBox`1.System.Threading.Tasks.Sources.IValueTaskSource<TResult>.GetResult(Int16 token)
   at Npgsql.Internal.NpgsqlConnector.<Open>g__OpenCore|214_1(NpgsqlConnector conn, SslMode sslMode, NpgsqlTimeout timeout, Boolean async, CancellationToken cancellationToken)
   at Npgsql.Internal.NpgsqlConnector.Open(NpgsqlTimeout timeout, Boolean async, CancellationToken cancellationToken)
   at Npgsql.PoolingDataSource.OpenNewConnector(NpgsqlConnection conn, NpgsqlTimeout timeout, Boolean async, CancellationToken cancellationToken)
   at Npgsql.PoolingDataSource.<Get>g__RentAsync|33_0(NpgsqlConnection conn, NpgsqlTimeout timeout, Boolean async, CancellationToken cancellationToken)
   at Npgsql.NpgsqlConnection.<Open>g__OpenAsync|42_0(Boolean async, CancellationToken cancellationToken)
   at Microsoft.EntityFrameworkCore.Storage.RelationalConnection.OpenInternalAsync(Boolean errorsExpected, CancellationToken cancellationToken)
   at Microsoft.EntityFrameworkCore.Storage.RelationalConnection.OpenInternalAsync(Boolean errorsExpected, CancellationToken cancellationToken)
   at Microsoft.EntityFrameworkCore.Storage.RelationalConnection.OpenAsync(CancellationToken cancellationToken, Boolean errorsExpected)
   at Microsoft.EntityFrameworkCore.Storage.RelationalCommand.ExecuteReaderAsync(RelationalCommandParameterObject parameterObject, CancellationToken cancellationToken)
   at Microsoft.EntityFrameworkCore.Query.Internal.SingleQueryingEnumerable`1.AsyncEnumerator.InitializeReaderAsync(AsyncEnumerator enumerator, CancellationToken cancellationToken)
   at Npgsql.EntityFrameworkCore.PostgreSQL.Storage.Internal.NpgsqlExecutionStrategy.ExecuteAsync[TState,TResult](TState state, Func`4 operation, Func`4 verifySucceeded, CancellationToken cancellationToken)
   at Microsoft.EntityFrameworkCore.Query.Internal.SingleQueryingEnumerable`1.AsyncEnumerator.MoveNextAsync()
   at Microsoft.EntityFrameworkCore.Query.ShapedQueryCompilingExpressionVisitor.SingleOrDefaultAsync[TSource](IAsyncEnumerable`1 asyncEnumerable, CancellationToken cancellationToken)
   at Microsoft.EntityFrameworkCore.Query.ShapedQueryCompilingExpressionVisitor.SingleOrDefaultAsync[TSource](IAsyncEnumerable`1 asyncEnumerable, CancellationToken cancellationToken)
   at RealityLens.Persistence.Services.AuthenticationService.LoginAsync(LoginRequest request, CancellationToken cancellationToken) in C:\Users\mustafa\Desktop\algı yönetimi\RealityLens\apps\api\src\RealityLens.Persistence\Services\AuthenticationService.cs:line 36
   at RealityLens.Presentation.Controllers.AuthController.Login(LoginRequest request, CancellationToken cancellationToken) in C:\Users\mustafa\Desktop\algı yönetimi\RealityLens\apps\api\src\RealityLens.Presentation\Controllers\AuthController.cs:line 33
   at Microsoft.AspNetCore.Mvc.Infrastructure.ActionMethodExecutor.TaskOfIActionResultExecutor.Execute(ActionContext actionContext, IActionResultTypeMapper mapper, ObjectMethodExecutor executor, Object controller, Object[] arguments)
   at Microsoft.AspNetCore.Mvc.Infrastructure.ControllerActionInvoker.<InvokeActionMethodAsync>g__Awaited|12_0(ControllerActionInvoker invoker, ValueTask`1 actionResultValueTask)
   at Microsoft.AspNetCore.Mvc.Infrastructure.ControllerActionInvoker.<InvokeNextActionFilterAsync>g__Awaited|10_0(ControllerActionInvoker invoker, Task lastTask, State next, Scope scope, Object state, Boolean isCompleted)
   at Microsoft.AspNetCore.Mvc.Infrastructure.ControllerActionInvoker.Rethrow(ActionExecutedContextSealed context)
   at Microsoft.AspNetCore.Mvc.Infrastructure.ControllerActionInvoker.Next(State& next, Scope& scope, Object& state, Boolean& isCompleted)
   at Microsoft.AspNetCore.Mvc.Infrastructure.ControllerActionInvoker.<InvokeInnerFilterAsync>g__Awaited|13_0(ControllerActionInvoker invoker, Task lastTask, State next, Scope scope, Object state, Boolean isCompleted)
   at Microsoft.AspNetCore.Mvc.Infrastructure.ResourceInvoker.<InvokeFilterPipelineAsync>g__Awaited|20_0(ResourceInvoker invoker, Task lastTask, State next, Scope scope, Object state, Boolean isCompleted)
   at Microsoft.AspNetCore.Mvc.Infrastructure.ResourceInvoker.<InvokeAsync>g__Logged|17_1(ResourceInvoker invoker)
   at Microsoft.AspNetCore.Mvc.Infrastructure.ResourceInvoker.<InvokeAsync>g__Logged|17_1(ResourceInvoker invoker)
   at Microsoft.AspNetCore.Routing.EndpointMiddleware.<Invoke>g__AwaitRequestTask|7_0(Endpoint endpoint, Task requestTask, ILogger logger)
   at Microsoft.AspNetCore.Authorization.AuthorizationMiddleware.Invoke(HttpContext context)
   at Microsoft.AspNetCore.Authentication.AuthenticationMiddleware.Invoke(HttpContext context)
   at Serilog.AspNetCore.RequestLoggingMiddleware.Invoke(HttpContext httpContext)
   at RealityLens.Presentation.Middleware.GlobalExceptionMiddleware.InvokeAsync(HttpContext context) in C:\Users\mustafa\Desktop\algı yönetimi\RealityLens\apps\api\src\RealityLens.Presentation\Middleware\GlobalExceptionMiddleware.cs:line 26
  Exception data:
    Severity: FATAL
    SqlState: 3D000
    MessageText: database "realitylens_dev" does not exist
    File: postinit.c
    Line: 1016
    Routine: InitPostgres
2026-07-02 09:01:42.311 +03:00 [INF] Request finished HTTP/1.1 POST http://localhost:5128/api/auth/login - 500 null application/json 1356.5574ms
2026-07-02 09:04:06.153 +03:00 [INF] Request starting HTTP/1.1 POST http://localhost:5128/api/auth/login - application/json 59
2026-07-02 09:04:06.157 +03:00 [INF] Executing endpoint 'RealityLens.Presentation.Controllers.AuthController.Login (RealityLens.Presentation)'
2026-07-02 09:04:06.157 +03:00 [INF] Route matched with {action = "Login", controller = "Auth"}. Executing controller action with signature System.Threading.Tasks.Task`1[Microsoft.AspNetCore.Mvc.IActionResult] Login(RealityLens.Application.DTOs.Auth.LoginRequest, System.Threading.CancellationToken) on controller RealityLens.Presentation.Controllers.AuthController (RealityLens.Presentation).
2026-07-02 09:04:06.218 +03:00 [ERR] An error occurred using the connection to database 'realitylens_dev' on server 'tcp://localhost:5432'.
2026-07-02 09:04:06.220 +03:00 [ERR] An exception occurred while iterating over the results of a query for context type 'RealityLens.Persistence.RealityLensDbContext'.
Npgsql.PostgresException (0x80004005): 3D000: database "realitylens_dev" does not exist
   at Npgsql.Internal.NpgsqlConnector.ReadMessageLong(Boolean async, DataRowLoadingMode dataRowLoadingMode, Boolean readingNotifications, Boolean isReadingPrependedMessage)
   at System.Runtime.CompilerServices.PoolingAsyncValueTaskMethodBuilder`1.StateMachineBox`1.System.Threading.Tasks.Sources.IValueTaskSource<TResult>.GetResult(Int16 token)
   at Npgsql.Internal.NpgsqlConnector.<Open>g__OpenCore|214_1(NpgsqlConnector conn, SslMode sslMode, NpgsqlTimeout timeout, Boolean async, CancellationToken cancellationToken)
   at Npgsql.Internal.NpgsqlConnector.Open(NpgsqlTimeout timeout, Boolean async, CancellationToken cancellationToken)
   at Npgsql.PoolingDataSource.OpenNewConnector(NpgsqlConnection conn, NpgsqlTimeout timeout, Boolean async, CancellationToken cancellationToken)
   at Npgsql.PoolingDataSource.<Get>g__RentAsync|33_0(NpgsqlConnection conn, NpgsqlTimeout timeout, Boolean async, CancellationToken cancellationToken)
   at Npgsql.NpgsqlConnection.<Open>g__OpenAsync|42_0(Boolean async, CancellationToken cancellationToken)
   at Microsoft.EntityFrameworkCore.Storage.RelationalConnection.OpenInternalAsync(Boolean errorsExpected, CancellationToken cancellationToken)
   at Microsoft.EntityFrameworkCore.Storage.RelationalConnection.OpenInternalAsync(Boolean errorsExpected, CancellationToken cancellationToken)
   at Microsoft.EntityFrameworkCore.Storage.RelationalConnection.OpenAsync(CancellationToken cancellationToken, Boolean errorsExpected)
   at Microsoft.EntityFrameworkCore.Storage.RelationalCommand.ExecuteReaderAsync(RelationalCommandParameterObject parameterObject, CancellationToken cancellationToken)
   at Microsoft.EntityFrameworkCore.Query.Internal.SingleQueryingEnumerable`1.AsyncEnumerator.InitializeReaderAsync(AsyncEnumerator enumerator, CancellationToken cancellationToken)
   at Npgsql.EntityFrameworkCore.PostgreSQL.Storage.Internal.NpgsqlExecutionStrategy.ExecuteAsync[TState,TResult](TState state, Func`4 operation, Func`4 verifySucceeded, CancellationToken cancellationToken)
   at Microsoft.EntityFrameworkCore.Query.Internal.SingleQueryingEnumerable`1.AsyncEnumerator.MoveNextAsync()
  Exception data:
    Severity: FATAL
    SqlState: 3D000
    MessageText: database "realitylens_dev" does not exist
    File: postinit.c
    Line: 1016
    Routine: InitPostgres
Npgsql.PostgresException (0x80004005): 3D000: database "realitylens_dev" does not exist
   at Npgsql.Internal.NpgsqlConnector.ReadMessageLong(Boolean async, DataRowLoadingMode dataRowLoadingMode, Boolean readingNotifications, Boolean isReadingPrependedMessage)
   at System.Runtime.CompilerServices.PoolingAsyncValueTaskMethodBuilder`1.StateMachineBox`1.System.Threading.Tasks.Sources.IValueTaskSource<TResult>.GetResult(Int16 token)
   at Npgsql.Internal.NpgsqlConnector.<Open>g__OpenCore|214_1(NpgsqlConnector conn, SslMode sslMode, NpgsqlTimeout timeout, Boolean async, CancellationToken cancellationToken)
   at Npgsql.Internal.NpgsqlConnector.Open(NpgsqlTimeout timeout, Boolean async, CancellationToken cancellationToken)
   at Npgsql.PoolingDataSource.OpenNewConnector(NpgsqlConnection conn, NpgsqlTimeout timeout, Boolean async, CancellationToken cancellationToken)
   at Npgsql.PoolingDataSource.<Get>g__RentAsync|33_0(NpgsqlConnection conn, NpgsqlTimeout timeout, Boolean async, CancellationToken cancellationToken)
   at Npgsql.NpgsqlConnection.<Open>g__OpenAsync|42_0(Boolean async, CancellationToken cancellationToken)
   at Microsoft.EntityFrameworkCore.Storage.RelationalConnection.OpenInternalAsync(Boolean errorsExpected, CancellationToken cancellationToken)
   at Microsoft.EntityFrameworkCore.Storage.RelationalConnection.OpenInternalAsync(Boolean errorsExpected, CancellationToken cancellationToken)
   at Microsoft.EntityFrameworkCore.Storage.RelationalConnection.OpenAsync(CancellationToken cancellationToken, Boolean errorsExpected)
   at Microsoft.EntityFrameworkCore.Storage.RelationalCommand.ExecuteReaderAsync(RelationalCommandParameterObject parameterObject, CancellationToken cancellationToken)
   at Microsoft.EntityFrameworkCore.Query.Internal.SingleQueryingEnumerable`1.AsyncEnumerator.InitializeReaderAsync(AsyncEnumerator enumerator, CancellationToken cancellationToken)
   at Npgsql.EntityFrameworkCore.PostgreSQL.Storage.Internal.NpgsqlExecutionStrategy.ExecuteAsync[TState,TResult](TState state, Func`4 operation, Func`4 verifySucceeded, CancellationToken cancellationToken)
   at Microsoft.EntityFrameworkCore.Query.Internal.SingleQueryingEnumerable`1.AsyncEnumerator.MoveNextAsync()
  Exception data:
    Severity: FATAL
    SqlState: 3D000
    MessageText: database "realitylens_dev" does not exist
    File: postinit.c
    Line: 1016
    Routine: InitPostgres
2026-07-02 09:04:06.224 +03:00 [INF] Executed action RealityLens.Presentation.Controllers.AuthController.Login (RealityLens.Presentation) in 66.093ms
2026-07-02 09:04:06.225 +03:00 [INF] Executed endpoint 'RealityLens.Presentation.Controllers.AuthController.Login (RealityLens.Presentation)'
2026-07-02 09:04:06.226 +03:00 [ERR] HTTP POST /api/auth/login responded 500 in 71.0053 ms
Npgsql.PostgresException (0x80004005): 3D000: database "realitylens_dev" does not exist
   at Npgsql.Internal.NpgsqlConnector.ReadMessageLong(Boolean async, DataRowLoadingMode dataRowLoadingMode, Boolean readingNotifications, Boolean isReadingPrependedMessage)
   at System.Runtime.CompilerServices.PoolingAsyncValueTaskMethodBuilder`1.StateMachineBox`1.System.Threading.Tasks.Sources.IValueTaskSource<TResult>.GetResult(Int16 token)
   at Npgsql.Internal.NpgsqlConnector.<Open>g__OpenCore|214_1(NpgsqlConnector conn, SslMode sslMode, NpgsqlTimeout timeout, Boolean async, CancellationToken cancellationToken)
   at Npgsql.Internal.NpgsqlConnector.Open(NpgsqlTimeout timeout, Boolean async, CancellationToken cancellationToken)
   at Npgsql.PoolingDataSource.OpenNewConnector(NpgsqlConnection conn, NpgsqlTimeout timeout, Boolean async, CancellationToken cancellationToken)
   at Npgsql.PoolingDataSource.<Get>g__RentAsync|33_0(NpgsqlConnection conn, NpgsqlTimeout timeout, Boolean async, CancellationToken cancellationToken)
   at Npgsql.NpgsqlConnection.<Open>g__OpenAsync|42_0(Boolean async, CancellationToken cancellationToken)
   at Microsoft.EntityFrameworkCore.Storage.RelationalConnection.OpenInternalAsync(Boolean errorsExpected, CancellationToken cancellationToken)
   at Microsoft.EntityFrameworkCore.Storage.RelationalConnection.OpenInternalAsync(Boolean errorsExpected, CancellationToken cancellationToken)
   at Microsoft.EntityFrameworkCore.Storage.RelationalConnection.OpenAsync(CancellationToken cancellationToken, Boolean errorsExpected)
   at Microsoft.EntityFrameworkCore.Storage.RelationalCommand.ExecuteReaderAsync(RelationalCommandParameterObject parameterObject, CancellationToken cancellationToken)
   at Microsoft.EntityFrameworkCore.Query.Internal.SingleQueryingEnumerable`1.AsyncEnumerator.InitializeReaderAsync(AsyncEnumerator enumerator, CancellationToken cancellationToken)
   at Npgsql.EntityFrameworkCore.PostgreSQL.Storage.Internal.NpgsqlExecutionStrategy.ExecuteAsync[TState,TResult](TState state, Func`4 operation, Func`4 verifySucceeded, CancellationToken cancellationToken)
   at Microsoft.EntityFrameworkCore.Query.Internal.SingleQueryingEnumerable`1.AsyncEnumerator.MoveNextAsync()
   at Microsoft.EntityFrameworkCore.Query.ShapedQueryCompilingExpressionVisitor.SingleOrDefaultAsync[TSource](IAsyncEnumerable`1 asyncEnumerable, CancellationToken cancellationToken)
   at Microsoft.EntityFrameworkCore.Query.ShapedQueryCompilingExpressionVisitor.SingleOrDefaultAsync[TSource](IAsyncEnumerable`1 asyncEnumerable, CancellationToken cancellationToken)
   at RealityLens.Persistence.Services.AuthenticationService.LoginAsync(LoginRequest request, CancellationToken cancellationToken) in C:\Users\mustafa\Desktop\algı yönetimi\RealityLens\apps\api\src\RealityLens.Persistence\Services\AuthenticationService.cs:line 36
   at RealityLens.Presentation.Controllers.AuthController.Login(LoginRequest request, CancellationToken cancellationToken) in C:\Users\mustafa\Desktop\algı yönetimi\RealityLens\apps\api\src\RealityLens.Presentation\Controllers\AuthController.cs:line 33
   at Microsoft.AspNetCore.Mvc.Infrastructure.ActionMethodExecutor.TaskOfIActionResultExecutor.Execute(ActionContext actionContext, IActionResultTypeMapper mapper, ObjectMethodExecutor executor, Object controller, Object[] arguments)
   at Microsoft.AspNetCore.Mvc.Infrastructure.ControllerActionInvoker.<InvokeActionMethodAsync>g__Awaited|12_0(ControllerActionInvoker invoker, ValueTask`1 actionResultValueTask)
   at Microsoft.AspNetCore.Mvc.Infrastructure.ControllerActionInvoker.<InvokeNextActionFilterAsync>g__Awaited|10_0(ControllerActionInvoker invoker, Task lastTask, State next, Scope scope, Object state, Boolean isCompleted)
   at Microsoft.AspNetCore.Mvc.Infrastructure.ControllerActionInvoker.Rethrow(ActionExecutedContextSealed context)
   at Microsoft.AspNetCore.Mvc.Infrastructure.ControllerActionInvoker.Next(State& next, Scope& scope, Object& state, Boolean& isCompleted)
   at Microsoft.AspNetCore.Mvc.Infrastructure.ControllerActionInvoker.<InvokeInnerFilterAsync>g__Awaited|13_0(ControllerActionInvoker invoker, Task lastTask, State next, Scope scope, Object state, Boolean isCompleted)
   at Microsoft.AspNetCore.Mvc.Infrastructure.ResourceInvoker.<InvokeFilterPipelineAsync>g__Awaited|20_0(ResourceInvoker invoker, Task lastTask, State next, Scope scope, Object state, Boolean isCompleted)
   at Microsoft.AspNetCore.Mvc.Infrastructure.ResourceInvoker.<InvokeAsync>g__Logged|17_1(ResourceInvoker invoker)
   at Microsoft.AspNetCore.Mvc.Infrastructure.ResourceInvoker.<InvokeAsync>g__Logged|17_1(ResourceInvoker invoker)
   at Microsoft.AspNetCore.Routing.EndpointMiddleware.<Invoke>g__AwaitRequestTask|7_0(Endpoint endpoint, Task requestTask, ILogger logger)
   at Microsoft.AspNetCore.Authorization.AuthorizationMiddleware.Invoke(HttpContext context)
   at Microsoft.AspNetCore.Authentication.AuthenticationMiddleware.Invoke(HttpContext context)
   at Serilog.AspNetCore.RequestLoggingMiddleware.Invoke(HttpContext httpContext)
  Exception data:
    Severity: FATAL
    SqlState: 3D000
    MessageText: database "realitylens_dev" does not exist
    File: postinit.c
    Line: 1016
    Routine: InitPostgres
2026-07-02 09:04:06.232 +03:00 [ERR] An unhandled exception occurred.
Npgsql.PostgresException (0x80004005): 3D000: database "realitylens_dev" does not exist
   at Npgsql.Internal.NpgsqlConnector.ReadMessageLong(Boolean async, DataRowLoadingMode dataRowLoadingMode, Boolean readingNotifications, Boolean isReadingPrependedMessage)
   at System.Runtime.CompilerServices.PoolingAsyncValueTaskMethodBuilder`1.StateMachineBox`1.System.Threading.Tasks.Sources.IValueTaskSource<TResult>.GetResult(Int16 token)
   at Npgsql.Internal.NpgsqlConnector.<Open>g__OpenCore|214_1(NpgsqlConnector conn, SslMode sslMode, NpgsqlTimeout timeout, Boolean async, CancellationToken cancellationToken)
   at Npgsql.Internal.NpgsqlConnector.Open(NpgsqlTimeout timeout, Boolean async, CancellationToken cancellationToken)
   at Npgsql.PoolingDataSource.OpenNewConnector(NpgsqlConnection conn, NpgsqlTimeout timeout, Boolean async, CancellationToken cancellationToken)
   at Npgsql.PoolingDataSource.<Get>g__RentAsync|33_0(NpgsqlConnection conn, NpgsqlTimeout timeout, Boolean async, CancellationToken cancellationToken)
   at Npgsql.NpgsqlConnection.<Open>g__OpenAsync|42_0(Boolean async, CancellationToken cancellationToken)
   at Microsoft.EntityFrameworkCore.Storage.RelationalConnection.OpenInternalAsync(Boolean errorsExpected, CancellationToken cancellationToken)
   at Microsoft.EntityFrameworkCore.Storage.RelationalConnection.OpenInternalAsync(Boolean errorsExpected, CancellationToken cancellationToken)
   at Microsoft.EntityFrameworkCore.Storage.RelationalConnection.OpenAsync(CancellationToken cancellationToken, Boolean errorsExpected)
   at Microsoft.EntityFrameworkCore.Storage.RelationalCommand.ExecuteReaderAsync(RelationalCommandParameterObject parameterObject, CancellationToken cancellationToken)
   at Microsoft.EntityFrameworkCore.Query.Internal.SingleQueryingEnumerable`1.AsyncEnumerator.InitializeReaderAsync(AsyncEnumerator enumerator, CancellationToken cancellationToken)
   at Npgsql.EntityFrameworkCore.PostgreSQL.Storage.Internal.NpgsqlExecutionStrategy.ExecuteAsync[TState,TResult](TState state, Func`4 operation, Func`4 verifySucceeded, CancellationToken cancellationToken)
   at Microsoft.EntityFrameworkCore.Query.Internal.SingleQueryingEnumerable`1.AsyncEnumerator.MoveNextAsync()
   at Microsoft.EntityFrameworkCore.Query.ShapedQueryCompilingExpressionVisitor.SingleOrDefaultAsync[TSource](IAsyncEnumerable`1 asyncEnumerable, CancellationToken cancellationToken)
   at Microsoft.EntityFrameworkCore.Query.ShapedQueryCompilingExpressionVisitor.SingleOrDefaultAsync[TSource](IAsyncEnumerable`1 asyncEnumerable, CancellationToken cancellationToken)
   at RealityLens.Persistence.Services.AuthenticationService.LoginAsync(LoginRequest request, CancellationToken cancellationToken) in C:\Users\mustafa\Desktop\algı yönetimi\RealityLens\apps\api\src\RealityLens.Persistence\Services\AuthenticationService.cs:line 36
   at RealityLens.Presentation.Controllers.AuthController.Login(LoginRequest request, CancellationToken cancellationToken) in C:\Users\mustafa\Desktop\algı yönetimi\RealityLens\apps\api\src\RealityLens.Presentation\Controllers\AuthController.cs:line 33
   at Microsoft.AspNetCore.Mvc.Infrastructure.ActionMethodExecutor.TaskOfIActionResultExecutor.Execute(ActionContext actionContext, IActionResultTypeMapper mapper, ObjectMethodExecutor executor, Object controller, Object[] arguments)
   at Microsoft.AspNetCore.Mvc.Infrastructure.ControllerActionInvoker.<InvokeActionMethodAsync>g__Awaited|12_0(ControllerActionInvoker invoker, ValueTask`1 actionResultValueTask)
   at Microsoft.AspNetCore.Mvc.Infrastructure.ControllerActionInvoker.<InvokeNextActionFilterAsync>g__Awaited|10_0(ControllerActionInvoker invoker, Task lastTask, State next, Scope scope, Object state, Boolean isCompleted)
   at Microsoft.AspNetCore.Mvc.Infrastructure.ControllerActionInvoker.Rethrow(ActionExecutedContextSealed context)
   at Microsoft.AspNetCore.Mvc.Infrastructure.ControllerActionInvoker.Next(State& next, Scope& scope, Object& state, Boolean& isCompleted)
   at Microsoft.AspNetCore.Mvc.Infrastructure.ControllerActionInvoker.<InvokeInnerFilterAsync>g__Awaited|13_0(ControllerActionInvoker invoker, Task lastTask, State next, Scope scope, Object state, Boolean isCompleted)
   at Microsoft.AspNetCore.Mvc.Infrastructure.ResourceInvoker.<InvokeFilterPipelineAsync>g__Awaited|20_0(ResourceInvoker invoker, Task lastTask, State next, Scope scope, Object state, Boolean isCompleted)
   at Microsoft.AspNetCore.Mvc.Infrastructure.ResourceInvoker.<InvokeAsync>g__Logged|17_1(ResourceInvoker invoker)
   at Microsoft.AspNetCore.Mvc.Infrastructure.ResourceInvoker.<InvokeAsync>g__Logged|17_1(ResourceInvoker invoker)
   at Microsoft.AspNetCore.Routing.EndpointMiddleware.<Invoke>g__AwaitRequestTask|7_0(Endpoint endpoint, Task requestTask, ILogger logger)
   at Microsoft.AspNetCore.Authorization.AuthorizationMiddleware.Invoke(HttpContext context)
   at Microsoft.AspNetCore.Authentication.AuthenticationMiddleware.Invoke(HttpContext context)
   at Serilog.AspNetCore.RequestLoggingMiddleware.Invoke(HttpContext httpContext)
   at RealityLens.Presentation.Middleware.GlobalExceptionMiddleware.InvokeAsync(HttpContext context) in C:\Users\mustafa\Desktop\algı yönetimi\RealityLens\apps\api\src\RealityLens.Presentation\Middleware\GlobalExceptionMiddleware.cs:line 26
  Exception data:
    Severity: FATAL
    SqlState: 3D000
    MessageText: database "realitylens_dev" does not exist
    File: postinit.c
    Line: 1016
    Routine: InitPostgres
2026-07-02 09:04:06.238 +03:00 [INF] Request finished HTTP/1.1 POST http://localhost:5128/api/auth/login - 500 null application/json 85.4517ms
2026-07-02 09:08:45.082 +03:00 [INF] Request starting HTTP/1.1 POST http://localhost:5128/api/auth/login - application/json 59
2026-07-02 09:08:45.083 +03:00 [INF] Executing endpoint 'RealityLens.Presentation.Controllers.AuthController.Login (RealityLens.Presentation)'
2026-07-02 09:08:45.084 +03:00 [INF] Route matched with {action = "Login", controller = "Auth"}. Executing controller action with signature System.Threading.Tasks.Task`1[Microsoft.AspNetCore.Mvc.IActionResult] Login(RealityLens.Application.DTOs.Auth.LoginRequest, System.Threading.CancellationToken) on controller RealityLens.Presentation.Controllers.AuthController (RealityLens.Presentation).
2026-07-02 09:08:45.190 +03:00 [INF] Executed DbCommand (29ms) [Parameters=[@__request_Email_0='?'], CommandType='"Text"', CommandTimeout='30']
SELECT u."Id", u."CreatedAt", u."Email", u."IsActive", u."PasswordHash", u."RoleId", u."UpdatedAt", r."Id", r."CreatedAt", r."Name", r."UpdatedAt"
FROM "Users" AS u
INNER JOIN "Roles" AS r ON u."RoleId" = r."Id"
WHERE u."Email" = @__request_Email_0
LIMIT 1
2026-07-02 09:08:45.244 +03:00 [INF] Executed action RealityLens.Presentation.Controllers.AuthController.Login (RealityLens.Presentation) in 159.9273ms
2026-07-02 09:08:45.245 +03:00 [INF] Executed endpoint 'RealityLens.Presentation.Controllers.AuthController.Login (RealityLens.Presentation)'
2026-07-02 09:08:45.246 +03:00 [ERR] HTTP POST /api/auth/login responded 500 in 162.9567 ms
System.FormatException: The input is not a valid Base-64 string as it contains a non-base 64 character, more than two padding characters, or an illegal character among the padding characters.
   at System.Convert.FromBase64CharPtr(Char* inputPtr, Int32 inputLength)
   at System.Convert.FromBase64String(String s)
   at Microsoft.AspNetCore.Identity.PasswordHasher`1.VerifyHashedPassword(TUser user, String hashedPassword, String providedPassword)
   at RealityLens.Persistence.Services.AuthenticationService.LoginAsync(LoginRequest request, CancellationToken cancellationToken) in C:\Users\mustafa\Desktop\algı yönetimi\RealityLens\apps\api\src\RealityLens.Persistence\Services\AuthenticationService.cs:line 46
   at RealityLens.Presentation.Controllers.AuthController.Login(LoginRequest request, CancellationToken cancellationToken) in C:\Users\mustafa\Desktop\algı yönetimi\RealityLens\apps\api\src\RealityLens.Presentation\Controllers\AuthController.cs:line 33
   at Microsoft.AspNetCore.Mvc.Infrastructure.ActionMethodExecutor.TaskOfIActionResultExecutor.Execute(ActionContext actionContext, IActionResultTypeMapper mapper, ObjectMethodExecutor executor, Object controller, Object[] arguments)
   at Microsoft.AspNetCore.Mvc.Infrastructure.ControllerActionInvoker.<InvokeActionMethodAsync>g__Awaited|12_0(ControllerActionInvoker invoker, ValueTask`1 actionResultValueTask)
   at Microsoft.AspNetCore.Mvc.Infrastructure.ControllerActionInvoker.<InvokeNextActionFilterAsync>g__Awaited|10_0(ControllerActionInvoker invoker, Task lastTask, State next, Scope scope, Object state, Boolean isCompleted)
   at Microsoft.AspNetCore.Mvc.Infrastructure.ControllerActionInvoker.Rethrow(ActionExecutedContextSealed context)
   at Microsoft.AspNetCore.Mvc.Infrastructure.ControllerActionInvoker.Next(State& next, Scope& scope, Object& state, Boolean& isCompleted)
   at Microsoft.AspNetCore.Mvc.Infrastructure.ControllerActionInvoker.<InvokeInnerFilterAsync>g__Awaited|13_0(ControllerActionInvoker invoker, Task lastTask, State next, Scope scope, Object state, Boolean isCompleted)
   at Microsoft.AspNetCore.Mvc.Infrastructure.ResourceInvoker.<InvokeFilterPipelineAsync>g__Awaited|20_0(ResourceInvoker invoker, Task lastTask, State next, Scope scope, Object state, Boolean isCompleted)
   at Microsoft.AspNetCore.Mvc.Infrastructure.ResourceInvoker.<InvokeAsync>g__Logged|17_1(ResourceInvoker invoker)
   at Microsoft.AspNetCore.Mvc.Infrastructure.ResourceInvoker.<InvokeAsync>g__Logged|17_1(ResourceInvoker invoker)
   at Microsoft.AspNetCore.Routing.EndpointMiddleware.<Invoke>g__AwaitRequestTask|7_0(Endpoint endpoint, Task requestTask, ILogger logger)
   at Microsoft.AspNetCore.Authorization.AuthorizationMiddleware.Invoke(HttpContext context)
   at Microsoft.AspNetCore.Authentication.AuthenticationMiddleware.Invoke(HttpContext context)
   at Serilog.AspNetCore.RequestLoggingMiddleware.Invoke(HttpContext httpContext)
2026-07-02 09:08:45.249 +03:00 [ERR] An unhandled exception occurred.
System.FormatException: The input is not a valid Base-64 string as it contains a non-base 64 character, more than two padding characters, or an illegal character among the padding characters.
   at System.Convert.FromBase64CharPtr(Char* inputPtr, Int32 inputLength)
   at System.Convert.FromBase64String(String s)
   at Microsoft.AspNetCore.Identity.PasswordHasher`1.VerifyHashedPassword(TUser user, String hashedPassword, String providedPassword)
   at RealityLens.Persistence.Services.AuthenticationService.LoginAsync(LoginRequest request, CancellationToken cancellationToken) in C:\Users\mustafa\Desktop\algı yönetimi\RealityLens\apps\api\src\RealityLens.Persistence\Services\AuthenticationService.cs:line 46
   at RealityLens.Presentation.Controllers.AuthController.Login(LoginRequest request, CancellationToken cancellationToken) in C:\Users\mustafa\Desktop\algı yönetimi\RealityLens\apps\api\src\RealityLens.Presentation\Controllers\AuthController.cs:line 33
   at Microsoft.AspNetCore.Mvc.Infrastructure.ActionMethodExecutor.TaskOfIActionResultExecutor.Execute(ActionContext actionContext, IActionResultTypeMapper mapper, ObjectMethodExecutor executor, Object controller, Object[] arguments)
   at Microsoft.AspNetCore.Mvc.Infrastructure.ControllerActionInvoker.<InvokeActionMethodAsync>g__Awaited|12_0(ControllerActionInvoker invoker, ValueTask`1 actionResultValueTask)
   at Microsoft.AspNetCore.Mvc.Infrastructure.ControllerActionInvoker.<InvokeNextActionFilterAsync>g__Awaited|10_0(ControllerActionInvoker invoker, Task lastTask, State next, Scope scope, Object state, Boolean isCompleted)
   at Microsoft.AspNetCore.Mvc.Infrastructure.ControllerActionInvoker.Rethrow(ActionExecutedContextSealed context)
   at Microsoft.AspNetCore.Mvc.Infrastructure.ControllerActionInvoker.Next(State& next, Scope& scope, Object& state, Boolean& isCompleted)
   at Microsoft.AspNetCore.Mvc.Infrastructure.ControllerActionInvoker.<InvokeInnerFilterAsync>g__Awaited|13_0(ControllerActionInvoker invoker, Task lastTask, State next, Scope scope, Object state, Boolean isCompleted)
   at Microsoft.AspNetCore.Mvc.Infrastructure.ResourceInvoker.<InvokeFilterPipelineAsync>g__Awaited|20_0(ResourceInvoker invoker, Task lastTask, State next, Scope scope, Object state, Boolean isCompleted)
   at Microsoft.AspNetCore.Mvc.Infrastructure.ResourceInvoker.<InvokeAsync>g__Logged|17_1(ResourceInvoker invoker)
   at Microsoft.AspNetCore.Mvc.Infrastructure.ResourceInvoker.<InvokeAsync>g__Logged|17_1(ResourceInvoker invoker)
   at Microsoft.AspNetCore.Routing.EndpointMiddleware.<Invoke>g__AwaitRequestTask|7_0(Endpoint endpoint, Task requestTask, ILogger logger)
   at Microsoft.AspNetCore.Authorization.AuthorizationMiddleware.Invoke(HttpContext context)
   at Microsoft.AspNetCore.Authentication.AuthenticationMiddleware.Invoke(HttpContext context)
   at Serilog.AspNetCore.RequestLoggingMiddleware.Invoke(HttpContext httpContext)
   at RealityLens.Presentation.Middleware.GlobalExceptionMiddleware.InvokeAsync(HttpContext context) in C:\Users\mustafa\Desktop\algı yönetimi\RealityLens\apps\api\src\RealityLens.Presentation\Middleware\GlobalExceptionMiddleware.cs:line 26
2026-07-02 09:08:45.251 +03:00 [INF] Request finished HTTP/1.1 POST http://localhost:5128/api/auth/login - 500 null application/json 169.1083ms
2026-07-02 09:10:28.265 +03:00 [INF] Request starting HTTP/1.1 POST http://localhost:5128/api/auth/login - application/json 68
2026-07-02 09:10:28.268 +03:00 [INF] CORS policy execution successful.
2026-07-02 09:10:28.268 +03:00 [INF] Executing endpoint 'RealityLens.Presentation.Controllers.AuthController.Login (RealityLens.Presentation)'
2026-07-02 09:10:28.270 +03:00 [INF] Route matched with {action = "Login", controller = "Auth"}. Executing controller action with signature System.Threading.Tasks.Task`1[Microsoft.AspNetCore.Mvc.IActionResult] Login(RealityLens.Application.DTOs.Auth.LoginRequest, System.Threading.CancellationToken) on controller RealityLens.Presentation.Controllers.AuthController (RealityLens.Presentation).
2026-07-02 09:10:28.275 +03:00 [INF] Executed DbCommand (1ms) [Parameters=[@__request_Email_0='?'], CommandType='"Text"', CommandTimeout='30']
SELECT u."Id", u."CreatedAt", u."Email", u."IsActive", u."PasswordHash", u."RoleId", u."UpdatedAt", r."Id", r."CreatedAt", r."Name", r."UpdatedAt"
FROM "Users" AS u
INNER JOIN "Roles" AS r ON u."RoleId" = r."Id"
WHERE u."Email" = @__request_Email_0
LIMIT 1
2026-07-02 09:10:28.277 +03:00 [INF] Executed action RealityLens.Presentation.Controllers.AuthController.Login (RealityLens.Presentation) in 6.5908ms
2026-07-02 09:10:28.279 +03:00 [INF] Executed endpoint 'RealityLens.Presentation.Controllers.AuthController.Login (RealityLens.Presentation)'
2026-07-02 09:10:28.280 +03:00 [ERR] HTTP POST /api/auth/login responded 500 in 12.0788 ms
System.FormatException: The input is not a valid Base-64 string as it contains a non-base 64 character, more than two padding characters, or an illegal character among the padding characters.
   at System.Convert.FromBase64CharPtr(Char* inputPtr, Int32 inputLength)
   at System.Convert.FromBase64String(String s)
   at Microsoft.AspNetCore.Identity.PasswordHasher`1.VerifyHashedPassword(TUser user, String hashedPassword, String providedPassword)
   at RealityLens.Persistence.Services.AuthenticationService.LoginAsync(LoginRequest request, CancellationToken cancellationToken) in C:\Users\mustafa\Desktop\algı yönetimi\RealityLens\apps\api\src\RealityLens.Persistence\Services\AuthenticationService.cs:line 46
   at RealityLens.Presentation.Controllers.AuthController.Login(LoginRequest request, CancellationToken cancellationToken) in C:\Users\mustafa\Desktop\algı yönetimi\RealityLens\apps\api\src\RealityLens.Presentation\Controllers\AuthController.cs:line 33
   at Microsoft.AspNetCore.Mvc.Infrastructure.ActionMethodExecutor.TaskOfIActionResultExecutor.Execute(ActionContext actionContext, IActionResultTypeMapper mapper, ObjectMethodExecutor executor, Object controller, Object[] arguments)
   at Microsoft.AspNetCore.Mvc.Infrastructure.ControllerActionInvoker.<InvokeActionMethodAsync>g__Awaited|12_0(ControllerActionInvoker invoker, ValueTask`1 actionResultValueTask)
   at Microsoft.AspNetCore.Mvc.Infrastructure.ControllerActionInvoker.<InvokeNextActionFilterAsync>g__Awaited|10_0(ControllerActionInvoker invoker, Task lastTask, State next, Scope scope, Object state, Boolean isCompleted)
   at Microsoft.AspNetCore.Mvc.Infrastructure.ControllerActionInvoker.Rethrow(ActionExecutedContextSealed context)
   at Microsoft.AspNetCore.Mvc.Infrastructure.ControllerActionInvoker.Next(State& next, Scope& scope, Object& state, Boolean& isCompleted)
   at Microsoft.AspNetCore.Mvc.Infrastructure.ControllerActionInvoker.<InvokeInnerFilterAsync>g__Awaited|13_0(ControllerActionInvoker invoker, Task lastTask, State next, Scope scope, Object state, Boolean isCompleted)
   at Microsoft.AspNetCore.Mvc.Infrastructure.ResourceInvoker.<InvokeFilterPipelineAsync>g__Awaited|20_0(ResourceInvoker invoker, Task lastTask, State next, Scope scope, Object state, Boolean isCompleted)
   at Microsoft.AspNetCore.Mvc.Infrastructure.ResourceInvoker.<InvokeAsync>g__Logged|17_1(ResourceInvoker invoker)
   at Microsoft.AspNetCore.Mvc.Infrastructure.ResourceInvoker.<InvokeAsync>g__Logged|17_1(ResourceInvoker invoker)
   at Microsoft.AspNetCore.Routing.EndpointMiddleware.<Invoke>g__AwaitRequestTask|7_0(Endpoint endpoint, Task requestTask, ILogger logger)
   at Microsoft.AspNetCore.Authorization.AuthorizationMiddleware.Invoke(HttpContext context)
   at Microsoft.AspNetCore.Authentication.AuthenticationMiddleware.Invoke(HttpContext context)
   at Serilog.AspNetCore.RequestLoggingMiddleware.Invoke(HttpContext httpContext)
2026-07-02 09:10:28.282 +03:00 [ERR] An unhandled exception occurred.
System.FormatException: The input is not a valid Base-64 string as it contains a non-base 64 character, more than two padding characters, or an illegal character among the padding characters.
   at System.Convert.FromBase64CharPtr(Char* inputPtr, Int32 inputLength)
   at System.Convert.FromBase64String(String s)
   at Microsoft.AspNetCore.Identity.PasswordHasher`1.VerifyHashedPassword(TUser user, String hashedPassword, String providedPassword)
   at RealityLens.Persistence.Services.AuthenticationService.LoginAsync(LoginRequest request, CancellationToken cancellationToken) in C:\Users\mustafa\Desktop\algı yönetimi\RealityLens\apps\api\src\RealityLens.Persistence\Services\AuthenticationService.cs:line 46
   at RealityLens.Presentation.Controllers.AuthController.Login(LoginRequest request, CancellationToken cancellationToken) in C:\Users\mustafa\Desktop\algı yönetimi\RealityLens\apps\api\src\RealityLens.Presentation\Controllers\AuthController.cs:line 33
   at Microsoft.AspNetCore.Mvc.Infrastructure.ActionMethodExecutor.TaskOfIActionResultExecutor.Execute(ActionContext actionContext, IActionResultTypeMapper mapper, ObjectMethodExecutor executor, Object controller, Object[] arguments)
   at Microsoft.AspNetCore.Mvc.Infrastructure.ControllerActionInvoker.<InvokeActionMethodAsync>g__Awaited|12_0(ControllerActionInvoker invoker, ValueTask`1 actionResultValueTask)
   at Microsoft.AspNetCore.Mvc.Infrastructure.ControllerActionInvoker.<InvokeNextActionFilterAsync>g__Awaited|10_0(ControllerActionInvoker invoker, Task lastTask, State next, Scope scope, Object state, Boolean isCompleted)
   at Microsoft.AspNetCore.Mvc.Infrastructure.ControllerActionInvoker.Rethrow(ActionExecutedContextSealed context)
   at Microsoft.AspNetCore.Mvc.Infrastructure.ControllerActionInvoker.Next(State& next, Scope& scope, Object& state, Boolean& isCompleted)
   at Microsoft.AspNetCore.Mvc.Infrastructure.ControllerActionInvoker.<InvokeInnerFilterAsync>g__Awaited|13_0(ControllerActionInvoker invoker, Task lastTask, State next, Scope scope, Object state, Boolean isCompleted)
   at Microsoft.AspNetCore.Mvc.Infrastructure.ResourceInvoker.<InvokeFilterPipelineAsync>g__Awaited|20_0(ResourceInvoker invoker, Task lastTask, State next, Scope scope, Object state, Boolean isCompleted)
   at Microsoft.AspNetCore.Mvc.Infrastructure.ResourceInvoker.<InvokeAsync>g__Logged|17_1(ResourceInvoker invoker)
   at Microsoft.AspNetCore.Mvc.Infrastructure.ResourceInvoker.<InvokeAsync>g__Logged|17_1(ResourceInvoker invoker)
   at Microsoft.AspNetCore.Routing.EndpointMiddleware.<Invoke>g__AwaitRequestTask|7_0(Endpoint endpoint, Task requestTask, ILogger logger)
   at Microsoft.AspNetCore.Authorization.AuthorizationMiddleware.Invoke(HttpContext context)
   at Microsoft.AspNetCore.Authentication.AuthenticationMiddleware.Invoke(HttpContext context)
   at Serilog.AspNetCore.RequestLoggingMiddleware.Invoke(HttpContext httpContext)
   at RealityLens.Presentation.Middleware.GlobalExceptionMiddleware.InvokeAsync(HttpContext context) in C:\Users\mustafa\Desktop\algı yönetimi\RealityLens\apps\api\src\RealityLens.Presentation\Middleware\GlobalExceptionMiddleware.cs:line 26
2026-07-02 09:10:28.285 +03:00 [INF] Request finished HTTP/1.1 POST http://localhost:5128/api/auth/login - 500 null application/json 19.3085ms
2026-07-02 09:10:30.748 +03:00 [INF] Request starting HTTP/1.1 POST http://localhost:5128/api/auth/login - application/json 68
2026-07-02 09:10:30.750 +03:00 [INF] CORS policy execution successful.
2026-07-02 09:10:30.750 +03:00 [INF] Executing endpoint 'RealityLens.Presentation.Controllers.AuthController.Login (RealityLens.Presentation)'
2026-07-02 09:10:30.751 +03:00 [INF] Route matched with {action = "Login", controller = "Auth"}. Executing controller action with signature System.Threading.Tasks.Task`1[Microsoft.AspNetCore.Mvc.IActionResult] Login(RealityLens.Application.DTOs.Auth.LoginRequest, System.Threading.CancellationToken) on controller RealityLens.Presentation.Controllers.AuthController (RealityLens.Presentation).
2026-07-02 09:10:30.755 +03:00 [INF] Executed DbCommand (1ms) [Parameters=[@__request_Email_0='?'], CommandType='"Text"', CommandTimeout='30']
SELECT u."Id", u."CreatedAt", u."Email", u."IsActive", u."PasswordHash", u."RoleId", u."UpdatedAt", r."Id", r."CreatedAt", r."Name", r."UpdatedAt"
FROM "Users" AS u
INNER JOIN "Roles" AS r ON u."RoleId" = r."Id"
WHERE u."Email" = @__request_Email_0
LIMIT 1
2026-07-02 09:10:30.757 +03:00 [INF] Executed action RealityLens.Presentation.Controllers.AuthController.Login (RealityLens.Presentation) in 5.2431ms
2026-07-02 09:10:30.758 +03:00 [INF] Executed endpoint 'RealityLens.Presentation.Controllers.AuthController.Login (RealityLens.Presentation)'
2026-07-02 09:10:30.759 +03:00 [ERR] HTTP POST /api/auth/login responded 500 in 9.1964 ms
System.FormatException: The input is not a valid Base-64 string as it contains a non-base 64 character, more than two padding characters, or an illegal character among the padding characters.
   at System.Convert.FromBase64CharPtr(Char* inputPtr, Int32 inputLength)
   at System.Convert.FromBase64String(String s)
   at Microsoft.AspNetCore.Identity.PasswordHasher`1.VerifyHashedPassword(TUser user, String hashedPassword, String providedPassword)
   at RealityLens.Persistence.Services.AuthenticationService.LoginAsync(LoginRequest request, CancellationToken cancellationToken) in C:\Users\mustafa\Desktop\algı yönetimi\RealityLens\apps\api\src\RealityLens.Persistence\Services\AuthenticationService.cs:line 46
   at RealityLens.Presentation.Controllers.AuthController.Login(LoginRequest request, CancellationToken cancellationToken) in C:\Users\mustafa\Desktop\algı yönetimi\RealityLens\apps\api\src\RealityLens.Presentation\Controllers\AuthController.cs:line 33
   at Microsoft.AspNetCore.Mvc.Infrastructure.ActionMethodExecutor.TaskOfIActionResultExecutor.Execute(ActionContext actionContext, IActionResultTypeMapper mapper, ObjectMethodExecutor executor, Object controller, Object[] arguments)
   at Microsoft.AspNetCore.Mvc.Infrastructure.ControllerActionInvoker.<InvokeActionMethodAsync>g__Awaited|12_0(ControllerActionInvoker invoker, ValueTask`1 actionResultValueTask)
   at Microsoft.AspNetCore.Mvc.Infrastructure.ControllerActionInvoker.<InvokeNextActionFilterAsync>g__Awaited|10_0(ControllerActionInvoker invoker, Task lastTask, State next, Scope scope, Object state, Boolean isCompleted)
   at Microsoft.AspNetCore.Mvc.Infrastructure.ControllerActionInvoker.Rethrow(ActionExecutedContextSealed context)
   at Microsoft.AspNetCore.Mvc.Infrastructure.ControllerActionInvoker.Next(State& next, Scope& scope, Object& state, Boolean& isCompleted)
   at Microsoft.AspNetCore.Mvc.Infrastructure.ControllerActionInvoker.<InvokeInnerFilterAsync>g__Awaited|13_0(ControllerActionInvoker invoker, Task lastTask, State next, Scope scope, Object state, Boolean isCompleted)
   at Microsoft.AspNetCore.Mvc.Infrastructure.ResourceInvoker.<InvokeFilterPipelineAsync>g__Awaited|20_0(ResourceInvoker invoker, Task lastTask, State next, Scope scope, Object state, Boolean isCompleted)
   at Microsoft.AspNetCore.Mvc.Infrastructure.ResourceInvoker.<InvokeAsync>g__Logged|17_1(ResourceInvoker invoker)
   at Microsoft.AspNetCore.Mvc.Infrastructure.ResourceInvoker.<InvokeAsync>g__Logged|17_1(ResourceInvoker invoker)
   at Microsoft.AspNetCore.Routing.EndpointMiddleware.<Invoke>g__AwaitRequestTask|7_0(Endpoint endpoint, Task requestTask, ILogger logger)
   at Microsoft.AspNetCore.Authorization.AuthorizationMiddleware.Invoke(HttpContext context)
   at Microsoft.AspNetCore.Authentication.AuthenticationMiddleware.Invoke(HttpContext context)
   at Serilog.AspNetCore.RequestLoggingMiddleware.Invoke(HttpContext httpContext)
2026-07-02 09:10:30.762 +03:00 [ERR] An unhandled exception occurred.
System.FormatException: The input is not a valid Base-64 string as it contains a non-base 64 character, more than two padding characters, or an illegal character among the padding characters.
   at System.Convert.FromBase64CharPtr(Char* inputPtr, Int32 inputLength)
   at System.Convert.FromBase64String(String s)
   at Microsoft.AspNetCore.Identity.PasswordHasher`1.VerifyHashedPassword(TUser user, String hashedPassword, String providedPassword)
   at RealityLens.Persistence.Services.AuthenticationService.LoginAsync(LoginRequest request, CancellationToken cancellationToken) in C:\Users\mustafa\Desktop\algı yönetimi\RealityLens\apps\api\src\RealityLens.Persistence\Services\AuthenticationService.cs:line 46
   at RealityLens.Presentation.Controllers.AuthController.Login(LoginRequest request, CancellationToken cancellationToken) in C:\Users\mustafa\Desktop\algı yönetimi\RealityLens\apps\api\src\RealityLens.Presentation\Controllers\AuthController.cs:line 33
   at Microsoft.AspNetCore.Mvc.Infrastructure.ActionMethodExecutor.TaskOfIActionResultExecutor.Execute(ActionContext actionContext, IActionResultTypeMapper mapper, ObjectMethodExecutor executor, Object controller, Object[] arguments)
   at Microsoft.AspNetCore.Mvc.Infrastructure.ControllerActionInvoker.<InvokeActionMethodAsync>g__Awaited|12_0(ControllerActionInvoker invoker, ValueTask`1 actionResultValueTask)
   at Microsoft.AspNetCore.Mvc.Infrastructure.ControllerActionInvoker.<InvokeNextActionFilterAsync>g__Awaited|10_0(ControllerActionInvoker invoker, Task lastTask, State next, Scope scope, Object state, Boolean isCompleted)
   at Microsoft.AspNetCore.Mvc.Infrastructure.ControllerActionInvoker.Rethrow(ActionExecutedContextSealed context)
   at Microsoft.AspNetCore.Mvc.Infrastructure.ControllerActionInvoker.Next(State& next, Scope& scope, Object& state, Boolean& isCompleted)
   at Microsoft.AspNetCore.Mvc.Infrastructure.ControllerActionInvoker.<InvokeInnerFilterAsync>g__Awaited|13_0(ControllerActionInvoker invoker, Task lastTask, State next, Scope scope, Object state, Boolean isCompleted)
   at Microsoft.AspNetCore.Mvc.Infrastructure.ResourceInvoker.<InvokeFilterPipelineAsync>g__Awaited|20_0(ResourceInvoker invoker, Task lastTask, State next, Scope scope, Object state, Boolean isCompleted)
   at Microsoft.AspNetCore.Mvc.Infrastructure.ResourceInvoker.<InvokeAsync>g__Logged|17_1(ResourceInvoker invoker)
   at Microsoft.AspNetCore.Mvc.Infrastructure.ResourceInvoker.<InvokeAsync>g__Logged|17_1(ResourceInvoker invoker)
   at Microsoft.AspNetCore.Routing.EndpointMiddleware.<Invoke>g__AwaitRequestTask|7_0(Endpoint endpoint, Task requestTask, ILogger logger)
   at Microsoft.AspNetCore.Authorization.AuthorizationMiddleware.Invoke(HttpContext context)
   at Microsoft.AspNetCore.Authentication.AuthenticationMiddleware.Invoke(HttpContext context)
   at Serilog.AspNetCore.RequestLoggingMiddleware.Invoke(HttpContext httpContext)
   at RealityLens.Presentation.Middleware.GlobalExceptionMiddleware.InvokeAsync(HttpContext context) in C:\Users\mustafa\Desktop\algı yönetimi\RealityLens\apps\api\src\RealityLens.Presentation\Middleware\GlobalExceptionMiddleware.cs:line 26
2026-07-02 09:10:30.765 +03:00 [INF] Request finished HTTP/1.1 POST http://localhost:5128/api/auth/login - 500 null application/json 16.9169ms
2026-07-02 09:10:31.495 +03:00 [INF] Request starting HTTP/1.1 POST http://localhost:5128/api/auth/login - application/json 68
2026-07-02 09:10:31.497 +03:00 [INF] CORS policy execution successful.
2026-07-02 09:10:31.498 +03:00 [INF] Executing endpoint 'RealityLens.Presentation.Controllers.AuthController.Login (RealityLens.Presentation)'
2026-07-02 09:10:31.498 +03:00 [INF] Route matched with {action = "Login", controller = "Auth"}. Executing controller action with signature System.Threading.Tasks.Task`1[Microsoft.AspNetCore.Mvc.IActionResult] Login(RealityLens.Application.DTOs.Auth.LoginRequest, System.Threading.CancellationToken) on controller RealityLens.Presentation.Controllers.AuthController (RealityLens.Presentation).
2026-07-02 09:10:31.501 +03:00 [INF] Executed DbCommand (1ms) [Parameters=[@__request_Email_0='?'], CommandType='"Text"', CommandTimeout='30']
SELECT u."Id", u."CreatedAt", u."Email", u."IsActive", u."PasswordHash", u."RoleId", u."UpdatedAt", r."Id", r."CreatedAt", r."Name", r."UpdatedAt"
FROM "Users" AS u
INNER JOIN "Roles" AS r ON u."RoleId" = r."Id"
WHERE u."Email" = @__request_Email_0
LIMIT 1
2026-07-02 09:10:31.503 +03:00 [INF] Executed action RealityLens.Presentation.Controllers.AuthController.Login (RealityLens.Presentation) in 4.1072ms
2026-07-02 09:10:31.504 +03:00 [INF] Executed endpoint 'RealityLens.Presentation.Controllers.AuthController.Login (RealityLens.Presentation)'
2026-07-02 09:10:31.504 +03:00 [ERR] HTTP POST /api/auth/login responded 500 in 6.8482 ms
System.FormatException: The input is not a valid Base-64 string as it contains a non-base 64 character, more than two padding characters, or an illegal character among the padding characters.
   at System.Convert.FromBase64CharPtr(Char* inputPtr, Int32 inputLength)
   at System.Convert.FromBase64String(String s)
   at Microsoft.AspNetCore.Identity.PasswordHasher`1.VerifyHashedPassword(TUser user, String hashedPassword, String providedPassword)
   at RealityLens.Persistence.Services.AuthenticationService.LoginAsync(LoginRequest request, CancellationToken cancellationToken) in C:\Users\mustafa\Desktop\algı yönetimi\RealityLens\apps\api\src\RealityLens.Persistence\Services\AuthenticationService.cs:line 46
   at RealityLens.Presentation.Controllers.AuthController.Login(LoginRequest request, CancellationToken cancellationToken) in C:\Users\mustafa\Desktop\algı yönetimi\RealityLens\apps\api\src\RealityLens.Presentation\Controllers\AuthController.cs:line 33
   at Microsoft.AspNetCore.Mvc.Infrastructure.ActionMethodExecutor.TaskOfIActionResultExecutor.Execute(ActionContext actionContext, IActionResultTypeMapper mapper, ObjectMethodExecutor executor, Object controller, Object[] arguments)
   at Microsoft.AspNetCore.Mvc.Infrastructure.ControllerActionInvoker.<InvokeActionMethodAsync>g__Awaited|12_0(ControllerActionInvoker invoker, ValueTask`1 actionResultValueTask)
   at Microsoft.AspNetCore.Mvc.Infrastructure.ControllerActionInvoker.<InvokeNextActionFilterAsync>g__Awaited|10_0(ControllerActionInvoker invoker, Task lastTask, State next, Scope scope, Object state, Boolean isCompleted)
   at Microsoft.AspNetCore.Mvc.Infrastructure.ControllerActionInvoker.Rethrow(ActionExecutedContextSealed context)
   at Microsoft.AspNetCore.Mvc.Infrastructure.ControllerActionInvoker.Next(State& next, Scope& scope, Object& state, Boolean& isCompleted)
   at Microsoft.AspNetCore.Mvc.Infrastructure.ControllerActionInvoker.<InvokeInnerFilterAsync>g__Awaited|13_0(ControllerActionInvoker invoker, Task lastTask, State next, Scope scope, Object state, Boolean isCompleted)
   at Microsoft.AspNetCore.Mvc.Infrastructure.ResourceInvoker.<InvokeFilterPipelineAsync>g__Awaited|20_0(ResourceInvoker invoker, Task lastTask, State next, Scope scope, Object state, Boolean isCompleted)
   at Microsoft.AspNetCore.Mvc.Infrastructure.ResourceInvoker.<InvokeAsync>g__Logged|17_1(ResourceInvoker invoker)
   at Microsoft.AspNetCore.Mvc.Infrastructure.ResourceInvoker.<InvokeAsync>g__Logged|17_1(ResourceInvoker invoker)
   at Microsoft.AspNetCore.Routing.EndpointMiddleware.<Invoke>g__AwaitRequestTask|7_0(Endpoint endpoint, Task requestTask, ILogger logger)
   at Microsoft.AspNetCore.Authorization.AuthorizationMiddleware.Invoke(HttpContext context)
   at Microsoft.AspNetCore.Authentication.AuthenticationMiddleware.Invoke(HttpContext context)
   at Serilog.AspNetCore.RequestLoggingMiddleware.Invoke(HttpContext httpContext)
2026-07-02 09:10:31.507 +03:00 [ERR] An unhandled exception occurred.
System.FormatException: The input is not a valid Base-64 string as it contains a non-base 64 character, more than two padding characters, or an illegal character among the padding characters.
   at System.Convert.FromBase64CharPtr(Char* inputPtr, Int32 inputLength)
   at System.Convert.FromBase64String(String s)
   at Microsoft.AspNetCore.Identity.PasswordHasher`1.VerifyHashedPassword(TUser user, String hashedPassword, String providedPassword)
   at RealityLens.Persistence.Services.AuthenticationService.LoginAsync(LoginRequest request, CancellationToken cancellationToken) in C:\Users\mustafa\Desktop\algı yönetimi\RealityLens\apps\api\src\RealityLens.Persistence\Services\AuthenticationService.cs:line 46
   at RealityLens.Presentation.Controllers.AuthController.Login(LoginRequest request, CancellationToken cancellationToken) in C:\Users\mustafa\Desktop\algı yönetimi\RealityLens\apps\api\src\RealityLens.Presentation\Controllers\AuthController.cs:line 33
   at Microsoft.AspNetCore.Mvc.Infrastructure.ActionMethodExecutor.TaskOfIActionResultExecutor.Execute(ActionContext actionContext, IActionResultTypeMapper mapper, ObjectMethodExecutor executor, Object controller, Object[] arguments)
   at Microsoft.AspNetCore.Mvc.Infrastructure.ControllerActionInvoker.<InvokeActionMethodAsync>g__Awaited|12_0(ControllerActionInvoker invoker, ValueTask`1 actionResultValueTask)
   at Microsoft.AspNetCore.Mvc.Infrastructure.ControllerActionInvoker.<InvokeNextActionFilterAsync>g__Awaited|10_0(ControllerActionInvoker invoker, Task lastTask, State next, Scope scope, Object state, Boolean isCompleted)
   at Microsoft.AspNetCore.Mvc.Infrastructure.ControllerActionInvoker.Rethrow(ActionExecutedContextSealed context)
   at Microsoft.AspNetCore.Mvc.Infrastructure.ControllerActionInvoker.Next(State& next, Scope& scope, Object& state, Boolean& isCompleted)
   at Microsoft.AspNetCore.Mvc.Infrastructure.ControllerActionInvoker.<InvokeInnerFilterAsync>g__Awaited|13_0(ControllerActionInvoker invoker, Task lastTask, State next, Scope scope, Object state, Boolean isCompleted)
   at Microsoft.AspNetCore.Mvc.Infrastructure.ResourceInvoker.<InvokeFilterPipelineAsync>g__Awaited|20_0(ResourceInvoker invoker, Task lastTask, State next, Scope scope, Object state, Boolean isCompleted)
   at Microsoft.AspNetCore.Mvc.Infrastructure.ResourceInvoker.<InvokeAsync>g__Logged|17_1(ResourceInvoker invoker)
   at Microsoft.AspNetCore.Mvc.Infrastructure.ResourceInvoker.<InvokeAsync>g__Logged|17_1(ResourceInvoker invoker)
   at Microsoft.AspNetCore.Routing.EndpointMiddleware.<Invoke>g__AwaitRequestTask|7_0(Endpoint endpoint, Task requestTask, ILogger logger)
   at Microsoft.AspNetCore.Authorization.AuthorizationMiddleware.Invoke(HttpContext context)
   at Microsoft.AspNetCore.Authentication.AuthenticationMiddleware.Invoke(HttpContext context)
   at Serilog.AspNetCore.RequestLoggingMiddleware.Invoke(HttpContext httpContext)
   at RealityLens.Presentation.Middleware.GlobalExceptionMiddleware.InvokeAsync(HttpContext context) in C:\Users\mustafa\Desktop\algı yönetimi\RealityLens\apps\api\src\RealityLens.Presentation\Middleware\GlobalExceptionMiddleware.cs:line 26
2026-07-02 09:10:31.510 +03:00 [INF] Request finished HTTP/1.1 POST http://localhost:5128/api/auth/login - 500 null application/json 14.5131ms
2026-07-02 09:10:31.674 +03:00 [INF] Request starting HTTP/1.1 POST http://localhost:5128/api/auth/login - application/json 68
2026-07-02 09:10:31.676 +03:00 [INF] CORS policy execution successful.
2026-07-02 09:10:31.676 +03:00 [INF] Executing endpoint 'RealityLens.Presentation.Controllers.AuthController.Login (RealityLens.Presentation)'
2026-07-02 09:10:31.677 +03:00 [INF] Route matched with {action = "Login", controller = "Auth"}. Executing controller action with signature System.Threading.Tasks.Task`1[Microsoft.AspNetCore.Mvc.IActionResult] Login(RealityLens.Application.DTOs.Auth.LoginRequest, System.Threading.CancellationToken) on controller RealityLens.Presentation.Controllers.AuthController (RealityLens.Presentation).
2026-07-02 09:10:31.680 +03:00 [INF] Executed DbCommand (1ms) [Parameters=[@__request_Email_0='?'], CommandType='"Text"', CommandTimeout='30']
SELECT u."Id", u."CreatedAt", u."Email", u."IsActive", u."PasswordHash", u."RoleId", u."UpdatedAt", r."Id", r."CreatedAt", r."Name", r."UpdatedAt"
FROM "Users" AS u
INNER JOIN "Roles" AS r ON u."RoleId" = r."Id"
WHERE u."Email" = @__request_Email_0
LIMIT 1
2026-07-02 09:10:31.682 +03:00 [INF] Executed action RealityLens.Presentation.Controllers.AuthController.Login (RealityLens.Presentation) in 4.2502ms
2026-07-02 09:10:31.683 +03:00 [INF] Executed endpoint 'RealityLens.Presentation.Controllers.AuthController.Login (RealityLens.Presentation)'
2026-07-02 09:10:31.684 +03:00 [ERR] HTTP POST /api/auth/login responded 500 in 7.8139 ms
System.FormatException: The input is not a valid Base-64 string as it contains a non-base 64 character, more than two padding characters, or an illegal character among the padding characters.
   at System.Convert.FromBase64CharPtr(Char* inputPtr, Int32 inputLength)
   at System.Convert.FromBase64String(String s)
   at Microsoft.AspNetCore.Identity.PasswordHasher`1.VerifyHashedPassword(TUser user, String hashedPassword, String providedPassword)
   at RealityLens.Persistence.Services.AuthenticationService.LoginAsync(LoginRequest request, CancellationToken cancellationToken) in C:\Users\mustafa\Desktop\algı yönetimi\RealityLens\apps\api\src\RealityLens.Persistence\Services\AuthenticationService.cs:line 46
   at RealityLens.Presentation.Controllers.AuthController.Login(LoginRequest request, CancellationToken cancellationToken) in C:\Users\mustafa\Desktop\algı yönetimi\RealityLens\apps\api\src\RealityLens.Presentation\Controllers\AuthController.cs:line 33
   at Microsoft.AspNetCore.Mvc.Infrastructure.ActionMethodExecutor.TaskOfIActionResultExecutor.Execute(ActionContext actionContext, IActionResultTypeMapper mapper, ObjectMethodExecutor executor, Object controller, Object[] arguments)
   at Microsoft.AspNetCore.Mvc.Infrastructure.ControllerActionInvoker.<InvokeActionMethodAsync>g__Awaited|12_0(ControllerActionInvoker invoker, ValueTask`1 actionResultValueTask)
   at Microsoft.AspNetCore.Mvc.Infrastructure.ControllerActionInvoker.<InvokeNextActionFilterAsync>g__Awaited|10_0(ControllerActionInvoker invoker, Task lastTask, State next, Scope scope, Object state, Boolean isCompleted)
   at Microsoft.AspNetCore.Mvc.Infrastructure.ControllerActionInvoker.Rethrow(ActionExecutedContextSealed context)
   at Microsoft.AspNetCore.Mvc.Infrastructure.ControllerActionInvoker.Next(State& next, Scope& scope, Object& state, Boolean& isCompleted)
   at Microsoft.AspNetCore.Mvc.Infrastructure.ControllerActionInvoker.<InvokeInnerFilterAsync>g__Awaited|13_0(ControllerActionInvoker invoker, Task lastTask, State next, Scope scope, Object state, Boolean isCompleted)
   at Microsoft.AspNetCore.Mvc.Infrastructure.ResourceInvoker.<InvokeFilterPipelineAsync>g__Awaited|20_0(ResourceInvoker invoker, Task lastTask, State next, Scope scope, Object state, Boolean isCompleted)
   at Microsoft.AspNetCore.Mvc.Infrastructure.ResourceInvoker.<InvokeAsync>g__Logged|17_1(ResourceInvoker invoker)
   at Microsoft.AspNetCore.Mvc.Infrastructure.ResourceInvoker.<InvokeAsync>g__Logged|17_1(ResourceInvoker invoker)
   at Microsoft.AspNetCore.Routing.EndpointMiddleware.<Invoke>g__AwaitRequestTask|7_0(Endpoint endpoint, Task requestTask, ILogger logger)
   at Microsoft.AspNetCore.Authorization.AuthorizationMiddleware.Invoke(HttpContext context)
   at Microsoft.AspNetCore.Authentication.AuthenticationMiddleware.Invoke(HttpContext context)
   at Serilog.AspNetCore.RequestLoggingMiddleware.Invoke(HttpContext httpContext)
2026-07-02 09:10:31.686 +03:00 [ERR] An unhandled exception occurred.
System.FormatException: The input is not a valid Base-64 string as it contains a non-base 64 character, more than two padding characters, or an illegal character among the padding characters.
   at System.Convert.FromBase64CharPtr(Char* inputPtr, Int32 inputLength)
   at System.Convert.FromBase64String(String s)
   at Microsoft.AspNetCore.Identity.PasswordHasher`1.VerifyHashedPassword(TUser user, String hashedPassword, String providedPassword)
   at RealityLens.Persistence.Services.AuthenticationService.LoginAsync(LoginRequest request, CancellationToken cancellationToken) in C:\Users\mustafa\Desktop\algı yönetimi\RealityLens\apps\api\src\RealityLens.Persistence\Services\AuthenticationService.cs:line 46
   at RealityLens.Presentation.Controllers.AuthController.Login(LoginRequest request, CancellationToken cancellationToken) in C:\Users\mustafa\Desktop\algı yönetimi\RealityLens\apps\api\src\RealityLens.Presentation\Controllers\AuthController.cs:line 33
   at Microsoft.AspNetCore.Mvc.Infrastructure.ActionMethodExecutor.TaskOfIActionResultExecutor.Execute(ActionContext actionContext, IActionResultTypeMapper mapper, ObjectMethodExecutor executor, Object controller, Object[] arguments)
   at Microsoft.AspNetCore.Mvc.Infrastructure.ControllerActionInvoker.<InvokeActionMethodAsync>g__Awaited|12_0(ControllerActionInvoker invoker, ValueTask`1 actionResultValueTask)
   at Microsoft.AspNetCore.Mvc.Infrastructure.ControllerActionInvoker.<InvokeNextActionFilterAsync>g__Awaited|10_0(ControllerActionInvoker invoker, Task lastTask, State next, Scope scope, Object state, Boolean isCompleted)
   at Microsoft.AspNetCore.Mvc.Infrastructure.ControllerActionInvoker.Rethrow(ActionExecutedContextSealed context)
   at Microsoft.AspNetCore.Mvc.Infrastructure.ControllerActionInvoker.Next(State& next, Scope& scope, Object& state, Boolean& isCompleted)
   at Microsoft.AspNetCore.Mvc.Infrastructure.ControllerActionInvoker.<InvokeInnerFilterAsync>g__Awaited|13_0(ControllerActionInvoker invoker, Task lastTask, State next, Scope scope, Object state, Boolean isCompleted)
   at Microsoft.AspNetCore.Mvc.Infrastructure.ResourceInvoker.<InvokeFilterPipelineAsync>g__Awaited|20_0(ResourceInvoker invoker, Task lastTask, State next, Scope scope, Object state, Boolean isCompleted)
   at Microsoft.AspNetCore.Mvc.Infrastructure.ResourceInvoker.<InvokeAsync>g__Logged|17_1(ResourceInvoker invoker)
   at Microsoft.AspNetCore.Mvc.Infrastructure.ResourceInvoker.<InvokeAsync>g__Logged|17_1(ResourceInvoker invoker)
   at Microsoft.AspNetCore.Routing.EndpointMiddleware.<Invoke>g__AwaitRequestTask|7_0(Endpoint endpoint, Task requestTask, ILogger logger)
   at Microsoft.AspNetCore.Authorization.AuthorizationMiddleware.Invoke(HttpContext context)
   at Microsoft.AspNetCore.Authentication.AuthenticationMiddleware.Invoke(HttpContext context)
   at Serilog.AspNetCore.RequestLoggingMiddleware.Invoke(HttpContext httpContext)
   at RealityLens.Presentation.Middleware.GlobalExceptionMiddleware.InvokeAsync(HttpContext context) in C:\Users\mustafa\Desktop\algı yönetimi\RealityLens\apps\api\src\RealityLens.Presentation\Middleware\GlobalExceptionMiddleware.cs:line 26
2026-07-02 09:10:31.689 +03:00 [INF] Request finished HTTP/1.1 POST http://localhost:5128/api/auth/login - 500 null application/json 14.5774ms
2026-07-02 09:10:31.820 +03:00 [INF] Request starting HTTP/1.1 POST http://localhost:5128/api/auth/login - application/json 68
2026-07-02 09:10:31.821 +03:00 [INF] CORS policy execution successful.
2026-07-02 09:10:31.822 +03:00 [INF] Executing endpoint 'RealityLens.Presentation.Controllers.AuthController.Login (RealityLens.Presentation)'
2026-07-02 09:10:31.822 +03:00 [INF] Route matched with {action = "Login", controller = "Auth"}. Executing controller action with signature System.Threading.Tasks.Task`1[Microsoft.AspNetCore.Mvc.IActionResult] Login(RealityLens.Application.DTOs.Auth.LoginRequest, System.Threading.CancellationToken) on controller RealityLens.Presentation.Controllers.AuthController (RealityLens.Presentation).
2026-07-02 09:10:31.825 +03:00 [INF] Executed DbCommand (1ms) [Parameters=[@__request_Email_0='?'], CommandType='"Text"', CommandTimeout='30']
SELECT u."Id", u."CreatedAt", u."Email", u."IsActive", u."PasswordHash", u."RoleId", u."UpdatedAt", r."Id", r."CreatedAt", r."Name", r."UpdatedAt"
FROM "Users" AS u
INNER JOIN "Roles" AS r ON u."RoleId" = r."Id"
WHERE u."Email" = @__request_Email_0
LIMIT 1
2026-07-02 09:10:31.826 +03:00 [INF] Executed action RealityLens.Presentation.Controllers.AuthController.Login (RealityLens.Presentation) in 2.9914ms
2026-07-02 09:10:31.827 +03:00 [INF] Executed endpoint 'RealityLens.Presentation.Controllers.AuthController.Login (RealityLens.Presentation)'
2026-07-02 09:10:31.828 +03:00 [ERR] HTTP POST /api/auth/login responded 500 in 6.4460 ms
System.FormatException: The input is not a valid Base-64 string as it contains a non-base 64 character, more than two padding characters, or an illegal character among the padding characters.
   at System.Convert.FromBase64CharPtr(Char* inputPtr, Int32 inputLength)
   at System.Convert.FromBase64String(String s)
   at Microsoft.AspNetCore.Identity.PasswordHasher`1.VerifyHashedPassword(TUser user, String hashedPassword, String providedPassword)
   at RealityLens.Persistence.Services.AuthenticationService.LoginAsync(LoginRequest request, CancellationToken cancellationToken) in C:\Users\mustafa\Desktop\algı yönetimi\RealityLens\apps\api\src\RealityLens.Persistence\Services\AuthenticationService.cs:line 46
   at RealityLens.Presentation.Controllers.AuthController.Login(LoginRequest request, CancellationToken cancellationToken) in C:\Users\mustafa\Desktop\algı yönetimi\RealityLens\apps\api\src\RealityLens.Presentation\Controllers\AuthController.cs:line 33
   at Microsoft.AspNetCore.Mvc.Infrastructure.ActionMethodExecutor.TaskOfIActionResultExecutor.Execute(ActionContext actionContext, IActionResultTypeMapper mapper, ObjectMethodExecutor executor, Object controller, Object[] arguments)
   at Microsoft.AspNetCore.Mvc.Infrastructure.ControllerActionInvoker.<InvokeActionMethodAsync>g__Awaited|12_0(ControllerActionInvoker invoker, ValueTask`1 actionResultValueTask)
   at Microsoft.AspNetCore.Mvc.Infrastructure.ControllerActionInvoker.<InvokeNextActionFilterAsync>g__Awaited|10_0(ControllerActionInvoker invoker, Task lastTask, State next, Scope scope, Object state, Boolean isCompleted)
   at Microsoft.AspNetCore.Mvc.Infrastructure.ControllerActionInvoker.Rethrow(ActionExecutedContextSealed context)
   at Microsoft.AspNetCore.Mvc.Infrastructure.ControllerActionInvoker.Next(State& next, Scope& scope, Object& state, Boolean& isCompleted)
   at Microsoft.AspNetCore.Mvc.Infrastructure.ControllerActionInvoker.<InvokeInnerFilterAsync>g__Awaited|13_0(ControllerActionInvoker invoker, Task lastTask, State next, Scope scope, Object state, Boolean isCompleted)
   at Microsoft.AspNetCore.Mvc.Infrastructure.ResourceInvoker.<InvokeFilterPipelineAsync>g__Awaited|20_0(ResourceInvoker invoker, Task lastTask, State next, Scope scope, Object state, Boolean isCompleted)
   at Microsoft.AspNetCore.Mvc.Infrastructure.ResourceInvoker.<InvokeAsync>g__Logged|17_1(ResourceInvoker invoker)
   at Microsoft.AspNetCore.Mvc.Infrastructure.ResourceInvoker.<InvokeAsync>g__Logged|17_1(ResourceInvoker invoker)
   at Microsoft.AspNetCore.Routing.EndpointMiddleware.<Invoke>g__AwaitRequestTask|7_0(Endpoint endpoint, Task requestTask, ILogger logger)
   at Microsoft.AspNetCore.Authorization.AuthorizationMiddleware.Invoke(HttpContext context)
   at Microsoft.AspNetCore.Authentication.AuthenticationMiddleware.Invoke(HttpContext context)
   at Serilog.AspNetCore.RequestLoggingMiddleware.Invoke(HttpContext httpContext)
2026-07-02 09:10:31.831 +03:00 [ERR] An unhandled exception occurred.
System.FormatException: The input is not a valid Base-64 string as it contains a non-base 64 character, more than two padding characters, or an illegal character among the padding characters.
   at System.Convert.FromBase64CharPtr(Char* inputPtr, Int32 inputLength)
   at System.Convert.FromBase64String(String s)
   at Microsoft.AspNetCore.Identity.PasswordHasher`1.VerifyHashedPassword(TUser user, String hashedPassword, String providedPassword)
   at RealityLens.Persistence.Services.AuthenticationService.LoginAsync(LoginRequest request, CancellationToken cancellationToken) in C:\Users\mustafa\Desktop\algı yönetimi\RealityLens\apps\api\src\RealityLens.Persistence\Services\AuthenticationService.cs:line 46
   at RealityLens.Presentation.Controllers.AuthController.Login(LoginRequest request, CancellationToken cancellationToken) in C:\Users\mustafa\Desktop\algı yönetimi\RealityLens\apps\api\src\RealityLens.Presentation\Controllers\AuthController.cs:line 33
   at Microsoft.AspNetCore.Mvc.Infrastructure.ActionMethodExecutor.TaskOfIActionResultExecutor.Execute(ActionContext actionContext, IActionResultTypeMapper mapper, ObjectMethodExecutor executor, Object controller, Object[] arguments)
   at Microsoft.AspNetCore.Mvc.Infrastructure.ControllerActionInvoker.<InvokeActionMethodAsync>g__Awaited|12_0(ControllerActionInvoker invoker, ValueTask`1 actionResultValueTask)
   at Microsoft.AspNetCore.Mvc.Infrastructure.ControllerActionInvoker.<InvokeNextActionFilterAsync>g__Awaited|10_0(ControllerActionInvoker invoker, Task lastTask, State next, Scope scope, Object state, Boolean isCompleted)
   at Microsoft.AspNetCore.Mvc.Infrastructure.ControllerActionInvoker.Rethrow(ActionExecutedContextSealed context)
   at Microsoft.AspNetCore.Mvc.Infrastructure.ControllerActionInvoker.Next(State& next, Scope& scope, Object& state, Boolean& isCompleted)
   at Microsoft.AspNetCore.Mvc.Infrastructure.ControllerActionInvoker.<InvokeInnerFilterAsync>g__Awaited|13_0(ControllerActionInvoker invoker, Task lastTask, State next, Scope scope, Object state, Boolean isCompleted)
   at Microsoft.AspNetCore.Mvc.Infrastructure.ResourceInvoker.<InvokeFilterPipelineAsync>g__Awaited|20_0(ResourceInvoker invoker, Task lastTask, State next, Scope scope, Object state, Boolean isCompleted)
   at Microsoft.AspNetCore.Mvc.Infrastructure.ResourceInvoker.<InvokeAsync>g__Logged|17_1(ResourceInvoker invoker)
   at Microsoft.AspNetCore.Mvc.Infrastructure.ResourceInvoker.<InvokeAsync>g__Logged|17_1(ResourceInvoker invoker)
   at Microsoft.AspNetCore.Routing.EndpointMiddleware.<Invoke>g__AwaitRequestTask|7_0(Endpoint endpoint, Task requestTask, ILogger logger)
   at Microsoft.AspNetCore.Authorization.AuthorizationMiddleware.Invoke(HttpContext context)
   at Microsoft.AspNetCore.Authentication.AuthenticationMiddleware.Invoke(HttpContext context)
   at Serilog.AspNetCore.RequestLoggingMiddleware.Invoke(HttpContext httpContext)
   at RealityLens.Presentation.Middleware.GlobalExceptionMiddleware.InvokeAsync(HttpContext context) in C:\Users\mustafa\Desktop\algı yönetimi\RealityLens\apps\api\src\RealityLens.Presentation\Middleware\GlobalExceptionMiddleware.cs:line 26
2026-07-02 09:10:31.833 +03:00 [INF] Request finished HTTP/1.1 POST http://localhost:5128/api/auth/login - 500 null application/json 12.8543ms
2026-07-02 09:10:31.962 +03:00 [INF] Request starting HTTP/1.1 POST http://localhost:5128/api/auth/login - application/json 68
2026-07-02 09:10:31.964 +03:00 [INF] CORS policy execution successful.
2026-07-02 09:10:31.964 +03:00 [INF] Executing endpoint 'RealityLens.Presentation.Controllers.AuthController.Login (RealityLens.Presentation)'
2026-07-02 09:10:31.965 +03:00 [INF] Route matched with {action = "Login", controller = "Auth"}. Executing controller action with signature System.Threading.Tasks.Task`1[Microsoft.AspNetCore.Mvc.IActionResult] Login(RealityLens.Application.DTOs.Auth.LoginRequest, System.Threading.CancellationToken) on controller RealityLens.Presentation.Controllers.AuthController (RealityLens.Presentation).
2026-07-02 09:10:31.968 +03:00 [INF] Executed DbCommand (1ms) [Parameters=[@__request_Email_0='?'], CommandType='"Text"', CommandTimeout='30']
SELECT u."Id", u."CreatedAt", u."Email", u."IsActive", u."PasswordHash", u."RoleId", u."UpdatedAt", r."Id", r."CreatedAt", r."Name", r."UpdatedAt"
FROM "Users" AS u
INNER JOIN "Roles" AS r ON u."RoleId" = r."Id"
WHERE u."Email" = @__request_Email_0
LIMIT 1
2026-07-02 09:10:31.971 +03:00 [INF] Executed action RealityLens.Presentation.Controllers.AuthController.Login (RealityLens.Presentation) in 5.0389ms
2026-07-02 09:10:31.971 +03:00 [INF] Executed endpoint 'RealityLens.Presentation.Controllers.AuthController.Login (RealityLens.Presentation)'
2026-07-02 09:10:31.972 +03:00 [ERR] HTTP POST /api/auth/login responded 500 in 8.3651 ms
System.FormatException: The input is not a valid Base-64 string as it contains a non-base 64 character, more than two padding characters, or an illegal character among the padding characters.
   at System.Convert.FromBase64CharPtr(Char* inputPtr, Int32 inputLength)
   at System.Convert.FromBase64String(String s)
   at Microsoft.AspNetCore.Identity.PasswordHasher`1.VerifyHashedPassword(TUser user, String hashedPassword, String providedPassword)
   at RealityLens.Persistence.Services.AuthenticationService.LoginAsync(LoginRequest request, CancellationToken cancellationToken) in C:\Users\mustafa\Desktop\algı yönetimi\RealityLens\apps\api\src\RealityLens.Persistence\Services\AuthenticationService.cs:line 46
   at RealityLens.Presentation.Controllers.AuthController.Login(LoginRequest request, CancellationToken cancellationToken) in C:\Users\mustafa\Desktop\algı yönetimi\RealityLens\apps\api\src\RealityLens.Presentation\Controllers\AuthController.cs:line 33
   at Microsoft.AspNetCore.Mvc.Infrastructure.ActionMethodExecutor.TaskOfIActionResultExecutor.Execute(ActionContext actionContext, IActionResultTypeMapper mapper, ObjectMethodExecutor executor, Object controller, Object[] arguments)
   at Microsoft.AspNetCore.Mvc.Infrastructure.ControllerActionInvoker.<InvokeActionMethodAsync>g__Awaited|12_0(ControllerActionInvoker invoker, ValueTask`1 actionResultValueTask)
   at Microsoft.AspNetCore.Mvc.Infrastructure.ControllerActionInvoker.<InvokeNextActionFilterAsync>g__Awaited|10_0(ControllerActionInvoker invoker, Task lastTask, State next, Scope scope, Object state, Boolean isCompleted)
   at Microsoft.AspNetCore.Mvc.Infrastructure.ControllerActionInvoker.Rethrow(ActionExecutedContextSealed context)
   at Microsoft.AspNetCore.Mvc.Infrastructure.ControllerActionInvoker.Next(State& next, Scope& scope, Object& state, Boolean& isCompleted)
   at Microsoft.AspNetCore.Mvc.Infrastructure.ControllerActionInvoker.<InvokeInnerFilterAsync>g__Awaited|13_0(ControllerActionInvoker invoker, Task lastTask, State next, Scope scope, Object state, Boolean isCompleted)
   at Microsoft.AspNetCore.Mvc.Infrastructure.ResourceInvoker.<InvokeFilterPipelineAsync>g__Awaited|20_0(ResourceInvoker invoker, Task lastTask, State next, Scope scope, Object state, Boolean isCompleted)
   at Microsoft.AspNetCore.Mvc.Infrastructure.ResourceInvoker.<InvokeAsync>g__Logged|17_1(ResourceInvoker invoker)
   at Microsoft.AspNetCore.Mvc.Infrastructure.ResourceInvoker.<InvokeAsync>g__Logged|17_1(ResourceInvoker invoker)
   at Microsoft.AspNetCore.Routing.EndpointMiddleware.<Invoke>g__AwaitRequestTask|7_0(Endpoint endpoint, Task requestTask, ILogger logger)
   at Microsoft.AspNetCore.Authorization.AuthorizationMiddleware.Invoke(HttpContext context)
   at Microsoft.AspNetCore.Authentication.AuthenticationMiddleware.Invoke(HttpContext context)
   at Serilog.AspNetCore.RequestLoggingMiddleware.Invoke(HttpContext httpContext)
2026-07-02 09:10:31.977 +03:00 [ERR] An unhandled exception occurred.
System.FormatException: The input is not a valid Base-64 string as it contains a non-base 64 character, more than two padding characters, or an illegal character among the padding characters.
   at System.Convert.FromBase64CharPtr(Char* inputPtr, Int32 inputLength)
   at System.Convert.FromBase64String(String s)
   at Microsoft.AspNetCore.Identity.PasswordHasher`1.VerifyHashedPassword(TUser user, String hashedPassword, String providedPassword)
   at RealityLens.Persistence.Services.AuthenticationService.LoginAsync(LoginRequest request, CancellationToken cancellationToken) in C:\Users\mustafa\Desktop\algı yönetimi\RealityLens\apps\api\src\RealityLens.Persistence\Services\AuthenticationService.cs:line 46
   at RealityLens.Presentation.Controllers.AuthController.Login(LoginRequest request, CancellationToken cancellationToken) in C:\Users\mustafa\Desktop\algı yönetimi\RealityLens\apps\api\src\RealityLens.Presentation\Controllers\AuthController.cs:line 33
   at Microsoft.AspNetCore.Mvc.Infrastructure.ActionMethodExecutor.TaskOfIActionResultExecutor.Execute(ActionContext actionContext, IActionResultTypeMapper mapper, ObjectMethodExecutor executor, Object controller, Object[] arguments)
   at Microsoft.AspNetCore.Mvc.Infrastructure.ControllerActionInvoker.<InvokeActionMethodAsync>g__Awaited|12_0(ControllerActionInvoker invoker, ValueTask`1 actionResultValueTask)
   at Microsoft.AspNetCore.Mvc.Infrastructure.ControllerActionInvoker.<InvokeNextActionFilterAsync>g__Awaited|10_0(ControllerActionInvoker invoker, Task lastTask, State next, Scope scope, Object state, Boolean isCompleted)
   at Microsoft.AspNetCore.Mvc.Infrastructure.ControllerActionInvoker.Rethrow(ActionExecutedContextSealed context)
   at Microsoft.AspNetCore.Mvc.Infrastructure.ControllerActionInvoker.Next(State& next, Scope& scope, Object& state, Boolean& isCompleted)
   at Microsoft.AspNetCore.Mvc.Infrastructure.ControllerActionInvoker.<InvokeInnerFilterAsync>g__Awaited|13_0(ControllerActionInvoker invoker, Task lastTask, State next, Scope scope, Object state, Boolean isCompleted)
   at Microsoft.AspNetCore.Mvc.Infrastructure.ResourceInvoker.<InvokeFilterPipelineAsync>g__Awaited|20_0(ResourceInvoker invoker, Task lastTask, State next, Scope scope, Object state, Boolean isCompleted)
   at Microsoft.AspNetCore.Mvc.Infrastructure.ResourceInvoker.<InvokeAsync>g__Logged|17_1(ResourceInvoker invoker)
   at Microsoft.AspNetCore.Mvc.Infrastructure.ResourceInvoker.<InvokeAsync>g__Logged|17_1(ResourceInvoker invoker)
   at Microsoft.AspNetCore.Routing.EndpointMiddleware.<Invoke>g__AwaitRequestTask|7_0(Endpoint endpoint, Task requestTask, ILogger logger)
   at Microsoft.AspNetCore.Authorization.AuthorizationMiddleware.Invoke(HttpContext context)
   at Microsoft.AspNetCore.Authentication.AuthenticationMiddleware.Invoke(HttpContext context)
   at Serilog.AspNetCore.RequestLoggingMiddleware.Invoke(HttpContext httpContext)
   at RealityLens.Presentation.Middleware.GlobalExceptionMiddleware.InvokeAsync(HttpContext context) in C:\Users\mustafa\Desktop\algı yönetimi\RealityLens\apps\api\src\RealityLens.Presentation\Middleware\GlobalExceptionMiddleware.cs:line 26
2026-07-02 09:10:31.979 +03:00 [INF] Request finished HTTP/1.1 POST http://localhost:5128/api/auth/login - 500 null application/json 17.273ms
2026-07-02 09:10:35.563 +03:00 [INF] Request starting HTTP/1.1 GET http://localhost:5128/swagger/index.html - null null
2026-07-02 09:10:35.565 +03:00 [INF] Request finished HTTP/1.1 GET http://localhost:5128/swagger/index.html - 200 null text/html;charset=utf-8 1.7629ms
2026-07-02 09:10:35.586 +03:00 [INF] Request starting HTTP/1.1 GET http://localhost:5128/swagger/index.js - null null
2026-07-02 09:10:35.588 +03:00 [INF] Request finished HTTP/1.1 GET http://localhost:5128/swagger/index.js - 200 null application/javascript;charset=utf-8 1.9476ms
2026-07-02 09:10:35.723 +03:00 [INF] Request starting HTTP/1.1 GET http://localhost:5128/swagger/v1/swagger.json - null null
2026-07-02 09:10:35.734 +03:00 [INF] Request finished HTTP/1.1 GET http://localhost:5128/swagger/v1/swagger.json - 200 null application/json;charset=utf-8 11.083ms
2026-07-02 09:27:06.477 +03:00 [INF] Request starting HTTP/1.1 POST http://localhost:5128/api/auth/login - application/json 59
2026-07-02 09:27:06.479 +03:00 [INF] Executing endpoint 'RealityLens.Presentation.Controllers.AuthController.Login (RealityLens.Presentation)'
2026-07-02 09:27:06.479 +03:00 [INF] Route matched with {action = "Login", controller = "Auth"}. Executing controller action with signature System.Threading.Tasks.Task`1[Microsoft.AspNetCore.Mvc.IActionResult] Login(RealityLens.Application.DTOs.Auth.LoginRequest, System.Threading.CancellationToken) on controller RealityLens.Presentation.Controllers.AuthController (RealityLens.Presentation).
2026-07-02 09:27:06.509 +03:00 [INF] Executed DbCommand (4ms) [Parameters=[@__request_Email_0='?'], CommandType='"Text"', CommandTimeout='30']
SELECT u."Id", u."CreatedAt", u."Email", u."IsActive", u."PasswordHash", u."RoleId", u."UpdatedAt", r."Id", r."CreatedAt", r."Name", r."UpdatedAt"
FROM "Users" AS u
INNER JOIN "Roles" AS r ON u."RoleId" = r."Id"
WHERE u."Email" = @__request_Email_0
LIMIT 1
2026-07-02 09:27:06.644 +03:00 [INF] Executed DbCommand (5ms) [Parameters=[@p0='?' (DbType = Guid), @p1='?' (DbType = DateTime), @p2='?' (DbType = DateTime), @p3='?' (DbType = DateTime), @p4='?', @p5='?' (DbType = DateTime), @p6='?' (DbType = Guid)], CommandType='"Text"', CommandTimeout='30']
INSERT INTO "RefreshTokens" ("Id", "CreatedAt", "ExpiresAt", "RevokedAt", "Token", "UpdatedAt", "UserId")
VALUES (@p0, @p1, @p2, @p3, @p4, @p5, @p6);
2026-07-02 09:27:06.651 +03:00 [INF] Executing OkObjectResult, writing value of type 'RealityLens.Application.DTOs.Auth.AuthenticationResponse'.
2026-07-02 09:27:06.658 +03:00 [INF] Executed action RealityLens.Presentation.Controllers.AuthController.Login (RealityLens.Presentation) in 177.9265ms
2026-07-02 09:27:06.658 +03:00 [INF] Executed endpoint 'RealityLens.Presentation.Controllers.AuthController.Login (RealityLens.Presentation)'
2026-07-02 09:27:06.659 +03:00 [INF] HTTP POST /api/auth/login responded 200 in 180.4810 ms
2026-07-02 09:27:06.660 +03:00 [INF] Request finished HTTP/1.1 POST http://localhost:5128/api/auth/login - 200 null application/json; charset=utf-8 182.7885ms
2026-07-02 09:27:24.416 +03:00 [INF] Request starting HTTP/1.1 POST http://localhost:5128/api/auth/login - application/json 59
2026-07-02 09:27:24.417 +03:00 [INF] Executing endpoint 'RealityLens.Presentation.Controllers.AuthController.Login (RealityLens.Presentation)'
2026-07-02 09:27:24.418 +03:00 [INF] Route matched with {action = "Login", controller = "Auth"}. Executing controller action with signature System.Threading.Tasks.Task`1[Microsoft.AspNetCore.Mvc.IActionResult] Login(RealityLens.Application.DTOs.Auth.LoginRequest, System.Threading.CancellationToken) on controller RealityLens.Presentation.Controllers.AuthController (RealityLens.Presentation).
2026-07-02 09:27:24.421 +03:00 [INF] Executed DbCommand (1ms) [Parameters=[@__request_Email_0='?'], CommandType='"Text"', CommandTimeout='30']
SELECT u."Id", u."CreatedAt", u."Email", u."IsActive", u."PasswordHash", u."RoleId", u."UpdatedAt", r."Id", r."CreatedAt", r."Name", r."UpdatedAt"
FROM "Users" AS u
INNER JOIN "Roles" AS r ON u."RoleId" = r."Id"
WHERE u."Email" = @__request_Email_0
LIMIT 1
2026-07-02 09:27:24.477 +03:00 [INF] Executed DbCommand (1ms) [Parameters=[@p0='?' (DbType = Guid), @p1='?' (DbType = DateTime), @p2='?' (DbType = DateTime), @p3='?' (DbType = DateTime), @p4='?', @p5='?' (DbType = DateTime), @p6='?' (DbType = Guid)], CommandType='"Text"', CommandTimeout='30']
INSERT INTO "RefreshTokens" ("Id", "CreatedAt", "ExpiresAt", "RevokedAt", "Token", "UpdatedAt", "UserId")
VALUES (@p0, @p1, @p2, @p3, @p4, @p5, @p6);
2026-07-02 09:27:24.478 +03:00 [INF] Executing OkObjectResult, writing value of type 'RealityLens.Application.DTOs.Auth.AuthenticationResponse'.
2026-07-02 09:27:24.479 +03:00 [INF] Executed action RealityLens.Presentation.Controllers.AuthController.Login (RealityLens.Presentation) in 60.1059ms
2026-07-02 09:27:24.480 +03:00 [INF] Executed endpoint 'RealityLens.Presentation.Controllers.AuthController.Login (RealityLens.Presentation)'
2026-07-02 09:27:24.480 +03:00 [INF] HTTP POST /api/auth/login responded 200 in 62.6521 ms
2026-07-02 09:27:24.481 +03:00 [INF] Request finished HTTP/1.1 POST http://localhost:5128/api/auth/login - 200 null application/json; charset=utf-8 64.8292ms
