2026-06-29 23:34:07.852 +03:00 [INF] User profile is available. Using 'C:\Users\mustafa\AppData\Local\ASP.NET\DataProtection-Keys' as key repository and Windows DPAPI to encrypt keys at rest.
2026-06-29 23:34:08.015 +03:00 [INF] Now listening on: http://localhost:5128
2026-06-29 23:34:08.017 +03:00 [INF] Application started. Press Ctrl+C to shut down.
2026-06-29 23:34:08.017 +03:00 [INF] Hosting environment: Development
2026-06-29 23:34:08.017 +03:00 [INF] Content root path: C:\Users\mustafa\Desktop\algı yönetimi\RealityLens\apps\api\src\RealityLens.Presentation
2026-06-29 23:34:52.841 +03:00 [INF] Request starting HTTP/1.1 GET http://localhost:5128/health - null null
2026-06-29 23:34:52.891 +03:00 [WRN] Failed to determine the https port for redirect.
2026-06-29 23:34:52.892 +03:00 [INF] Executing endpoint 'RealityLens.Presentation.Controllers.HealthController.Get (RealityLens.Presentation)'
2026-06-29 23:34:52.899 +03:00 [INF] Route matched with {action = "Get", controller = "Health"}. Executing controller action with signature Microsoft.AspNetCore.Mvc.IActionResult Get() on controller RealityLens.Presentation.Controllers.HealthController (RealityLens.Presentation).
2026-06-29 23:34:52.904 +03:00 [INF] Executing OkObjectResult, writing value of type '<>f__AnonymousType0`4[[System.String, System.Private.CoreLib, Version=9.0.0.0, Culture=neutral, PublicKeyToken=7cec85d7bea7798e],[System.String, System.Private.CoreLib, Version=9.0.0.0, Culture=neutral, PublicKeyToken=7cec85d7bea7798e],[System.DateTime, System.Private.CoreLib, Version=9.0.0.0, Culture=neutral, PublicKeyToken=7cec85d7bea7798e],[System.String, System.Private.CoreLib, Version=9.0.0.0, Culture=neutral, PublicKeyToken=7cec85d7bea7798e]]'.
2026-06-29 23:34:52.925 +03:00 [INF] Executed action RealityLens.Presentation.Controllers.HealthController.Get (RealityLens.Presentation) in 23.7987ms
2026-06-29 23:34:52.933 +03:00 [INF] Executed endpoint 'RealityLens.Presentation.Controllers.HealthController.Get (RealityLens.Presentation)'
2026-06-29 23:34:52.935 +03:00 [INF] HTTP GET /health responded 200 in 44.0863 ms
2026-06-29 23:34:52.936 +03:00 [INF] Request finished HTTP/1.1 GET http://localhost:5128/health - 200 null application/json; charset=utf-8 97.2626ms
2026-06-29 23:56:24.211 +03:00 [FTL] Application terminated unexpectedly
Microsoft.Extensions.Hosting.HostAbortedException: The host was aborted.
   at Microsoft.Extensions.Hosting.HostFactoryResolver.HostingListener.ThrowHostAborted()
   at Microsoft.Extensions.Hosting.HostFactoryResolver.HostingListener.OnNext(KeyValuePair`2 value)
   at System.Diagnostics.DiagnosticListener.Write(String name, Object value)
   at Microsoft.Extensions.Hosting.HostBuilder.ResolveHost(IServiceProvider serviceProvider, DiagnosticListener diagnosticListener)
   at Microsoft.Extensions.Hosting.HostApplicationBuilder.Build()
   at Microsoft.AspNetCore.Builder.WebApplicationBuilder.Build()
   at Program.<Main>$(String[] args) in C:\Users\mustafa\Desktop\algı yönetimi\RealityLens\apps\api\src\RealityLens.Presentation\Program.cs:line 43
2026-06-29 23:56:39.204 +03:00 [FTL] Application terminated unexpectedly
Microsoft.Extensions.Hosting.HostAbortedException: The host was aborted.
   at Microsoft.Extensions.Hosting.HostFactoryResolver.HostingListener.ThrowHostAborted()
   at Microsoft.Extensions.Hosting.HostFactoryResolver.HostingListener.OnNext(KeyValuePair`2 value)
   at System.Diagnostics.DiagnosticListener.Write(String name, Object value)
   at Microsoft.Extensions.Hosting.HostBuilder.ResolveHost(IServiceProvider serviceProvider, DiagnosticListener diagnosticListener)
   at Microsoft.Extensions.Hosting.HostApplicationBuilder.Build()
   at Microsoft.AspNetCore.Builder.WebApplicationBuilder.Build()
   at Program.<Main>$(String[] args) in C:\Users\mustafa\Desktop\algı yönetimi\RealityLens\apps\api\src\RealityLens.Presentation\Program.cs:line 43
2026-06-29 23:57:15.242 +03:00 [FTL] Application terminated unexpectedly
Microsoft.Extensions.Hosting.HostAbortedException: The host was aborted.
   at Microsoft.Extensions.Hosting.HostFactoryResolver.HostingListener.ThrowHostAborted()
   at Microsoft.Extensions.Hosting.HostFactoryResolver.HostingListener.OnNext(KeyValuePair`2 value)
   at System.Diagnostics.DiagnosticListener.Write(String name, Object value)
   at Microsoft.Extensions.Hosting.HostBuilder.ResolveHost(IServiceProvider serviceProvider, DiagnosticListener diagnosticListener)
   at Microsoft.Extensions.Hosting.HostApplicationBuilder.Build()
   at Microsoft.AspNetCore.Builder.WebApplicationBuilder.Build()
   at Program.<Main>$(String[] args) in C:\Users\mustafa\Desktop\algı yönetimi\RealityLens\apps\api\src\RealityLens.Presentation\Program.cs:line 43
