2026-07-02 16:09:13.831 +03:00 [INF] User profile is available. Using 'C:\Users\mustafa\AppData\Local\ASP.NET\DataProtection-Keys' as key repository and Windows DPAPI to encrypt keys at rest.
2026-07-02 16:09:13.900 +03:00 [ERR] Hosting failed to start
System.IO.IOException: Failed to bind to address http://127.0.0.1:5128: address already in use.
 ---> Microsoft.AspNetCore.Connections.AddressInUseException: Normal olarak her yuva adresi (iletişim kuralı/ağ adresi/bağlantı noktası) için yalnızca bir kullanıma izin veriliyor.
 ---> System.Net.Sockets.SocketException (10048): Normal olarak her yuva adresi (iletişim kuralı/ağ adresi/bağlantı noktası) için yalnızca bir kullanıma izin veriliyor.
   at System.Net.Sockets.Socket.UpdateStatusAfterSocketErrorAndThrowException(SocketError error, Boolean disconnectOnFailure, String callerName)
   at System.Net.Sockets.Socket.DoBind(EndPoint endPointSnapshot, SocketAddress socketAddress)
   at System.Net.Sockets.Socket.Bind(EndPoint localEP)
   at Microsoft.AspNetCore.Server.Kestrel.Transport.Sockets.SocketTransportOptions.CreateDefaultBoundListenSocket(EndPoint endpoint)
   at Microsoft.AspNetCore.Server.Kestrel.Transport.Sockets.SocketConnectionListener.Bind()
   --- End of inner exception stack trace ---
   at Microsoft.AspNetCore.Server.Kestrel.Transport.Sockets.SocketConnectionListener.Bind()
   at Microsoft.AspNetCore.Server.Kestrel.Transport.Sockets.SocketTransportFactory.BindAsync(EndPoint endpoint, CancellationToken cancellationToken)
   at Microsoft.AspNetCore.Server.Kestrel.Core.Internal.Infrastructure.TransportManager.BindAsync(EndPoint endPoint, ConnectionDelegate connectionDelegate, EndpointConfig endpointConfig, CancellationToken cancellationToken)
   at Microsoft.AspNetCore.Server.Kestrel.Core.KestrelServerImpl.<>c__DisplayClass28_0`1.<<StartAsync>g__OnBind|0>d.MoveNext()
--- End of stack trace from previous location ---
   at Microsoft.AspNetCore.Server.Kestrel.Core.Internal.AddressBinder.BindEndpointAsync(ListenOptions endpoint, AddressBindContext context, CancellationToken cancellationToken)
   --- End of inner exception stack trace ---
   at Microsoft.AspNetCore.Server.Kestrel.Core.Internal.AddressBinder.BindEndpointAsync(ListenOptions endpoint, AddressBindContext context, CancellationToken cancellationToken)
   at Microsoft.AspNetCore.Server.Kestrel.Core.LocalhostListenOptions.BindAsync(AddressBindContext context, CancellationToken cancellationToken)
   at Microsoft.AspNetCore.Server.Kestrel.Core.Internal.AddressBinder.AddressesStrategy.BindAsync(AddressBindContext context, CancellationToken cancellationToken)
   at Microsoft.AspNetCore.Server.Kestrel.Core.KestrelServerImpl.BindAsync(CancellationToken cancellationToken)
   at Microsoft.AspNetCore.Server.Kestrel.Core.KestrelServerImpl.StartAsync[TContext](IHttpApplication`1 application, CancellationToken cancellationToken)
   at Microsoft.AspNetCore.Hosting.GenericWebHostService.StartAsync(CancellationToken cancellationToken)
   at Microsoft.Extensions.Hosting.Internal.Host.<StartAsync>b__14_1(IHostedService service, CancellationToken token)
   at Microsoft.Extensions.Hosting.Internal.Host.ForeachService[T](IEnumerable`1 services, CancellationToken token, Boolean concurrent, Boolean abortOnFirstException, List`1 exceptions, Func`3 operation)
2026-07-02 16:09:13.925 +03:00 [FTL] Application terminated unexpectedly
System.IO.IOException: Failed to bind to address http://127.0.0.1:5128: address already in use.
 ---> Microsoft.AspNetCore.Connections.AddressInUseException: Normal olarak her yuva adresi (iletişim kuralı/ağ adresi/bağlantı noktası) için yalnızca bir kullanıma izin veriliyor.
 ---> System.Net.Sockets.SocketException (10048): Normal olarak her yuva adresi (iletişim kuralı/ağ adresi/bağlantı noktası) için yalnızca bir kullanıma izin veriliyor.
   at System.Net.Sockets.Socket.UpdateStatusAfterSocketErrorAndThrowException(SocketError error, Boolean disconnectOnFailure, String callerName)
   at System.Net.Sockets.Socket.DoBind(EndPoint endPointSnapshot, SocketAddress socketAddress)
   at System.Net.Sockets.Socket.Bind(EndPoint localEP)
   at Microsoft.AspNetCore.Server.Kestrel.Transport.Sockets.SocketTransportOptions.CreateDefaultBoundListenSocket(EndPoint endpoint)
   at Microsoft.AspNetCore.Server.Kestrel.Transport.Sockets.SocketConnectionListener.Bind()
   --- End of inner exception stack trace ---
   at Microsoft.AspNetCore.Server.Kestrel.Transport.Sockets.SocketConnectionListener.Bind()
   at Microsoft.AspNetCore.Server.Kestrel.Transport.Sockets.SocketTransportFactory.BindAsync(EndPoint endpoint, CancellationToken cancellationToken)
   at Microsoft.AspNetCore.Server.Kestrel.Core.Internal.Infrastructure.TransportManager.BindAsync(EndPoint endPoint, ConnectionDelegate connectionDelegate, EndpointConfig endpointConfig, CancellationToken cancellationToken)
   at Microsoft.AspNetCore.Server.Kestrel.Core.KestrelServerImpl.<>c__DisplayClass28_0`1.<<StartAsync>g__OnBind|0>d.MoveNext()
--- End of stack trace from previous location ---
   at Microsoft.AspNetCore.Server.Kestrel.Core.Internal.AddressBinder.BindEndpointAsync(ListenOptions endpoint, AddressBindContext context, CancellationToken cancellationToken)
   --- End of inner exception stack trace ---
   at Microsoft.AspNetCore.Server.Kestrel.Core.Internal.AddressBinder.BindEndpointAsync(ListenOptions endpoint, AddressBindContext context, CancellationToken cancellationToken)
   at Microsoft.AspNetCore.Server.Kestrel.Core.LocalhostListenOptions.BindAsync(AddressBindContext context, CancellationToken cancellationToken)
   at Microsoft.AspNetCore.Server.Kestrel.Core.Internal.AddressBinder.AddressesStrategy.BindAsync(AddressBindContext context, CancellationToken cancellationToken)
   at Microsoft.AspNetCore.Server.Kestrel.Core.KestrelServerImpl.BindAsync(CancellationToken cancellationToken)
   at Microsoft.AspNetCore.Server.Kestrel.Core.KestrelServerImpl.StartAsync[TContext](IHttpApplication`1 application, CancellationToken cancellationToken)
   at Microsoft.AspNetCore.Hosting.GenericWebHostService.StartAsync(CancellationToken cancellationToken)
   at Microsoft.Extensions.Hosting.Internal.Host.<StartAsync>b__14_1(IHostedService service, CancellationToken token)
   at Microsoft.Extensions.Hosting.Internal.Host.ForeachService[T](IEnumerable`1 services, CancellationToken token, Boolean concurrent, Boolean abortOnFirstException, List`1 exceptions, Func`3 operation)
   at Microsoft.Extensions.Hosting.Internal.Host.StartAsync(CancellationToken cancellationToken)
   at Microsoft.Extensions.Hosting.HostingAbstractionsHostExtensions.RunAsync(IHost host, CancellationToken token)
   at Microsoft.Extensions.Hosting.HostingAbstractionsHostExtensions.RunAsync(IHost host, CancellationToken token)
   at Microsoft.Extensions.Hosting.HostingAbstractionsHostExtensions.Run(IHost host)
   at Program.<Main>$(String[] args) in C:\Users\mustafa\Desktop\algı yönetimi\RealityLens\apps\api\src\RealityLens.Presentation\Program.cs:line 97
2026-07-02 17:55:36.973 +03:00 [INF] User profile is available. Using 'C:\Users\mustafa\AppData\Local\ASP.NET\DataProtection-Keys' as key repository and Windows DPAPI to encrypt keys at rest.
2026-07-02 17:55:37.114 +03:00 [INF] Now listening on: http://localhost:5128
2026-07-02 17:55:37.117 +03:00 [INF] Application started. Press Ctrl+C to shut down.
2026-07-02 17:55:37.117 +03:00 [INF] Hosting environment: Development
2026-07-02 17:55:37.118 +03:00 [INF] Content root path: C:\Users\mustafa\Desktop\algı yönetimi\RealityLens\apps\api\src\RealityLens.Presentation
2026-07-02 17:56:54.022 +03:00 [INF] Request starting HTTP/1.1 OPTIONS http://localhost:5128/api/auth/login - null null
2026-07-02 17:56:54.069 +03:00 [WRN] Failed to determine the https port for redirect.
2026-07-02 17:56:54.071 +03:00 [INF] CORS policy execution successful.
2026-07-02 17:56:54.075 +03:00 [INF] HTTP OPTIONS /api/auth/login responded 204 in 8.5207 ms
2026-07-02 17:56:54.086 +03:00 [INF] Request finished HTTP/1.1 OPTIONS http://localhost:5128/api/auth/login - 204 null null 65.8024ms
2026-07-02 17:56:54.092 +03:00 [INF] Request starting HTTP/1.1 POST http://localhost:5128/api/auth/login - application/json 59
2026-07-02 17:56:54.096 +03:00 [INF] CORS policy execution successful.
2026-07-02 17:56:54.126 +03:00 [INF] Executing endpoint 'RealityLens.Presentation.Controllers.AuthController.Login (RealityLens.Presentation)'
2026-07-02 17:56:54.152 +03:00 [INF] Route matched with {action = "Login", controller = "Auth"}. Executing controller action with signature System.Threading.Tasks.Task`1[Microsoft.AspNetCore.Mvc.IActionResult] Login(RealityLens.Application.DTOs.Auth.LoginRequest, System.Threading.CancellationToken) on controller RealityLens.Presentation.Controllers.AuthController (RealityLens.Presentation).
2026-07-02 17:56:55.960 +03:00 [INF] Executed DbCommand (57ms) [Parameters=[@__request_Email_0='?'], CommandType='"Text"', CommandTimeout='30']
SELECT u."Id", u."CreatedAt", u."Email", u."IsActive", u."PasswordHash", u."RoleId", u."UpdatedAt", r."Id", r."CreatedAt", r."Name", r."UpdatedAt"
FROM "Users" AS u
INNER JOIN "Roles" AS r ON u."RoleId" = r."Id"
WHERE u."Email" = @__request_Email_0
LIMIT 1
2026-07-02 17:56:56.320 +03:00 [INF] Executed DbCommand (14ms) [Parameters=[@p0='?' (DbType = Guid), @p1='?' (DbType = DateTime), @p2='?' (DbType = DateTime), @p3='?' (DbType = DateTime), @p4='?', @p5='?' (DbType = DateTime), @p6='?' (DbType = Guid)], CommandType='"Text"', CommandTimeout='30']
INSERT INTO "RefreshTokens" ("Id", "CreatedAt", "ExpiresAt", "RevokedAt", "Token", "UpdatedAt", "UserId")
VALUES (@p0, @p1, @p2, @p3, @p4, @p5, @p6);
2026-07-02 17:56:56.337 +03:00 [INF] Executing OkObjectResult, writing value of type 'RealityLens.Application.DTOs.Auth.AuthenticationResponse'.
2026-07-02 17:56:56.358 +03:00 [INF] Executed action RealityLens.Presentation.Controllers.AuthController.Login (RealityLens.Presentation) in 2201.1776ms
2026-07-02 17:56:56.360 +03:00 [INF] Executed endpoint 'RealityLens.Presentation.Controllers.AuthController.Login (RealityLens.Presentation)'
2026-07-02 17:56:56.361 +03:00 [INF] HTTP POST /api/auth/login responded 200 in 2265.7429 ms
2026-07-02 17:56:56.370 +03:00 [INF] Request finished HTTP/1.1 POST http://localhost:5128/api/auth/login - 200 null application/json; charset=utf-8 2278.6684ms
2026-07-02 17:57:05.717 +03:00 [INF] Request starting HTTP/1.1 OPTIONS http://localhost:5128/api/media/upload - null null
2026-07-02 17:57:05.720 +03:00 [INF] CORS policy execution successful.
2026-07-02 17:57:05.721 +03:00 [INF] HTTP OPTIONS /api/media/upload responded 204 in 1.2615 ms
2026-07-02 17:57:05.722 +03:00 [INF] Request finished HTTP/1.1 OPTIONS http://localhost:5128/api/media/upload - 204 null null 6.0335ms
2026-07-02 17:57:05.724 +03:00 [INF] Request starting HTTP/1.1 POST http://localhost:5128/api/media/upload - multipart/form-data; boundary=--dio-boundary-1029576576 426467
2026-07-02 17:57:05.727 +03:00 [INF] CORS policy execution successful.
2026-07-02 17:57:05.768 +03:00 [INF] Executing endpoint 'RealityLens.Presentation.Controllers.MediaController.Upload (RealityLens.Presentation)'
2026-07-02 17:57:05.775 +03:00 [INF] Route matched with {action = "Upload", controller = "Media"}. Executing controller action with signature System.Threading.Tasks.Task`1[Microsoft.AspNetCore.Mvc.IActionResult] Upload(Microsoft.AspNetCore.Http.IFormFile) on controller RealityLens.Presentation.Controllers.MediaController (RealityLens.Presentation).
2026-07-02 17:57:05.824 +03:00 [INF] Executed action RealityLens.Presentation.Controllers.MediaController.Upload (RealityLens.Presentation) in 47.5264ms
2026-07-02 17:57:05.826 +03:00 [INF] Executed endpoint 'RealityLens.Presentation.Controllers.MediaController.Upload (RealityLens.Presentation)'
2026-07-02 17:57:05.827 +03:00 [ERR] HTTP POST /api/media/upload responded 500 in 100.1733 ms
System.ArgumentException: Invalid file signature.
   at RealityLens.Infrastructure.Storage.FileValidator.Validate(Stream fileStream, String fileName, String contentType) in C:\Users\mustafa\Desktop\algı yönetimi\RealityLens\apps\api\src\RealityLens.Infrastructure\Storage\FileValidator.cs:line 38
   at RealityLens.Persistence.Services.MediaService.UploadAsync(UploadMediaRequest request) in C:\Users\mustafa\Desktop\algı yönetimi\RealityLens\apps\api\src\RealityLens.Persistence\Services\MediaService.cs:line 72
   at RealityLens.Presentation.Controllers.MediaController.Upload(IFormFile file) in C:\Users\mustafa\Desktop\algı yönetimi\RealityLens\apps\api\src\RealityLens.Presentation\Controllers\MediaController.cs:line 82
   at Microsoft.AspNetCore.Mvc.Infrastructure.ActionMethodExecutor.TaskOfIActionResultExecutor.Execute(ActionContext actionContext, IActionResultTypeMapper mapper, ObjectMethodExecutor executor, Object controller, Object[] arguments)
   at Microsoft.AspNetCore.Mvc.Infrastructure.ControllerActionInvoker.<InvokeActionMethodAsync>g__Awaited|12_0(ControllerActionInvoker invoker, ValueTask`1 actionResultValueTask)
   at Microsoft.AspNetCore.Mvc.Infrastructure.ControllerActionInvoker.<InvokeNextActionFilterAsync>g__Awaited|10_0(ControllerActionInvoker invoker, Task lastTask, State next, Scope scope, Object state, Boolean isCompleted)
   at Microsoft.AspNetCore.Mvc.Infrastructure.ControllerActionInvoker.Rethrow(ActionExecutedContextSealed context)
   at Microsoft.AspNetCore.Mvc.Infrastructure.ControllerActionInvoker.Next(State& next, Scope& scope, Object& state, Boolean& isCompleted)
   at Microsoft.AspNetCore.Mvc.Infrastructure.ControllerActionInvoker.<InvokeInnerFilterAsync>g__Awaited|13_0(ControllerActionInvoker invoker, Task lastTask, State next, Scope scope, Object state, Boolean isCompleted)
   at Microsoft.AspNetCore.Mvc.Infrastructure.ResourceInvoker.<InvokeNextResourceFilter>g__Awaited|25_0(ResourceInvoker invoker, Task lastTask, State next, Scope scope, Object state, Boolean isCompleted)
   at Microsoft.AspNetCore.Mvc.Infrastructure.ResourceInvoker.Rethrow(ResourceExecutedContextSealed context)
   at Microsoft.AspNetCore.Mvc.Infrastructure.ResourceInvoker.Next(State& next, Scope& scope, Object& state, Boolean& isCompleted)
   at Microsoft.AspNetCore.Mvc.Infrastructure.ResourceInvoker.<InvokeFilterPipelineAsync>g__Awaited|20_0(ResourceInvoker invoker, Task lastTask, State next, Scope scope, Object state, Boolean isCompleted)
   at Microsoft.AspNetCore.Mvc.Infrastructure.ResourceInvoker.<InvokeAsync>g__Logged|17_1(ResourceInvoker invoker)
   at Microsoft.AspNetCore.Mvc.Infrastructure.ResourceInvoker.<InvokeAsync>g__Logged|17_1(ResourceInvoker invoker)
   at Microsoft.AspNetCore.Routing.EndpointMiddleware.<Invoke>g__AwaitRequestTask|7_0(Endpoint endpoint, Task requestTask, ILogger logger)
   at Microsoft.AspNetCore.Authorization.AuthorizationMiddleware.Invoke(HttpContext context)
   at Microsoft.AspNetCore.Authentication.AuthenticationMiddleware.Invoke(HttpContext context)
   at Serilog.AspNetCore.RequestLoggingMiddleware.Invoke(HttpContext httpContext)
2026-07-02 17:57:05.866 +03:00 [ERR] An unhandled exception occurred.
System.ArgumentException: Invalid file signature.
   at RealityLens.Infrastructure.Storage.FileValidator.Validate(Stream fileStream, String fileName, String contentType) in C:\Users\mustafa\Desktop\algı yönetimi\RealityLens\apps\api\src\RealityLens.Infrastructure\Storage\FileValidator.cs:line 38
   at RealityLens.Persistence.Services.MediaService.UploadAsync(UploadMediaRequest request) in C:\Users\mustafa\Desktop\algı yönetimi\RealityLens\apps\api\src\RealityLens.Persistence\Services\MediaService.cs:line 72
   at RealityLens.Presentation.Controllers.MediaController.Upload(IFormFile file) in C:\Users\mustafa\Desktop\algı yönetimi\RealityLens\apps\api\src\RealityLens.Presentation\Controllers\MediaController.cs:line 82
   at Microsoft.AspNetCore.Mvc.Infrastructure.ActionMethodExecutor.TaskOfIActionResultExecutor.Execute(ActionContext actionContext, IActionResultTypeMapper mapper, ObjectMethodExecutor executor, Object controller, Object[] arguments)
   at Microsoft.AspNetCore.Mvc.Infrastructure.ControllerActionInvoker.<InvokeActionMethodAsync>g__Awaited|12_0(ControllerActionInvoker invoker, ValueTask`1 actionResultValueTask)
   at Microsoft.AspNetCore.Mvc.Infrastructure.ControllerActionInvoker.<InvokeNextActionFilterAsync>g__Awaited|10_0(ControllerActionInvoker invoker, Task lastTask, State next, Scope scope, Object state, Boolean isCompleted)
   at Microsoft.AspNetCore.Mvc.Infrastructure.ControllerActionInvoker.Rethrow(ActionExecutedContextSealed context)
   at Microsoft.AspNetCore.Mvc.Infrastructure.ControllerActionInvoker.Next(State& next, Scope& scope, Object& state, Boolean& isCompleted)
   at Microsoft.AspNetCore.Mvc.Infrastructure.ControllerActionInvoker.<InvokeInnerFilterAsync>g__Awaited|13_0(ControllerActionInvoker invoker, Task lastTask, State next, Scope scope, Object state, Boolean isCompleted)
   at Microsoft.AspNetCore.Mvc.Infrastructure.ResourceInvoker.<InvokeNextResourceFilter>g__Awaited|25_0(ResourceInvoker invoker, Task lastTask, State next, Scope scope, Object state, Boolean isCompleted)
   at Microsoft.AspNetCore.Mvc.Infrastructure.ResourceInvoker.Rethrow(ResourceExecutedContextSealed context)
   at Microsoft.AspNetCore.Mvc.Infrastructure.ResourceInvoker.Next(State& next, Scope& scope, Object& state, Boolean& isCompleted)
   at Microsoft.AspNetCore.Mvc.Infrastructure.ResourceInvoker.<InvokeFilterPipelineAsync>g__Awaited|20_0(ResourceInvoker invoker, Task lastTask, State next, Scope scope, Object state, Boolean isCompleted)
   at Microsoft.AspNetCore.Mvc.Infrastructure.ResourceInvoker.<InvokeAsync>g__Logged|17_1(ResourceInvoker invoker)
   at Microsoft.AspNetCore.Mvc.Infrastructure.ResourceInvoker.<InvokeAsync>g__Logged|17_1(ResourceInvoker invoker)
   at Microsoft.AspNetCore.Routing.EndpointMiddleware.<Invoke>g__AwaitRequestTask|7_0(Endpoint endpoint, Task requestTask, ILogger logger)
   at Microsoft.AspNetCore.Authorization.AuthorizationMiddleware.Invoke(HttpContext context)
   at Microsoft.AspNetCore.Authentication.AuthenticationMiddleware.Invoke(HttpContext context)
   at Serilog.AspNetCore.RequestLoggingMiddleware.Invoke(HttpContext httpContext)
   at RealityLens.Presentation.Middleware.GlobalExceptionMiddleware.InvokeAsync(HttpContext context) in C:\Users\mustafa\Desktop\algı yönetimi\RealityLens\apps\api\src\RealityLens.Presentation\Middleware\GlobalExceptionMiddleware.cs:line 26
2026-07-02 17:57:05.878 +03:00 [INF] Request finished HTTP/1.1 POST http://localhost:5128/api/media/upload - 400 null application/json 153.6316ms
2026-07-02 18:00:37.527 +03:00 [INF] Request starting HTTP/1.1 POST http://localhost:5128/api/media/upload - multipart/form-data; boundary=------------------------SP2kXAE02FAO0TStBtXecZ 358
2026-07-02 18:00:37.532 +03:00 [INF] Authorization failed. These requirements were not met:
RolesAuthorizationRequirement:User.IsInRole must be true for one of the following roles: (Administrator)
2026-07-02 18:00:37.535 +03:00 [INF] AuthenticationScheme: Bearer was challenged.
2026-07-02 18:00:37.536 +03:00 [INF] HTTP POST /api/media/upload responded 401 in 6.9655 ms
2026-07-02 18:00:37.537 +03:00 [INF] Request finished HTTP/1.1 POST http://localhost:5128/api/media/upload - 401 0 null 9.554ms
2026-07-02 18:03:47.225 +03:00 [INF] Request starting HTTP/1.1 POST http://localhost:5128/api/auth/login - application/json 56
2026-07-02 18:03:47.227 +03:00 [INF] Executing endpoint 'RealityLens.Presentation.Controllers.AuthController.Login (RealityLens.Presentation)'
2026-07-02 18:03:47.228 +03:00 [INF] Route matched with {action = "Login", controller = "Auth"}. Executing controller action with signature System.Threading.Tasks.Task`1[Microsoft.AspNetCore.Mvc.IActionResult] Login(RealityLens.Application.DTOs.Auth.LoginRequest, System.Threading.CancellationToken) on controller RealityLens.Presentation.Controllers.AuthController (RealityLens.Presentation).
2026-07-02 18:03:47.437 +03:00 [INF] Executed DbCommand (6ms) [Parameters=[@__request_Email_0='?'], CommandType='"Text"', CommandTimeout='30']
SELECT u."Id", u."CreatedAt", u."Email", u."IsActive", u."PasswordHash", u."RoleId", u."UpdatedAt", r."Id", r."CreatedAt", r."Name", r."UpdatedAt"
FROM "Users" AS u
INNER JOIN "Roles" AS r ON u."RoleId" = r."Id"
WHERE u."Email" = @__request_Email_0
LIMIT 1
2026-07-02 18:03:47.440 +03:00 [INF] Executing UnauthorizedObjectResult, writing value of type '<>f__AnonymousType1`1[[System.String, System.Private.CoreLib, Version=9.0.0.0, Culture=neutral, PublicKeyToken=7cec85d7bea7798e]]'.
2026-07-02 18:03:47.442 +03:00 [INF] Executed action RealityLens.Presentation.Controllers.AuthController.Login (RealityLens.Presentation) in 212.7964ms
2026-07-02 18:03:47.443 +03:00 [INF] Executed endpoint 'RealityLens.Presentation.Controllers.AuthController.Login (RealityLens.Presentation)'
2026-07-02 18:03:47.444 +03:00 [INF] HTTP POST /api/auth/login responded 401 in 217.0199 ms
2026-07-02 18:03:47.445 +03:00 [INF] Request finished HTTP/1.1 POST http://localhost:5128/api/auth/login - 401 null application/json; charset=utf-8 219.9361ms
2026-07-02 18:09:04.997 +03:00 [INF] Request starting HTTP/1.1 POST http://localhost:5128/api/media/upload - multipart/form-data; boundary=bc751e8e361e651e133d46556dbc8cc1 318
2026-07-02 18:09:05.001 +03:00 [INF] Authorization failed. These requirements were not met:
RolesAuthorizationRequirement:User.IsInRole must be true for one of the following roles: (Administrator)
2026-07-02 18:09:05.002 +03:00 [INF] AuthenticationScheme: Bearer was challenged.
2026-07-02 18:09:05.002 +03:00 [INF] HTTP POST /api/media/upload responded 401 in 4.0031 ms
2026-07-02 18:09:05.003 +03:00 [INF] Request finished HTTP/1.1 POST http://localhost:5128/api/media/upload - 401 0 null 6.5054ms
2026-07-02 18:18:35.813 +03:00 [INF] User profile is available. Using 'C:\Users\mustafa\AppData\Local\ASP.NET\DataProtection-Keys' as key repository and Windows DPAPI to encrypt keys at rest.
2026-07-02 18:18:35.897 +03:00 [INF] Now listening on: http://localhost:5128
2026-07-02 18:18:35.899 +03:00 [INF] Application started. Press Ctrl+C to shut down.
2026-07-02 18:18:35.899 +03:00 [INF] Hosting environment: Development
2026-07-02 18:18:35.899 +03:00 [INF] Content root path: C:\Users\mustafa\Desktop\algı yönetimi\RealityLens\apps\api\src\RealityLens.Presentation
2026-07-02 18:18:53.869 +03:00 [INF] Request starting HTTP/1.1 POST http://localhost:5128/api/auth/login - application/json 53
2026-07-02 18:18:53.933 +03:00 [WRN] Failed to determine the https port for redirect.
2026-07-02 18:18:53.952 +03:00 [INF] Executing endpoint 'RealityLens.Presentation.Controllers.AuthController.Login (RealityLens.Presentation)'
2026-07-02 18:18:53.967 +03:00 [INF] Route matched with {action = "Login", controller = "Auth"}. Executing controller action with signature System.Threading.Tasks.Task`1[Microsoft.AspNetCore.Mvc.IActionResult] Login(RealityLens.Application.DTOs.Auth.LoginRequest, System.Threading.CancellationToken) on controller RealityLens.Presentation.Controllers.AuthController (RealityLens.Presentation).
2026-07-02 18:18:54.106 +03:00 [INF] Executing BadRequestObjectResult, writing value of type 'System.Linq.Enumerable+ListSelectIterator`2[[FluentValidation.Results.ValidationFailure, FluentValidation, Version=12.0.0.0, Culture=neutral, PublicKeyToken=7de548da2fbae0f0],[<>f__AnonymousType4`2[[System.String, System.Private.CoreLib, Version=9.0.0.0, Culture=neutral, PublicKeyToken=7cec85d7bea7798e],[System.String, System.Private.CoreLib, Version=9.0.0.0, Culture=neutral, PublicKeyToken=7cec85d7bea7798e]], RealityLens.Presentation, Version=1.0.0.0, Culture=neutral, PublicKeyToken=null]]'.
2026-07-02 18:18:54.121 +03:00 [INF] Executed action RealityLens.Presentation.Controllers.AuthController.Login (RealityLens.Presentation) in 153.0523ms
2026-07-02 18:18:54.129 +03:00 [INF] Executed endpoint 'RealityLens.Presentation.Controllers.AuthController.Login (RealityLens.Presentation)'
2026-07-02 18:18:54.131 +03:00 [INF] HTTP POST /api/auth/login responded 400 in 197.7727 ms
2026-07-02 18:18:54.134 +03:00 [INF] Request finished HTTP/1.1 POST http://localhost:5128/api/auth/login - 400 null application/json; charset=utf-8 272.4081ms
2026-07-02 18:19:30.408 +03:00 [INF] Request starting HTTP/1.1 POST http://localhost:5128/api/auth/login - application/json 53
2026-07-02 18:19:30.412 +03:00 [INF] Executing endpoint 'RealityLens.Presentation.Controllers.AuthController.Login (RealityLens.Presentation)'
2026-07-02 18:19:30.412 +03:00 [INF] Route matched with {action = "Login", controller = "Auth"}. Executing controller action with signature System.Threading.Tasks.Task`1[Microsoft.AspNetCore.Mvc.IActionResult] Login(RealityLens.Application.DTOs.Auth.LoginRequest, System.Threading.CancellationToken) on controller RealityLens.Presentation.Controllers.AuthController (RealityLens.Presentation).
2026-07-02 18:19:30.419 +03:00 [INF] Executing BadRequestObjectResult, writing value of type 'System.Linq.Enumerable+ListSelectIterator`2[[FluentValidation.Results.ValidationFailure, FluentValidation, Version=12.0.0.0, Culture=neutral, PublicKeyToken=7de548da2fbae0f0],[<>f__AnonymousType4`2[[System.String, System.Private.CoreLib, Version=9.0.0.0, Culture=neutral, PublicKeyToken=7cec85d7bea7798e],[System.String, System.Private.CoreLib, Version=9.0.0.0, Culture=neutral, PublicKeyToken=7cec85d7bea7798e]], RealityLens.Presentation, Version=1.0.0.0, Culture=neutral, PublicKeyToken=null]]'.
2026-07-02 18:19:30.420 +03:00 [INF] Executed action RealityLens.Presentation.Controllers.AuthController.Login (RealityLens.Presentation) in 7.4997ms
2026-07-02 18:19:30.420 +03:00 [INF] Executed endpoint 'RealityLens.Presentation.Controllers.AuthController.Login (RealityLens.Presentation)'
2026-07-02 18:19:30.420 +03:00 [INF] HTTP POST /api/auth/login responded 400 in 8.8714 ms
2026-07-02 18:19:30.420 +03:00 [INF] Request finished HTTP/1.1 POST http://localhost:5128/api/auth/login - 400 null application/json; charset=utf-8 12.5504ms
2026-07-02 18:20:36.247 +03:00 [INF] Request starting HTTP/1.1 POST http://localhost:5128/api/auth/login - application/json 61
2026-07-02 18:20:36.249 +03:00 [INF] Executing endpoint 'RealityLens.Presentation.Controllers.AuthController.Login (RealityLens.Presentation)'
2026-07-02 18:20:36.249 +03:00 [INF] Route matched with {action = "Login", controller = "Auth"}. Executing controller action with signature System.Threading.Tasks.Task`1[Microsoft.AspNetCore.Mvc.IActionResult] Login(RealityLens.Application.DTOs.Auth.LoginRequest, System.Threading.CancellationToken) on controller RealityLens.Presentation.Controllers.AuthController (RealityLens.Presentation).
2026-07-02 18:20:37.210 +03:00 [INF] Executed DbCommand (35ms) [Parameters=[@__request_Email_0='?'], CommandType='"Text"', CommandTimeout='30']
SELECT u."Id", u."CreatedAt", u."Email", u."IsActive", u."PasswordHash", u."RoleId", u."UpdatedAt", r."Id", r."CreatedAt", r."Name", r."UpdatedAt"
FROM "Users" AS u
INNER JOIN "Roles" AS r ON u."RoleId" = r."Id"
WHERE u."Email" = @__request_Email_0
LIMIT 1
2026-07-02 18:20:37.225 +03:00 [INF] Executing UnauthorizedObjectResult, writing value of type '<>f__AnonymousType1`1[[System.String, System.Private.CoreLib, Version=9.0.0.0, Culture=neutral, PublicKeyToken=7cec85d7bea7798e]]'.
2026-07-02 18:20:37.229 +03:00 [INF] Executed action RealityLens.Presentation.Controllers.AuthController.Login (RealityLens.Presentation) in 979.0987ms
2026-07-02 18:20:37.229 +03:00 [INF] Executed endpoint 'RealityLens.Presentation.Controllers.AuthController.Login (RealityLens.Presentation)'
2026-07-02 18:20:37.229 +03:00 [INF] HTTP POST /api/auth/login responded 401 in 981.6341 ms
2026-07-02 18:20:37.234 +03:00 [INF] Request finished HTTP/1.1 POST http://localhost:5128/api/auth/login - 401 null application/json; charset=utf-8 987.139ms
