2026-07-08 14:03:41.433 +03:00 [INF] User profile is available. Using 'C:\Users\mustafa\AppData\Local\ASP.NET\DataProtection-Keys' as key repository and Windows DPAPI to encrypt keys at rest.
2026-07-08 14:03:41.592 +03:00 [INF] Now listening on: http://localhost:5128
2026-07-08 14:03:41.595 +03:00 [INF] Application started. Press Ctrl+C to shut down.
2026-07-08 14:03:41.597 +03:00 [INF] Hosting environment: Development
2026-07-08 14:03:41.597 +03:00 [INF] Content root path: C:\Users\mustafa\Desktop\algı yönetimi\RealityLens\apps\api\src\RealityLens.Presentation
2026-07-08 22:19:01.277 +03:00 [INF] User profile is available. Using 'C:\Users\mustafa\AppData\Local\ASP.NET\DataProtection-Keys' as key repository and Windows DPAPI to encrypt keys at rest.
2026-07-08 22:19:01.359 +03:00 [INF] Now listening on: http://localhost:5128
2026-07-08 22:19:01.361 +03:00 [INF] Application started. Press Ctrl+C to shut down.
2026-07-08 22:19:01.361 +03:00 [INF] Hosting environment: Development
2026-07-08 22:19:01.362 +03:00 [INF] Content root path: C:\Users\mustafa\Desktop\algı yönetimi\RealityLens\apps\api\src\RealityLens.Presentation
2026-07-08 22:20:04.844 +03:00 [INF] Request starting HTTP/1.1 GET http://localhost:5128/api/v1/training-packs?teacherId=55555555-5555-5555-5555-555555555555&page=1&pageSize=20 - null null
2026-07-08 22:20:04.920 +03:00 [WRN] Failed to determine the https port for redirect.
2026-07-08 22:20:04.922 +03:00 [INF] CORS policy execution successful.
2026-07-08 22:20:04.949 +03:00 [INF] Executing endpoint 'RealityLens.Presentation.Controllers.v1.TrainingPackController.GetMyPacks (RealityLens.Presentation)'
2026-07-08 22:20:04.976 +03:00 [INF] Route matched with {action = "GetMyPacks", controller = "TrainingPack"}. Executing controller action with signature System.Threading.Tasks.Task`1[Microsoft.AspNetCore.Mvc.ActionResult`1[System.Collections.Generic.IEnumerable`1[RealityLens.Application.CQRS.Queries.TrainingPacks.TrainingPackDto]]] GetMyPacks(System.Guid, System.Threading.CancellationToken) on controller RealityLens.Presentation.Controllers.v1.TrainingPackController (RealityLens.Presentation).
2026-07-08 22:20:07.497 +03:00 [INF] Executed DbCommand (63ms) [Parameters=[@__query_TeacherId_0='?' (DbType = Guid)], CommandType='"Text"', CommandTimeout='30']
SELECT t."Id", t."Title", t."Status", t."EstimatedDuration", (
    SELECT count(*)::int
    FROM "TrainingItems" AS t0
    WHERE NOT (t0."IsDeleted") AND t."Id" = t0."TrainingPackId"), t."Version"
FROM "TrainingPacks" AS t
WHERE NOT (t."IsDeleted") AND t."TeacherId" = @__query_TeacherId_0
2026-07-08 22:20:07.530 +03:00 [INF] Executing OkObjectResult, writing value of type 'System.Collections.Generic.List`1[[RealityLens.Application.CQRS.Queries.TrainingPacks.TrainingPackDto, RealityLens.Application, Version=1.0.0.0, Culture=neutral, PublicKeyToken=null]]'.
2026-07-08 22:20:07.596 +03:00 [INF] Executed action RealityLens.Presentation.Controllers.v1.TrainingPackController.GetMyPacks (RealityLens.Presentation) in 2616.9736ms
2026-07-08 22:20:07.602 +03:00 [INF] Executed endpoint 'RealityLens.Presentation.Controllers.v1.TrainingPackController.GetMyPacks (RealityLens.Presentation)'
2026-07-08 22:20:07.615 +03:00 [INF] Request finished HTTP/1.1 GET http://localhost:5128/api/v1/training-packs?teacherId=55555555-5555-5555-5555-555555555555&page=1&pageSize=20 - 200 null application/json; charset=utf-8 2772.2343ms
2026-07-08 23:00:03.810 +03:00 [INF] Application is shutting down...
